0.000026 main                        (2): ALWAYS INCLUDE THE FOLLOWING LINES WHEN SENDING DEBUG MESSAGES TO THE MAILING LIST:
0.000111 main                        (2): gphoto2 2.5.28.1
0.000119 main                        (2): gphoto2 has been compiled with the following options:
0.000125 main                        (2):  + gcc (C compiler used)
0.000130 main                        (2):  + popt (mandatory, for handling command-line parameters)
0.000134 main                        (2):  + exif (for displaying EXIF information)
0.000139 main                        (2):  + cdk (for accessing configuration options)
0.000143 main                        (2):  + aa (for displaying live previews)
0.000147 main                        (2):  + jpeg (for displaying live previews in JPEG format)
0.000151 main                        (2):  + readline (for easy navigation in the shell)
0.000157 main                        (2): libgphoto2 2.5.31.1
0.000162 main                        (2): libgphoto2 has been compiled with the following options:
0.000168 main                        (2):  + standard camlib set (ax203 canon digigr8 dimagev directory docupen jl2005a jl2005c kodak_dc240 lumix mars pentax ptp2 quicktake1x0 ricoh_g3 sierra sonix sq905 st2205 topfield tp6801)
0.000173 main                        (2):  + gcc (C compiler used)
0.000177 main                        (2):  + no ltdl (for portable loading of camlibs)
0.000181 main                        (2):  + EXIF (for special handling of EXIF files)
0.000187 main                        (2): libgphoto2_port 0.12.2
0.000192 main                        (2): libgphoto2_port has been compiled with the following options:
0.000197 main                        (2):  + iolibs: disk ptpip serial usb1 usbdiskdirect usbscsi
0.000201 main                        (2):  + gcc (C compiler used)
0.000205 main                        (2):  + no ltdl (for portable loading of iolibs)
0.000209 main                        (2):  + EXIF (for vusb)
0.000213 main                        (2):  + USB (libusb1, for USB cameras)
0.000217 main                        (2):  + serial (for serial cameras)
0.000221 main                        (2):  + no resmgr (serial port access and locking)
0.000225 main                        (2):  + no ttylock (serial port locking)
0.000229 main                        (2):  + no lockdev (serial port locking)
0.000234 main                        (2): CAMLIBS env var not set, using compile-time default instead
0.000239 main                        (2): IOLIBS env var not set, using compile-time default instead
0.000243 main                        (2): invoked with following arguments:
0.000247 main                        (2):   --debug-logfile=summary_logfile.log
0.000251 main                        (2):   --debug
0.000255 main                        (2):   --summary
0.000286 load_settings               (2): Creating gphoto config directory ('/root/.gphoto')
0.000356 load_settings               (2): Loading settings from file '/root/.gphoto/settings'.
0.000597 main                        (2): The user has not specified both a model and a port. Try to figure them out.
0.000610 gp_port_init_localedir      (2): localedir has been set to /usr/local/share/locale (compile-time default)
0.000619 gp_port_info_list_load      (2): Using ltdl to load io-drivers from '/usr/local/lib/libgphoto2_port/0.12.2'...
0.000759 foreach_func                (2): Called for filename '/usr/local/lib/libgphoto2_port/0.12.2/disk'.
0.001029 gp_port_library_list        (2): found fstab fstype proc
0.001044 gp_port_library_list        (2): found fstab fstype vfat
0.001056 gp_port_library_list        (2): found fstab fstype ext4
0.001075 gp_port_library_list        (2): found fstab fstype tmpfs
0.001209 gp_port_library_list        (2): found mtab fstype sysfs
0.001220 gp_port_library_list        (2): found mtab fstype proc
0.001228 gp_port_library_list        (2): found mtab fstype devtmpfs
0.001250 gp_port_library_list        (2): found mtab fstype devpts
0.001259 gp_port_library_list        (2): found mtab fstype tmpfs
0.001297 gp_port_library_list        (2): found mtab fstype ext4
0.001313 gp_port_library_list        (2): found mtab fstype securityfs
0.001322 gp_port_library_list        (2): found mtab fstype tmpfs
0.001342 gp_port_library_list        (2): found mtab fstype tmpfs
0.001363 gp_port_library_list        (2): found mtab fstype cgroup2
0.001371 gp_port_library_list        (2): found mtab fstype pstore
0.001400 gp_port_library_list        (2): found mtab fstype bpf
0.001424 gp_port_library_list        (2): found mtab fstype autofs
0.001433 gp_port_library_list        (2): found mtab fstype mqueue
0.001481 gp_port_library_list        (2): found mtab fstype debugfs
0.001508 gp_port_library_list        (2): found mtab fstype tracefs
0.001529 gp_port_library_list        (2): found mtab fstype fusectl
0.001537 gp_port_library_list        (2): found mtab fstype configfs
0.001563 gp_port_library_list        (2): found mtab fstype ramfs
0.001587 gp_port_library_list        (2): found mtab fstype ramfs
0.001608 gp_port_library_list        (2): found mtab fstype ramfs
0.001628 gp_port_library_list        (2): found mtab fstype tmpfs
0.001648 gp_port_library_list        (2): found mtab fstype vfat
0.001658 gp_port_library_list        (2): found mtab fstype ramfs
0.001679 gp_port_library_list        (2): found mtab fstype binfmt_misc
0.001712 gp_port_library_list        (2): found mtab fstype tmpfs
0.001793 foreach_func                (2): Loaded '' ('^disk:') from '/usr/local/lib/libgphoto2_port/0.12.2/disk'.
0.001801 foreach_func                (2): Called for filename '/usr/local/lib/libgphoto2_port/0.12.2/ptpip'.
0.001983 foreach_func                (2): Loaded 'PTP/IP Connection' ('ptpip:') from '/usr/local/lib/libgphoto2_port/0.12.2/ptpip'.
0.001992 foreach_func                (2): Loaded '' ('^ptpip:') from '/usr/local/lib/libgphoto2_port/0.12.2/ptpip'.
0.001998 foreach_func                (2): Loaded 'IP Connection' ('ip:') from '/usr/local/lib/libgphoto2_port/0.12.2/ptpip'.
0.002003 foreach_func                (2): Loaded '' ('^ip:') from '/usr/local/lib/libgphoto2_port/0.12.2/ptpip'.
0.002008 foreach_func                (2): Called for filename '/usr/local/lib/libgphoto2_port/0.12.2/serial'.
0.002312 foreach_func                (2): Loaded 'Serial Port 0' ('serial:/dev/ttyS0') from '/usr/local/lib/libgphoto2_port/0.12.2/serial'.
0.002321 foreach_func                (2): Loaded 'Serial Port Device' ('serial:') from '/usr/local/lib/libgphoto2_port/0.12.2/serial'.
0.002326 foreach_func                (2): Loaded '' ('^serial:') from '/usr/local/lib/libgphoto2_port/0.12.2/serial'.
0.002332 foreach_func                (2): Called for filename '/usr/local/lib/libgphoto2_port/0.12.2/usb1'.
0.010205 foreach_func                (2): Loaded '' ('^usb:') from '/usr/local/lib/libgphoto2_port/0.12.2/usb1'.
0.010249 foreach_func                (2): Loaded 'Universal Serial Bus' ('usb:002,002') from '/usr/local/lib/libgphoto2_port/0.12.2/usb1'.
0.010258 foreach_func                (2): Called for filename '/usr/local/lib/libgphoto2_port/0.12.2/usbdiskdirect'.
0.010605 foreach_func                (2): Called for filename '/usr/local/lib/libgphoto2_port/0.12.2/usbscsi'.
0.010820 gp_port_info_list_count     (2): Counting entries (10 available)...
0.010829 gp_port_info_list_count     (2): 5 regular entries available.
0.010843 gp_port_init_localedir      (2): ignoring late call (localedir value NULL)
0.010854 gp_init_localedir           (2): localedir has been set to /usr/local/share/locale (compile-time default)
0.010871 unlocked_gp_abilities_list_load_dir(2): Using ltdl to load camera libraries from '/usr/local/lib/libgphoto2/2.5.31.1'...
0.011036 foreach_func                (2): Found '/usr/local/lib/libgphoto2/2.5.31.1/ax203'.
0.011048 foreach_func                (2): Found '/usr/local/lib/libgphoto2/2.5.31.1/canon'.
0.011054 foreach_func                (2): Found '/usr/local/lib/libgphoto2/2.5.31.1/digigr8'.
0.011059 foreach_func                (2): Found '/usr/local/lib/libgphoto2/2.5.31.1/dimagev'.
0.011064 foreach_func                (2): Found '/usr/local/lib/libgphoto2/2.5.31.1/directory'.
0.011087 foreach_func                (2): Found '/usr/local/lib/libgphoto2/2.5.31.1/docupen'.
0.011093 foreach_func                (2): Found '/usr/local/lib/libgphoto2/2.5.31.1/jl2005a'.
0.011098 foreach_func                (2): Found '/usr/local/lib/libgphoto2/2.5.31.1/jl2005c'.
0.011103 foreach_func                (2): Found '/usr/local/lib/libgphoto2/2.5.31.1/kodak_dc240'.
0.011108 foreach_func                (2): Found '/usr/local/lib/libgphoto2/2.5.31.1/lumix'.
0.011112 foreach_func                (2): Found '/usr/local/lib/libgphoto2/2.5.31.1/mars'.
0.011117 foreach_func                (2): Found '/usr/local/lib/libgphoto2/2.5.31.1/pentax'.
0.011122 foreach_func                (2): Found '/usr/local/lib/libgphoto2/2.5.31.1/ptp2'.
0.011127 foreach_func                (2): Found '/usr/local/lib/libgphoto2/2.5.31.1/quicktake1x0'.
0.011131 foreach_func                (2): Found '/usr/local/lib/libgphoto2/2.5.31.1/ricoh_g3'.
0.011136 foreach_func                (2): Found '/usr/local/lib/libgphoto2/2.5.31.1/sierra'.
0.011141 foreach_func                (2): Found '/usr/local/lib/libgphoto2/2.5.31.1/sonix'.
0.011146 foreach_func                (2): Found '/usr/local/lib/libgphoto2/2.5.31.1/sq905'.
0.011150 foreach_func                (2): Found '/usr/local/lib/libgphoto2/2.5.31.1/st2205'.
0.011155 foreach_func                (2): Found '/usr/local/lib/libgphoto2/2.5.31.1/topfield'.
0.011160 foreach_func                (2): Found '/usr/local/lib/libgphoto2/2.5.31.1/tp6801'.
0.011172 unlocked_gp_abilities_list_load_dir(2): Found 21 camera drivers.
0.123070 gp_port_info_list_count     (2): Counting entries (10 available)...
0.123146 gp_port_info_list_count     (2): 5 regular entries available.
0.123153 gp_port_new                 (2): Creating new device...
0.123171 gp_port_info_list_get_info  (2): Getting info of entry 0 (10 available)...
0.124010 gp_port_set_settings        (2): Setting settings...
0.124044 gp_port_info_list_get_info  (2): Getting info of entry 1 (10 available)...
0.124262 gp_port_set_settings        (2): Setting settings...
0.124271 gp_port_info_list_get_info  (2): Getting info of entry 2 (10 available)...
0.124451 gp_port_set_timeout         (2): Setting port timeout to 500 milliseconds.
0.124459 gp_port_set_settings        (2): Setting settings...
0.124467 gp_port_info_list_get_info  (2): Getting info of entry 3 (10 available)...
0.124619 gp_port_set_timeout         (2): Setting port timeout to 500 milliseconds.
0.124627 gp_port_set_settings        (2): Setting settings...
0.124633 gp_port_info_list_get_info  (2): Getting info of entry 4 (10 available)...
0.132216 gp_port_set_timeout         (2): Setting port timeout to 5000 milliseconds.
0.132260 gp_port_set_settings        (2): Setting settings...
0.132272 gp_libusb1_update           (2): (old int=0, conf=-1, alt=-1) port usb:002,002, (new int=0, conf=-1, alt=-1) port usb:002,002
0.132278 gp_libusb1_update           (2): lowlevel libusb1 port not yet opened, no need for libusb changes
0.132285 gp_abilities_list_detect_usb(2): Auto-detecting USB cameras...
0.134644 gp_libusb1_find_device_by_class_lib(2): Looking for USB device (class 0x29a, subclass, 0xffffffff, protocol 0xffffffff)...
0.136428 gp_libusb1_find_device_by_class_lib(2): Looking for USB device (class 0x6, subclass, 0x1, protocol 0x1)...
0.136475 gp_libusb1_find_device_by_class_lib(2): Found USB class device (class 0x6, subclass, 0x1, protocol 0x1)
0.136491 gp_libusb1_find_device_by_class_lib(2): inep to look for is 81
0.136501 gp_libusb1_find_device_by_class_lib(2): Detected defaults: config 1, interface 0, altsetting 0, idVendor ID 04a9, idProduct 3314, inep 81, outep 02, intep 83
0.136508 gp_abilities_list_detect_usb(2): Found 'USB PTP Class Camera' (0x6,0x1,0x1)
0.136562 gp_port_free                (2): Freeing port...
0.136569 gp_port_close               (2): Closing port...
0.137068 gp_camera_set_abilities     (2): Setting abilities ('USB PTP Class Camera')...
0.137094 gp_setting_set              (2): Setting key 'model' to value 'USB PTP Class Camera' (gphoto2)
0.137127 save_settings               (2): Saving 3 setting(s) to file "/root/.gphoto/settings"
0.137448 gp_port_info_list_lookup_path(2): Looking for path 'usb:002,002' (10 entries available)...
0.137462 gp_port_info_list_get_info  (2): Getting info of entry 4 (10 available)...
0.137472 gp_camera_set_port_info     (2): Setting port info for port 'Universal Serial Bus' at 'usb:002,002'...
0.144977 gp_port_set_timeout         (2): Setting port timeout to 5000 milliseconds.
0.145016 gp_port_set_settings        (2): Setting settings...
0.145028 gp_libusb1_update           (2): (old int=0, conf=-1, alt=-1) port usb:002,002, (new int=0, conf=-1, alt=-1) port usb:002,002
0.145034 gp_libusb1_update           (2): lowlevel libusb1 port not yet opened, no need for libusb changes
0.145043 gp_setting_set              (2): Setting key 'port' to value 'usb:002,002' (gphoto2)
0.145052 save_settings               (2): Saving 3 setting(s) to file "/root/.gphoto/settings"
0.145378 gp_camera_init              (2): Initializing camera...
0.145431 gp_port_set_error [gphoto2-port.c:1191](0): The supplied vendor or product id (0x0,0x0) is not valid.
0.145475 gp_libusb1_find_device_by_class_lib(2): Looking for USB device (class 0x6, subclass, 0x1, protocol 0x1)...
0.145495 gp_libusb1_find_device_by_class_lib(2): Found USB class device (class 0x6, subclass, 0x1, protocol 0x1)
0.145509 gp_libusb1_find_device_by_class_lib(2): inep to look for is 81
0.145518 gp_libusb1_find_device_by_class_lib(2): Detected defaults: config 1, interface 0, altsetting 0, idVendor ID 04a9, idProduct 3314, inep 81, outep 02, intep 83
0.145524 gp_camera_init              (2): Loading '/usr/local/lib/libgphoto2/2.5.31.1/ptp2'...
0.147583 gp_port_open                (2): Opening USB port...
0.147630 gp_libusb1_open             (2): ()
0.147709 gp_libusb1_open             (2): claiming interface 0
0.147991 camera_init                 (2): maxpacketsize 1024
0.148020 gp_port_set_timeout         (2): Setting port timeout to 8000 milliseconds.
0.148046 ptp                         (2): PTP: Opening session
0.148060 ptp_usb_sendreq             (2): Sending PTP_OC 0x1002 (Open session) (0x1) request...
0.148068 gp_port_write               (3): Writing 16 = 0x10 bytes to port...
0.148275 gp_port_write               (3): Wrote   16 = 0x10 bytes to port: (hexdump of 16 bytes)
0000  10 00 00 00 01 00 02 10-00 00 00 00 01 00 00 00  ................

0.148297 ptp_usb_getresp             (2): Reading PTP_OC 0x1002 (Open session) response...
0.148305 gp_port_read                (3): Reading 1024 = 0x400 bytes from port...
0.151013 gp_port_read                (3): Read    12 = 0xc out of 1024 bytes from port: (hexdump of 12 bytes)
0000  0c 00 00 00 03 00 01 20-00 00 00 00              ....... ....    

0.151021 gp_port_set_timeout         (2): Setting port timeout to 20000 milliseconds.
0.151031 ptp_usb_sendreq             (2): Sending PTP_OC 0x1001 (Get device info) request...
0.151036 gp_port_write               (3): Writing 12 = 0xc bytes to port...
0.151142 gp_port_write               (3): Wrote   12 = 0xc bytes to port: (hexdump of 12 bytes)
0000  0c 00 00 00 01 00 01 10-01 00 00 00              ............    

0.151151 ptp_usb_getdata             (2): Reading PTP_OC 0x1001 (Get device info) data...
0.151157 gp_port_read                (3): Reading 1024 = 0x400 bytes from port...
0.152098 gp_port_read                (3): Read    579 = 0x243 out of 1024 bytes from port: (hexdump of 579 bytes)
0000  43 02 00 00 02 00 01 10-01 00 00 00 64 00 06 00  C...........d...
0010  00 00 64 00 00 00 00 9e-00 00 00 02 10 03 10 01  ..d.............
0020  10 04 10 01 91 05 10 02-91 06 10 07 10 08 10 03  ................
0030  91 70 91 09 10 04 91 71-91 0a 10 0f 10 06 91 14  .p.....q........
0040  10 16 10 1b 10 0c 10 0d-10 07 91 72 91 2c 91 74  ...........r.,.t
0050  91 14 91 15 91 16 91 17-91 09 91 7a 91 0a 91 32  ...........z...2
0060  91 33 90 6a 90 6b 90 1a-91 1d 91 1e 91 1f 91 31  .3.j.k.........1
0070  91 33 91 34 91 35 91 3c-91 3e 91 3f 91 40 91 54  .3.4.5.<.>.?.@.T
0080  91 55 91 57 91 58 91 59-91 5a 91 5b 91 60 91 6d  .U.W.X.Y.Z.[.`.m
0090  90 87 90 89 90 7b 91 7c-91 7d 91 08 91 10 91 30  .....{.|.}.....0
00a0  91 3d 91 5c 91 5d 91 1b-91 1c 91 53 91 28 91 29  .=.\.].....S.(.)
00b0  91 2f 90 0c 91 f0 91 27-91 f1 91 e1 91 e3 91 e7  ./.....'........
00c0  91 e8 91 e9 91 ec 91 44-91 45 91 d3 91 d4 91 36  .......D.E.....6
00d0  91 37 91 46 91 66 91 6b-91 6c 91 48 91 49 91 4a  .7.F.f.k.l.H.I.J
00e0  91 0f 91 4b 91 41 91 43-91 0b 10 05 91 39 91 3a  ...K.A.C.....9.:
00f0  91 3b 91 d8 91 d9 91 da-91 db 91 dc 91 dd 91 de  .;..............
0100  91 d5 91 b2 91 86 91 87-91 88 91 80 91 81 91 82  ................
0110  91 83 91 84 91 85 91 89-91 8a 91 38 91 18 91 4d  ...........8...M
0120  91 4f 91 50 91 6f 91 6e-91 77 91 8f 91 90 91 91  .O.P.o.n.w......
0130  91 ae 91 af 91 b9 91 ba-91 5e 91 5f 91 61 91 63  .........^._.a.c
0140  91 62 91 02 94 03 94 04-94 05 94 8c 91 50 90 51  .b...........P.Q
0150  90 5c 90 5d 90 60 90 13-00 00 00 81 c1 03 40 83  .\.].`........@.
0160  c1 84 c1 85 c1 86 c1 87-c1 88 c1 89 c1 8a c1 8b  ................
0170  c1 8d c1 8e c1 8f c1 90-c1 91 c1 a0 c1 a1 c1 09  ................
0180  40 05 00 00 00 02 d4 07-d4 06 d4 03 d3 01 50 05  @.............P.
0190  00 00 00 01 38 08 b1 0b-b1 82 b9 09 b1 0e 00 00  ....8...........
01a0  00 01 30 02 30 06 30 0a-30 08 30 01 38 03 b1 02  ..0.0.0.0.0.8...
01b0  bf 00 38 05 b1 82 b9 0a-b1 0b b1 09 b1 0a 43 00  ..8...........C.
01c0  61 00 6e 00 6f 00 6e 00-2e 00 49 00 6e 00 63 00  a.n.o.n...I.n.c.
01d0  00 00 0f 43 00 61 00 6e-00 6f 00 6e 00 20 00 45  ...C.a.n.o.n. .E
01e0  00 4f 00 53 00 20 00 52-00 35 00 6d 00 32 00 00  .O.S. .R.5.m.2..
01f0  00 08 33 00 2d 00 31 00-2e 00 30 00 2e 00 31 00  ..3.-.1...0...1.
0200  00 00 20 36 00 31 00 64-00 32 00 62 00 39 00 65  .. 6.1.d.2.b.9.e
0210  00 66 00 63 00 62 00 34-00 33 00 61 00 32 00 61  .f.c.b.4.3.a.2.a
0220  00 36 00 39 00 38 00 65-00 34 00 34 00 35 00 39  .6.9.8.e.4.4.5.9
0230  00 39 00 34 00 31 00 37-00 61 00 36 00 39 00 33  .9.4.1.7.a.6.9.3
0240  00 00 00               -                         ...             

0.152153 ptp_usb_getresp             (2): Reading PTP_OC 0x1001 (Get device info) response...
0.152160 gp_port_read                (3): Reading 1024 = 0x400 bytes from port...
0.152295 gp_port_read                (3): Read    12 = 0xc out of 1024 bytes from port: (hexdump of 12 bytes)
0000  0c 00 00 00 03 00 01 20-01 00 00 00              ....... ....    

0.152330 print_debug_deviceinfo      (2): Device info:
0.152336 print_debug_deviceinfo      (2): Manufacturer: Canon.Inc
0.152341 print_debug_deviceinfo      (2):   Model: Canon EOS R5m2
0.152345 print_debug_deviceinfo      (2):   device version: 3-1.0.1
0.152349 print_debug_deviceinfo      (2):   serial number: '61d2b9efcb43a2a698e44599417a693'
0.152354 print_debug_deviceinfo      (2): Vendor extension ID: 0x00000006
0.152358 print_debug_deviceinfo      (2): Vendor extension version: 100
0.152363 print_debug_deviceinfo      (2): Vendor extension description: 
0.152367 print_debug_deviceinfo      (2): Functional Mode: 0x0000
0.152371 print_debug_deviceinfo      (2): PTP Standard Version: 100
0.152375 print_debug_deviceinfo      (2): Supported operations:
0.152381 print_debug_deviceinfo      (2):   0x1002 (Open session)
0.152386 print_debug_deviceinfo      (2):   0x1003 (Close session)
0.152391 print_debug_deviceinfo      (2):   0x1001 (Get device info)
0.152396 print_debug_deviceinfo      (2):   0x1004 (Get storage IDs)
0.152402 print_debug_deviceinfo      (2):   0x9101 (Get secure time challenge)
0.152407 print_debug_deviceinfo      (2):   0x1005 (Get storage info)
0.152412 print_debug_deviceinfo      (2):   0x9102 (Get secure time response)
0.152417 print_debug_deviceinfo      (2):   0x1006 (Get number of objects)
0.152422 print_debug_deviceinfo      (2):   0x1007 (Get object handles)
0.152427 print_debug_deviceinfo      (2):   0x1008 (Get object info)
0.152432 print_debug_deviceinfo      (2):   0x9103 (Set license response)
0.152438 print_debug_deviceinfo      (2):   0x9170 (Open Media Session)
0.152443 print_debug_deviceinfo      (2):   0x1009 (Get object)
0.152456 print_debug_deviceinfo      (2):   0x9104 (Get sync list)
0.152462 print_debug_deviceinfo      (2):   0x9171 (Close Media Session)
0.152467 print_debug_deviceinfo      (2):   0x100a (Get thumbnail)
0.152472 print_debug_deviceinfo      (2):   0x100f (Format storage)
0.152478 print_debug_deviceinfo      (2):   0x9106 (Get meter challenge)
0.152483 print_debug_deviceinfo      (2):   0x1014 (Get device property description)
0.152488 print_debug_deviceinfo      (2):   0x1016 (Set device property value)
0.152493 print_debug_deviceinfo      (2):   0x101b (Get partial object)
0.152498 print_debug_deviceinfo      (2):   0x100c (Send object info)
0.152503 print_debug_deviceinfo      (2):   0x100d (Send object)
0.152508 print_debug_deviceinfo      (2):   0x9107 (Get meter response)
0.152513 print_debug_deviceinfo      (2):   0x9172 (Get Next Data Block)
0.152518 print_debug_deviceinfo      (2):   0x912c (Unknown PTP_OC)
0.152524 print_debug_deviceinfo      (2):   0x9174 (Unknown PTP_OC)
0.152529 print_debug_deviceinfo      (2):   0x9114 (Unknown PTP_OC)
0.152534 print_debug_deviceinfo      (2):   0x9115 (Unknown PTP_OC)
0.152539 print_debug_deviceinfo      (2):   0x9116 (Unknown PTP_OC)
0.152544 print_debug_deviceinfo      (2):   0x9117 (Unknown PTP_OC)
0.152549 print_debug_deviceinfo      (2):   0x9109 (Get license state)
0.152554 print_debug_deviceinfo      (2):   0x917a (Unknown PTP_OC)
0.152559 print_debug_deviceinfo      (2):   0x910a (Send WMDRM-PD Command)
0.152564 print_debug_deviceinfo      (2):   0x9132 (Unknown PTP_OC)
0.152569 print_debug_deviceinfo      (2):   0x9033 (Unknown PTP_OC)
0.152574 print_debug_deviceinfo      (2):   0x906a (Unknown PTP_OC)
0.152579 print_debug_deviceinfo      (2):   0x906b (Unknown PTP_OC)
0.152584 print_debug_deviceinfo      (2):   0x911a (Unknown PTP_OC)
0.152589 print_debug_deviceinfo      (2):   0x911d (Unknown PTP_OC)
0.152594 print_debug_deviceinfo      (2):   0x911e (Unknown PTP_OC)
0.152599 print_debug_deviceinfo      (2):   0x911f (Unknown PTP_OC)
0.152604 print_debug_deviceinfo      (2):   0x9131 (Unknown PTP_OC)
0.152609 print_debug_deviceinfo      (2):   0x9133 (Unknown PTP_OC)
0.152614 print_debug_deviceinfo      (2):   0x9134 (Unknown PTP_OC)
0.152619 print_debug_deviceinfo      (2):   0x9135 (Unknown PTP_OC)
0.152624 print_debug_deviceinfo      (2):   0x913c (Unknown PTP_OC)
0.152629 print_debug_deviceinfo      (2):   0x913e (Unknown PTP_OC)
0.152634 print_debug_deviceinfo      (2):   0x913f (Unknown PTP_OC)
0.152639 print_debug_deviceinfo      (2):   0x9140 (Unknown PTP_OC)
0.152644 print_debug_deviceinfo      (2):   0x9154 (Unknown PTP_OC)
0.152649 print_debug_deviceinfo      (2):   0x9155 (Unknown PTP_OC)
0.152654 print_debug_deviceinfo      (2):   0x9157 (Unknown PTP_OC)
0.152659 print_debug_deviceinfo      (2):   0x9158 (Unknown PTP_OC)
0.152664 print_debug_deviceinfo      (2):   0x9159 (Unknown PTP_OC)
0.152669 print_debug_deviceinfo      (2):   0x915a (Unknown PTP_OC)
0.152674 print_debug_deviceinfo      (2):   0x915b (Unknown PTP_OC)
0.152679 print_debug_deviceinfo      (2):   0x9160 (Unknown PTP_OC)
0.152684 print_debug_deviceinfo      (2):   0x906d (Unknown PTP_OC)
0.152689 print_debug_deviceinfo      (2):   0x9087 (Unknown PTP_OC)
0.152694 print_debug_deviceinfo      (2):   0x9089 (Unknown PTP_OC)
0.152699 print_debug_deviceinfo      (2):   0x917b (Unknown PTP_OC)
0.152704 print_debug_deviceinfo      (2):   0x917c (Unknown PTP_OC)
0.152709 print_debug_deviceinfo      (2):   0x917d (Unknown PTP_OC)
0.152714 print_debug_deviceinfo      (2):   0x9108 (Clean data store)
0.152719 print_debug_deviceinfo      (2):   0x9110 (Unknown PTP_OC)
0.152724 print_debug_deviceinfo      (2):   0x9130 (Unknown PTP_OC)
0.152729 print_debug_deviceinfo      (2):   0x913d (Unknown PTP_OC)
0.152734 print_debug_deviceinfo      (2):   0x915c (Unknown PTP_OC)
0.152739 print_debug_deviceinfo      (2):   0x915d (Unknown PTP_OC)
0.152744 print_debug_deviceinfo      (2):   0x911b (Unknown PTP_OC)
0.152749 print_debug_deviceinfo      (2):   0x911c (Unknown PTP_OC)
0.152760 print_debug_deviceinfo      (2):   0x9153 (Unknown PTP_OC)
0.152766 print_debug_deviceinfo      (2):   0x9128 (Unknown PTP_OC)
0.152771 print_debug_deviceinfo      (2):   0x9129 (Unknown PTP_OC)
0.152776 print_debug_deviceinfo      (2):   0x902f (Unknown PTP_OC)
0.152781 print_debug_deviceinfo      (2):   0x910c (Unknown PTP_OC)
0.152786 print_debug_deviceinfo      (2):   0x91f0 (Unknown PTP_OC)
0.152791 print_debug_deviceinfo      (2):   0x9127 (Unknown PTP_OC)
0.152796 print_debug_deviceinfo      (2):   0x91f1 (Unknown PTP_OC)
0.152801 print_debug_deviceinfo      (2):   0x91e1 (Unknown PTP_OC)
0.152806 print_debug_deviceinfo      (2):   0x91e3 (Unknown PTP_OC)
0.152811 print_debug_deviceinfo      (2):   0x91e7 (Unknown PTP_OC)
0.152816 print_debug_deviceinfo      (2):   0x91e8 (Unknown PTP_OC)
0.152821 print_debug_deviceinfo      (2):   0x91e9 (Unknown PTP_OC)
0.152826 print_debug_deviceinfo      (2):   0x91ec (Unknown PTP_OC)
0.152831 print_debug_deviceinfo      (2):   0x9144 (Unknown PTP_OC)
0.152836 print_debug_deviceinfo      (2):   0x9145 (Unknown PTP_OC)
0.152841 print_debug_deviceinfo      (2):   0x91d3 (Unknown PTP_OC)
0.152846 print_debug_deviceinfo      (2):   0x91d4 (Unknown PTP_OC)
0.152851 print_debug_deviceinfo      (2):   0x9136 (Unknown PTP_OC)
0.152856 print_debug_deviceinfo      (2):   0x9137 (Unknown PTP_OC)
0.152861 print_debug_deviceinfo      (2):   0x9146 (Unknown PTP_OC)
0.152866 print_debug_deviceinfo      (2):   0x9166 (Unknown PTP_OC)
0.152871 print_debug_deviceinfo      (2):   0x916b (Unknown PTP_OC)
0.152876 print_debug_deviceinfo      (2):   0x916c (Unknown PTP_OC)
0.152881 print_debug_deviceinfo      (2):   0x9148 (Unknown PTP_OC)
0.152886 print_debug_deviceinfo      (2):   0x9149 (Unknown PTP_OC)
0.152891 print_debug_deviceinfo      (2):   0x914a (Unknown PTP_OC)
0.152896 print_debug_deviceinfo      (2):   0x910f (Unknown PTP_OC)
0.152901 print_debug_deviceinfo      (2):   0x914b (Unknown PTP_OC)
0.152906 print_debug_deviceinfo      (2):   0x9141 (Unknown PTP_OC)
0.152911 print_debug_deviceinfo      (2):   0x9143 (Unknown PTP_OC)
0.152916 print_debug_deviceinfo      (2):   0x100b (Delete object)
0.152921 print_debug_deviceinfo      (2):   0x9105 (Send meter challenge query)
0.152926 print_debug_deviceinfo      (2):   0x9139 (Unknown PTP_OC)
0.152931 print_debug_deviceinfo      (2):   0x913a (Unknown PTP_OC)
0.152936 print_debug_deviceinfo      (2):   0x913b (Unknown PTP_OC)
0.152941 print_debug_deviceinfo      (2):   0x91d8 (Unknown PTP_OC)
0.152946 print_debug_deviceinfo      (2):   0x91d9 (Unknown PTP_OC)
0.152951 print_debug_deviceinfo      (2):   0x91da (Unknown PTP_OC)
0.152956 print_debug_deviceinfo      (2):   0x91db (Unknown PTP_OC)
0.152961 print_debug_deviceinfo      (2):   0x91dc (Unknown PTP_OC)
0.152966 print_debug_deviceinfo      (2):   0x91dd (Unknown PTP_OC)
0.152971 print_debug_deviceinfo      (2):   0x91de (Unknown PTP_OC)
0.152976 print_debug_deviceinfo      (2):   0x91d5 (Unknown PTP_OC)
0.152981 print_debug_deviceinfo      (2):   0x91b2 (Unknown PTP_OC)
0.152986 print_debug_deviceinfo      (2):   0x9186 (Unknown PTP_OC)
0.152991 print_debug_deviceinfo      (2):   0x9187 (Unknown PTP_OC)
0.152996 print_debug_deviceinfo      (2):   0x9188 (Unknown PTP_OC)
0.153001 print_debug_deviceinfo      (2):   0x9180 (Send Registration Request)
0.153006 print_debug_deviceinfo      (2):   0x9181 (Get Registration Response)
0.153011 print_debug_deviceinfo      (2):   0x9182 (Get Proximity Challenge)
0.153016 print_debug_deviceinfo      (2):   0x9183 (Send Proximity Response)
0.153021 print_debug_deviceinfo      (2):   0x9184 (Send WMDRM-ND License Request)
0.153026 print_debug_deviceinfo      (2):   0x9185 (Get WMDRM-ND License Response)
0.153031 print_debug_deviceinfo      (2):   0x9189 (Unknown PTP_OC)
0.153036 print_debug_deviceinfo      (2):   0x918a (Unknown PTP_OC)
0.153042 print_debug_deviceinfo      (2):   0x9138 (Unknown PTP_OC)
0.153047 print_debug_deviceinfo      (2):   0x9118 (Unknown PTP_OC)
0.153052 print_debug_deviceinfo      (2):   0x914d (Unknown PTP_OC)
0.153063 print_debug_deviceinfo      (2):   0x914f (Unknown PTP_OC)
0.153069 print_debug_deviceinfo      (2):   0x9150 (Unknown PTP_OC)
0.153074 print_debug_deviceinfo      (2):   0x916f (Unknown PTP_OC)
0.153079 print_debug_deviceinfo      (2):   0x916e (Unknown PTP_OC)
0.153084 print_debug_deviceinfo      (2):   0x9177 (Unknown PTP_OC)
0.153089 print_debug_deviceinfo      (2):   0x918f (Unknown PTP_OC)
0.153094 print_debug_deviceinfo      (2):   0x9190 (Unknown PTP_OC)
0.153099 print_debug_deviceinfo      (2):   0x9191 (Unknown PTP_OC)
0.153104 print_debug_deviceinfo      (2):   0x91ae (Unknown PTP_OC)
0.153109 print_debug_deviceinfo      (2):   0x91af (Unknown PTP_OC)
0.153114 print_debug_deviceinfo      (2):   0x91b9 (Unknown PTP_OC)
0.153119 print_debug_deviceinfo      (2):   0x91ba (Unknown PTP_OC)
0.153124 print_debug_deviceinfo      (2):   0x915e (Unknown PTP_OC)
0.153129 print_debug_deviceinfo      (2):   0x915f (Unknown PTP_OC)
0.153134 print_debug_deviceinfo      (2):   0x9161 (Unknown PTP_OC)
0.153139 print_debug_deviceinfo      (2):   0x9163 (Unknown PTP_OC)
0.153144 print_debug_deviceinfo      (2):   0x9162 (Unknown PTP_OC)
0.153149 print_debug_deviceinfo      (2):   0x9402 (Unknown PTP_OC)
0.153154 print_debug_deviceinfo      (2):   0x9403 (Unknown PTP_OC)
0.153159 print_debug_deviceinfo      (2):   0x9404 (Unknown PTP_OC)
0.153164 print_debug_deviceinfo      (2):   0x9405 (Unknown PTP_OC)
0.153169 print_debug_deviceinfo      (2):   0x918c (Unknown PTP_OC)
0.153174 print_debug_deviceinfo      (2):   0x9050 (Unknown PTP_OC)
0.153179 print_debug_deviceinfo      (2):   0x9051 (Unknown PTP_OC)
0.153184 print_debug_deviceinfo      (2):   0x905c (Unknown PTP_OC)
0.153189 print_debug_deviceinfo      (2):   0x905d (Unknown PTP_OC)
0.153194 print_debug_deviceinfo      (2):   0x9060 (Unknown PTP_OC)
0.153198 print_debug_deviceinfo      (2): Events Supported:
0.153203 print_debug_deviceinfo      (2):   0xc181 (Unknown Event)
0.153208 print_debug_deviceinfo      (2):   0x4003 (ObjectRemoved)
0.153212 print_debug_deviceinfo      (2):   0xc183 (Unknown Event)
0.153216 print_debug_deviceinfo      (2):   0xc184 (Unknown Event)
0.153221 print_debug_deviceinfo      (2):   0xc185 (Unknown Event)
0.153225 print_debug_deviceinfo      (2):   0xc186 (Unknown Event)
0.153229 print_debug_deviceinfo      (2):   0xc187 (Unknown Event)
0.153234 print_debug_deviceinfo      (2):   0xc188 (Unknown Event)
0.153238 print_debug_deviceinfo      (2):   0xc189 (Unknown Event)
0.153243 print_debug_deviceinfo      (2):   0xc18a (Unknown Event)
0.153247 print_debug_deviceinfo      (2):   0xc18b (Unknown Event)
0.153251 print_debug_deviceinfo      (2):   0xc18d (Unknown Event)
0.153256 print_debug_deviceinfo      (2):   0xc18e (Unknown Event)
0.153260 print_debug_deviceinfo      (2):   0xc18f (Unknown Event)
0.153265 print_debug_deviceinfo      (2):   0xc190 (Unknown Event)
0.153269 print_debug_deviceinfo      (2):   0xc191 (Unknown Event)
0.153273 print_debug_deviceinfo      (2):   0xc1a0 (Unknown Event)
0.153278 print_debug_deviceinfo      (2):   0xc1a1 (Unknown Event)
0.153282 print_debug_deviceinfo      (2):   0x4009 (RequestObjectTransfer)
0.153286 print_debug_deviceinfo      (2): Device Properties Supported:
0.153294 print_debug_deviceinfo      (2):   0xd402 (Friendly Device Name)
0.153301 print_debug_deviceinfo      (2):   0xd407 (Perceived Device Type)
0.153307 print_debug_deviceinfo      (2):   0xd406 (Session Initiator Info)
0.153313 print_debug_deviceinfo      (2):   0xd303 (Unknown DPC code)
0.153319 print_debug_deviceinfo      (2):   0x5001 (Battery Level)
0.153332 print_debug_deviceinfo      (2): Device info:
0.153337 print_debug_deviceinfo      (2): Manufacturer: Canon.Inc
0.153341 print_debug_deviceinfo      (2):   Model: Canon EOS R5m2
0.153345 print_debug_deviceinfo      (2):   device version: 3-1.0.1
0.153350 print_debug_deviceinfo      (2):   serial number: '61d2b9efcb43a2a698e44599417a693'
0.153354 print_debug_deviceinfo      (2): Vendor extension ID: 0x0000000b
0.153358 print_debug_deviceinfo      (2): Vendor extension version: 100
0.153369 print_debug_deviceinfo      (2): Vendor extension description: 
0.153374 print_debug_deviceinfo      (2): Functional Mode: 0x0000
0.153378 print_debug_deviceinfo      (2): PTP Standard Version: 100
0.153382 print_debug_deviceinfo      (2): Supported operations:
0.153388 print_debug_deviceinfo      (2):   0x1002 (Open session)
0.153393 print_debug_deviceinfo      (2):   0x1003 (Close session)
0.153398 print_debug_deviceinfo      (2):   0x1001 (Get device info)
0.153403 print_debug_deviceinfo      (2):   0x1004 (Get storage IDs)
0.153408 print_debug_deviceinfo      (2):   0x9101 (EOS_GetStorageIDs)
0.153413 print_debug_deviceinfo      (2):   0x1005 (Get storage info)
0.153418 print_debug_deviceinfo      (2):   0x9102 (EOS_GetStorageInfo)
0.153423 print_debug_deviceinfo      (2):   0x1006 (Get number of objects)
0.153428 print_debug_deviceinfo      (2):   0x1007 (Get object handles)
0.153433 print_debug_deviceinfo      (2):   0x1008 (Get object info)
0.153439 print_debug_deviceinfo      (2):   0x9103 (EOS_GetObjectInfo)
0.153444 print_debug_deviceinfo      (2):   0x9170 (EOS_GetObjectInfo64)
0.153449 print_debug_deviceinfo      (2):   0x1009 (Get object)
0.153455 print_debug_deviceinfo      (2):   0x9104 (EOS_GetObject)
0.153460 print_debug_deviceinfo      (2):   0x9171 (EOS_GetObject64)
0.153465 print_debug_deviceinfo      (2):   0x100a (Get thumbnail)
0.153470 print_debug_deviceinfo      (2):   0x100f (Format storage)
0.153475 print_debug_deviceinfo      (2):   0x9106 (EOS_FormatStore)
0.153480 print_debug_deviceinfo      (2):   0x1014 (Get device property description)
0.153485 print_debug_deviceinfo      (2):   0x1016 (Set device property value)
0.153490 print_debug_deviceinfo      (2):   0x101b (Get partial object)
0.153495 print_debug_deviceinfo      (2):   0x100c (Send object info)
0.153500 print_debug_deviceinfo      (2):   0x100d (Send object)
0.153506 print_debug_deviceinfo      (2):   0x9107 (EOS_GetPartialObject)
0.153511 print_debug_deviceinfo      (2):   0x9172 (EOS_GetPartialObject64)
0.153516 print_debug_deviceinfo      (2):   0x912c (EOS_GetPartialObjectEx)
0.153522 print_debug_deviceinfo      (2):   0x9174 (EOS_GetPartialObjectEX64)
0.153527 print_debug_deviceinfo      (2):   0x9114 (EOS_SetRemoteMode)
0.153532 print_debug_deviceinfo      (2):   0x9115 (EOS_SetEventMode)
0.153538 print_debug_deviceinfo      (2):   0x9116 (EOS_GetEvent)
0.153543 print_debug_deviceinfo      (2):   0x9117 (EOS_TransferComplete)
0.153548 print_debug_deviceinfo      (2):   0x9109 (EOS_GetObjectInfoEx)
0.153553 print_debug_deviceinfo      (2):   0x917a (Unknown PTP_OC)
0.153558 print_debug_deviceinfo      (2):   0x910a (EOS_GetThumbEx)
0.153564 print_debug_deviceinfo      (2):   0x9132 (EOS_EndGetPartialObjectEx)
0.153569 print_debug_deviceinfo      (2):   0x9033 (GetMACAddress)
0.153574 print_debug_deviceinfo      (2):   0x906a (SetWebServiceData)
0.153580 print_debug_deviceinfo      (2):   0x906b (DeleteWebServiceData)
0.153585 print_debug_deviceinfo      (2):   0x911a (EOS_PCHDDCapacity)
0.153590 print_debug_deviceinfo      (2):   0x911d (EOS_KeepDeviceOn)
0.153595 print_debug_deviceinfo      (2):   0x911e (EOS_SetNullPacketMode)
0.153600 print_debug_deviceinfo      (2):   0x911f (EOS_UpdateFirmware)
0.153606 print_debug_deviceinfo      (2):   0x9131 (EOS_PopupBuiltinFlash)
0.153611 print_debug_deviceinfo      (2):   0x9133 (EOS_MovieSelectSWOn)
0.153616 print_debug_deviceinfo      (2):   0x9134 (EOS_MovieSelectSWOff)
0.153621 print_debug_deviceinfo      (2):   0x9135 (EOS_GetCTGInfo)
0.153627 print_debug_deviceinfo      (2):   0x913c (EOS_SetCTGInfo)
0.153632 print_debug_deviceinfo      (2):   0x913e (EOS_SetRequestRollingPitchingLevel)
0.153637 print_debug_deviceinfo      (2):   0x913f (EOS_GetCameraSupport)
0.153642 print_debug_deviceinfo      (2):   0x9140 (EOS_SetRating)
0.153648 print_debug_deviceinfo      (2):   0x9154 (EOS_DoAf)
0.153653 print_debug_deviceinfo      (2):   0x9155 (EOS_DriveLens)
0.153658 print_debug_deviceinfo      (2):   0x9157 (EOS_ClickWB)
0.153663 print_debug_deviceinfo      (2):   0x9158 (EOS_Zoom)
0.153676 print_debug_deviceinfo      (2):   0x9159 (EOS_ZoomPosition)
0.153682 print_debug_deviceinfo      (2):   0x915a (EOS_SetLiveAfFrame)
0.153687 print_debug_deviceinfo      (2):   0x915b (EOS_TouchAfPosition)
0.153692 print_debug_deviceinfo      (2):   0x9160 (EOS_AfCancel)
0.153698 print_debug_deviceinfo      (2):   0x906d (GetRootCertificateData)
0.153703 print_debug_deviceinfo      (2):   0x9087 (Unknown PTP_OC)
0.153708 print_debug_deviceinfo      (2):   0x9089 (Unknown PTP_OC)
0.153714 print_debug_deviceinfo      (2):   0x917b (Unknown PTP_OC)
0.153719 print_debug_deviceinfo      (2):   0x917c (Unknown PTP_OC)
0.153724 print_debug_deviceinfo      (2):   0x917d (Unknown PTP_OC)
0.153729 print_debug_deviceinfo      (2):   0x9108 (EOS_GetDeviceInfoEx)
0.153735 print_debug_deviceinfo      (2):   0x9110 (EOS_SetDevicePropValueEx)
0.153740 print_debug_deviceinfo      (2):   0x9130 (EOS_ResetMirrorLockupState)
0.153745 print_debug_deviceinfo      (2):   0x913d (EOS_SetRequestOLCInfoGroup)
0.153751 print_debug_deviceinfo      (2):   0x915c (EOS_SetLvPcFlavoreditMode)
0.153756 print_debug_deviceinfo      (2):   0x915d (EOS_SetLvPcFlavoreditParam)
0.153761 print_debug_deviceinfo      (2):   0x911b (EOS_SetUILock)
0.153766 print_debug_deviceinfo      (2):   0x911c (EOS_ResetUILock)
0.153772 print_debug_deviceinfo      (2):   0x9153 (EOS_GetViewFinderData)
0.153777 print_debug_deviceinfo      (2):   0x9128 (EOS_RemoteReleaseOn)
0.153782 print_debug_deviceinfo      (2):   0x9129 (EOS_RemoteReleaseOff)
0.153788 print_debug_deviceinfo      (2):   0x902f (Unknown PTP_OC)
0.153793 print_debug_deviceinfo      (2):   0x910c (EOS_SetObjectAttributes)
0.153798 print_debug_deviceinfo      (2):   0x91f0 (EOS_TransferCompleteFTP)
0.153803 print_debug_deviceinfo      (2):   0x9127 (EOS_RequestDevicePropValue)
0.153809 print_debug_deviceinfo      (2):   0x91f1 (EOS_CancelTransferFTP)
0.153814 print_debug_deviceinfo      (2):   0x91e1 (Unknown PTP_OC)
0.153820 print_debug_deviceinfo      (2):   0x91e3 (Unknown PTP_OC)
0.153825 print_debug_deviceinfo      (2):   0x91e7 (Unknown PTP_OC)
0.153830 print_debug_deviceinfo      (2):   0x91e8 (EOS_NotifyNetworkError)
0.153836 print_debug_deviceinfo      (2):   0x91e9 (EOS_AdapterTransferProgress)
0.153841 print_debug_deviceinfo      (2):   0x91ec (Unknown PTP_OC)
0.153846 print_debug_deviceinfo      (2):   0x9144 (EOS_GpsLoggingDataMode)
0.153852 print_debug_deviceinfo      (2):   0x9145 (EOS_GetGpsLogCurrentHandle)
0.153857 print_debug_deviceinfo      (2):   0x91d3 (Unknown PTP_OC)
0.153862 print_debug_deviceinfo      (2):   0x91d4 (Unknown PTP_OC)
0.153867 print_debug_deviceinfo      (2):   0x9136 (EOS_GetLensAdjust)
0.153873 print_debug_deviceinfo      (2):   0x9137 (EOS_SetLensAdjust)
0.153878 print_debug_deviceinfo      (2):   0x9146 (EOS_SetImageRecoveryData)
0.153883 print_debug_deviceinfo      (2):   0x9166 (Unknown PTP_OC)
0.153889 print_debug_deviceinfo      (2):   0x916b (EOS_SetImageRecoveryDataEx)
0.153894 print_debug_deviceinfo      (2):   0x916c (EOS_GetImageRecoveryListEx)
0.153900 print_debug_deviceinfo      (2):   0x9148 (EOS_FormatImageRecoveryData)
0.153905 print_debug_deviceinfo      (2):   0x9149 (EOS_GetPresetLensAdjustParam)
0.153910 print_debug_deviceinfo      (2):   0x914a (EOS_GetRawDispImage)
0.153915 print_debug_deviceinfo      (2):   0x910f (EOS_RemoteRelease)
0.153921 print_debug_deviceinfo      (2):   0x914b (EOS_SaveImageRecoveryData)
0.153926 print_debug_deviceinfo      (2):   0x9141 (EOS_RequestInnerDevelopStart)
0.153931 print_debug_deviceinfo      (2):   0x9143 (EOS_RequestInnerDevelopEnd)
0.153936 print_debug_deviceinfo      (2):   0x100b (Delete object)
0.153942 print_debug_deviceinfo      (2):   0x9105 (EOS_DeleteObject)
0.153947 print_debug_deviceinfo      (2):   0x9139 (EOS_CreateHandle)
0.153952 print_debug_deviceinfo      (2):   0x913a (EOS_SendPartialObjectEx)
0.153957 print_debug_deviceinfo      (2):   0x913b (EOS_EndSendPartialObjectEx)
0.153963 print_debug_deviceinfo      (2):   0x91d8 (Unknown PTP_OC)
0.153974 print_debug_deviceinfo      (2):   0x91d9 (Unknown PTP_OC)
0.153980 print_debug_deviceinfo      (2):   0x91da (Unknown PTP_OC)
0.153985 print_debug_deviceinfo      (2):   0x91db (Unknown PTP_OC)
0.153991 print_debug_deviceinfo      (2):   0x91dc (Unknown PTP_OC)
0.153996 print_debug_deviceinfo      (2):   0x91dd (Unknown PTP_OC)
0.154001 print_debug_deviceinfo      (2):   0x91de (Unknown PTP_OC)
0.154007 print_debug_deviceinfo      (2):   0x91d5 (Unknown PTP_OC)
0.154012 print_debug_deviceinfo      (2):   0x91b2 (Unknown PTP_OC)
0.154017 print_debug_deviceinfo      (2):   0x9186 (EOS_GetWFTData)
0.154023 print_debug_deviceinfo      (2):   0x9187 (EOS_SetWFTData)
0.154028 print_debug_deviceinfo      (2):   0x9188 (EOS_ChangeWFTSettingNumber)
0.154034 print_debug_deviceinfo      (2):   0x9180 (Unknown PTP_OC)
0.154039 print_debug_deviceinfo      (2):   0x9181 (Unknown PTP_OC)
0.154044 print_debug_deviceinfo      (2):   0x9182 (EOS_NotifyEstimateNumberofImport)
0.154050 print_debug_deviceinfo      (2):   0x9183 (EOS_NotifyNumberofImported)
0.154055 print_debug_deviceinfo      (2):   0x9184 (EOS_NotifySizeOfPartialDataTransfer)
0.154060 print_debug_deviceinfo      (2):   0x9185 (EOS_NotifyFinish)
0.154066 print_debug_deviceinfo      (2):   0x9189 (EOS_GetPictureStylePCFlavorParam)
0.154072 print_debug_deviceinfo      (2):   0x918a (EOS_SetPictureStylePCFlavorParam)
0.154077 print_debug_deviceinfo      (2):   0x9138 (EOS_ReadyToSendMusic)
0.154082 print_debug_deviceinfo      (2):   0x9118 (EOS_CancelTransfer)
0.154087 print_debug_deviceinfo      (2):   0x914d (EOS_DrivePowerZoom)
0.154093 print_debug_deviceinfo      (2):   0x914f (EOS_GetIptcData)
0.154098 print_debug_deviceinfo      (2):   0x9150 (EOS_SetIptcData)
0.154103 print_debug_deviceinfo      (2):   0x916f (EOS_GetReducedObject)
0.154109 print_debug_deviceinfo      (2):   0x916e (EOS_NotifyAutoTransferStatus)
0.154114 print_debug_deviceinfo      (2):   0x9177 (EOS_NotifySaveComplete)
0.154120 print_debug_deviceinfo      (2):   0x918f (Unknown PTP_OC)
0.154125 print_debug_deviceinfo      (2):   0x9190 (Unknown PTP_OC)
0.154130 print_debug_deviceinfo      (2):   0x9191 (Unknown PTP_OC)
0.154136 print_debug_deviceinfo      (2):   0x91ae (Unknown PTP_OC)
0.154141 print_debug_deviceinfo      (2):   0x91af (Unknown PTP_OC)
0.154146 print_debug_deviceinfo      (2):   0x91b9 (EOS_SetFELock)
0.154152 print_debug_deviceinfo      (2):   0x91ba (EOS_DeleteWFTSettingNumber)
0.154157 print_debug_deviceinfo      (2):   0x915e (EOS_RequestSensorCleaning)
0.154162 print_debug_deviceinfo      (2):   0x915f (Unknown PTP_OC)
0.154168 print_debug_deviceinfo      (2):   0x9161 (Unknown PTP_OC)
0.154173 print_debug_deviceinfo      (2):   0x9163 (Unknown PTP_OC)
0.154179 print_debug_deviceinfo      (2):   0x9162 (Unknown PTP_OC)
0.154184 print_debug_deviceinfo      (2):   0x9402 (Unknown PTP_OC)
0.154189 print_debug_deviceinfo      (2):   0x9403 (Unknown PTP_OC)
0.154195 print_debug_deviceinfo      (2):   0x9404 (Unknown PTP_OC)
0.154200 print_debug_deviceinfo      (2):   0x9405 (Unknown PTP_OC)
0.154205 print_debug_deviceinfo      (2):   0x918c (Unknown PTP_OC)
0.154211 print_debug_deviceinfo      (2):   0x9050 (Unknown PTP_OC)
0.154216 print_debug_deviceinfo      (2):   0x9051 (Unknown PTP_OC)
0.154221 print_debug_deviceinfo      (2):   0x905c (Unknown PTP_OC)
0.154226 print_debug_deviceinfo      (2):   0x905d (Unknown PTP_OC)
0.154232 print_debug_deviceinfo      (2):   0x9060 (Unknown PTP_OC)
0.154236 print_debug_deviceinfo      (2): Events Supported:
0.154240 print_debug_deviceinfo      (2):   0xc181 (Unknown Event)
0.154245 print_debug_deviceinfo      (2):   0x4003 (ObjectRemoved)
0.154249 print_debug_deviceinfo      (2):   0xc183 (Unknown Event)
0.154254 print_debug_deviceinfo      (2):   0xc184 (Unknown Event)
0.154258 print_debug_deviceinfo      (2):   0xc185 (Unknown Event)
0.154262 print_debug_deviceinfo      (2):   0xc186 (Unknown Event)
0.154267 print_debug_deviceinfo      (2):   0xc187 (Unknown Event)
0.154271 print_debug_deviceinfo      (2):   0xc188 (Unknown Event)
0.154281 print_debug_deviceinfo      (2):   0xc189 (Unknown Event)
0.154286 print_debug_deviceinfo      (2):   0xc18a (Unknown Event)
0.154291 print_debug_deviceinfo      (2):   0xc18b (Unknown Event)
0.154295 print_debug_deviceinfo      (2):   0xc18d (Unknown Event)
0.154299 print_debug_deviceinfo      (2):   0xc18e (Unknown Event)
0.154304 print_debug_deviceinfo      (2):   0xc18f (Unknown Event)
0.154308 print_debug_deviceinfo      (2):   0xc190 (Unknown Event)
0.154312 print_debug_deviceinfo      (2):   0xc191 (Unknown Event)
0.154316 print_debug_deviceinfo      (2):   0xc1a0 (Unknown Event)
0.154321 print_debug_deviceinfo      (2):   0xc1a1 (Unknown Event)
0.154325 print_debug_deviceinfo      (2):   0x4009 (RequestObjectTransfer)
0.154329 print_debug_deviceinfo      (2): Device Properties Supported:
0.154337 print_debug_deviceinfo      (2):   0xd402 (Friendly Device Name)
0.154344 print_debug_deviceinfo      (2):   0xd407 (Perceived Device Type)
0.154350 print_debug_deviceinfo      (2):   0xd406 (Session Initiator Info)
0.154357 print_debug_deviceinfo      (2):   0xd303 (Unknown DPC code)
0.154363 print_debug_deviceinfo      (2):   0x5001 (Battery Level)
0.154374 ptp_usb_sendreq             (2): Sending PTP_OC 0x9114 (EOS_SetRemoteMode) (0x1) request...
0.154380 gp_port_write               (3): Writing 16 = 0x10 bytes to port...
0.154472 gp_port_write               (3): Wrote   16 = 0x10 bytes to port: (hexdump of 16 bytes)
0000  10 00 00 00 01 00 14 91-02 00 00 00 01 00 00 00  ................

0.154481 ptp_usb_getresp             (2): Reading PTP_OC 0x9114 (EOS_SetRemoteMode) response...
0.154486 gp_port_read                (3): Reading 1024 = 0x400 bytes from port...
0.156677 gp_port_read                (3): Read    12 = 0xc out of 1024 bytes from port: (hexdump of 12 bytes)
0000  0c 00 00 00 03 00 01 20-02 00 00 00              ....... ....    

0.156695 ptp_usb_sendreq             (2): Sending PTP_OC 0x1004 (Get storage IDs) request...
0.156701 gp_port_write               (3): Writing 12 = 0xc bytes to port...
0.156805 gp_port_write               (3): Wrote   12 = 0xc bytes to port: (hexdump of 12 bytes)
0000  0c 00 00 00 01 00 04 10-03 00 00 00              ............    

0.156813 ptp_usb_getdata             (2): Reading PTP_OC 0x1004 (Get storage IDs) data...
0.156819 gp_port_read                (3): Reading 1024 = 0x400 bytes from port...
0.157835 gp_port_read                (3): Read    24 = 0x18 out of 1024 bytes from port: (hexdump of 24 bytes)
0000  18 00 00 00 02 00 04 10-03 00 00 00 02 00 00 00  ................
0010  00 00 01 00 00 00 02 00-                         ........        

0.157844 ptp_usb_getresp             (2): Reading PTP_OC 0x1004 (Get storage IDs) response...
0.157849 gp_port_read                (3): Reading 1024 = 0x400 bytes from port...
0.158051 gp_port_read                (3): Read    12 = 0xc out of 1024 bytes from port: (hexdump of 12 bytes)
0000  0c 00 00 00 03 00 01 20-03 00 00 00              ....... ....    

0.158060 ptp                         (2): (storage=0xffffffff, handle=0xffffffff)
0.158067 ptp_usb_sendreq             (2): Sending PTP_OC 0x1004 (Get storage IDs) request...
0.158072 gp_port_write               (3): Writing 12 = 0xc bytes to port...
0.158177 gp_port_write               (3): Wrote   12 = 0xc bytes to port: (hexdump of 12 bytes)
0000  0c 00 00 00 01 00 04 10-04 00 00 00              ............    

0.158185 ptp_usb_getdata             (2): Reading PTP_OC 0x1004 (Get storage IDs) data...
0.158190 gp_port_read                (3): Reading 1024 = 0x400 bytes from port...
0.159127 gp_port_read                (3): Read    24 = 0x18 out of 1024 bytes from port: (hexdump of 24 bytes)
0000  18 00 00 00 02 00 04 10-04 00 00 00 02 00 00 00  ................
0010  00 00 01 00 00 00 02 00-                         ........        

0.159136 ptp_usb_getresp             (2): Reading PTP_OC 0x1004 (Get storage IDs) response...
0.159142 gp_port_read                (3): Reading 1024 = 0x400 bytes from port...
0.159341 gp_port_read                (3): Read    12 = 0xc out of 1024 bytes from port: (hexdump of 12 bytes)
0000  0c 00 00 00 03 00 01 20-04 00 00 00              ....... ....    

0.159357 ptp                         (2): reading directory, storage 0x00010000 skipped (invalid)
0.159363 ptp                         (2): reading directory, storage 0x00020000 skipped (invalid)
0.159408 ptp_usb_sendreq             (2): Sending PTP_OC 0x1001 (Get device info) request...
0.159413 gp_port_write               (3): Writing 12 = 0xc bytes to port...
0.159629 gp_port_write               (3): Wrote   12 = 0xc bytes to port: (hexdump of 12 bytes)
0000  0c 00 00 00 01 00 01 10-05 00 00 00              ............    

0.159646 ptp_usb_getdata             (2): Reading PTP_OC 0x1001 (Get device info) data...
0.159652 gp_port_read                (3): Reading 1024 = 0x400 bytes from port...
0.160412 gp_port_read                (3): Read    579 = 0x243 out of 1024 bytes from port: (hexdump of 579 bytes)
0000  43 02 00 00 02 00 01 10-05 00 00 00 64 00 06 00  C...........d...
0010  00 00 64 00 00 00 00 9e-00 00 00 02 10 03 10 01  ..d.............
0020  10 04 10 01 91 05 10 02-91 06 10 07 10 08 10 03  ................
0030  91 70 91 09 10 04 91 71-91 0a 10 0f 10 06 91 14  .p.....q........
0040  10 16 10 1b 10 0c 10 0d-10 07 91 72 91 2c 91 74  ...........r.,.t
0050  91 14 91 15 91 16 91 17-91 09 91 7a 91 0a 91 32  ...........z...2
0060  91 33 90 6a 90 6b 90 1a-91 1d 91 1e 91 1f 91 31  .3.j.k.........1
0070  91 33 91 34 91 35 91 3c-91 3e 91 3f 91 40 91 54  .3.4.5.<.>.?.@.T
0080  91 55 91 57 91 58 91 59-91 5a 91 5b 91 60 91 6d  .U.W.X.Y.Z.[.`.m
0090  90 87 90 89 90 7b 91 7c-91 7d 91 08 91 10 91 30  .....{.|.}.....0
00a0  91 3d 91 5c 91 5d 91 1b-91 1c 91 53 91 28 91 29  .=.\.].....S.(.)
00b0  91 2f 90 0c 91 f0 91 27-91 f1 91 e1 91 e3 91 e7  ./.....'........
00c0  91 e8 91 e9 91 ec 91 44-91 45 91 d3 91 d4 91 36  .......D.E.....6
00d0  91 37 91 46 91 66 91 6b-91 6c 91 48 91 49 91 4a  .7.F.f.k.l.H.I.J
00e0  91 0f 91 4b 91 41 91 43-91 0b 10 05 91 39 91 3a  ...K.A.C.....9.:
00f0  91 3b 91 d8 91 d9 91 da-91 db 91 dc 91 dd 91 de  .;..............
0100  91 d5 91 b2 91 86 91 87-91 88 91 80 91 81 91 82  ................
0110  91 83 91 84 91 85 91 89-91 8a 91 38 91 18 91 4d  ...........8...M
0120  91 4f 91 50 91 6f 91 6e-91 77 91 8f 91 90 91 91  .O.P.o.n.w......
0130  91 ae 91 af 91 b9 91 ba-91 5e 91 5f 91 61 91 63  .........^._.a.c
0140  91 62 91 02 94 03 94 04-94 05 94 8c 91 50 90 51  .b...........P.Q
0150  90 5c 90 5d 90 60 90 13-00 00 00 81 c1 03 40 83  .\.].`........@.
0160  c1 84 c1 85 c1 86 c1 87-c1 88 c1 89 c1 8a c1 8b  ................
0170  c1 8d c1 8e c1 8f c1 90-c1 91 c1 a0 c1 a1 c1 09  ................
0180  40 05 00 00 00 02 d4 07-d4 06 d4 03 d3 01 50 05  @.............P.
0190  00 00 00 01 38 08 b1 0b-b1 82 b9 09 b1 0e 00 00  ....8...........
01a0  00 01 30 02 30 06 30 0a-30 08 30 01 38 03 b1 02  ..0.0.0.0.0.8...
01b0  bf 00 38 05 b1 82 b9 0a-b1 0b b1 09 b1 0a 43 00  ..8...........C.
01c0  61 00 6e 00 6f 00 6e 00-2e 00 49 00 6e 00 63 00  a.n.o.n...I.n.c.
01d0  00 00 0f 43 00 61 00 6e-00 6f 00 6e 00 20 00 45  ...C.a.n.o.n. .E
01e0  00 4f 00 53 00 20 00 52-00 35 00 6d 00 32 00 00  .O.S. .R.5.m.2..
01f0  00 08 33 00 2d 00 31 00-2e 00 30 00 2e 00 31 00  ..3.-.1...0...1.
0200  00 00 20 36 00 31 00 64-00 32 00 62 00 39 00 65  .. 6.1.d.2.b.9.e
0210  00 66 00 63 00 62 00 34-00 33 00 61 00 32 00 61  .f.c.b.4.3.a.2.a
0220  00 36 00 39 00 38 00 65-00 34 00 34 00 35 00 39  .6.9.8.e.4.4.5.9
0230  00 39 00 34 00 31 00 37-00 61 00 36 00 39 00 33  .9.4.1.7.a.6.9.3
0240  00 00 00               -                         ...             

0.160426 ptp_usb_getresp             (2): Reading PTP_OC 0x1001 (Get device info) response...
0.160432 gp_port_read                (3): Reading 1024 = 0x400 bytes from port...
0.160598 gp_port_read                (3): Read    12 = 0xc out of 1024 bytes from port: (hexdump of 12 bytes)
0000  0c 00 00 00 03 00 01 20-05 00 00 00              ....... ....    

0.160630 ptp                         (2): Canon EOS property d402 not found
0.160639 ptp_usb_sendreq             (2): Sending PTP_OC 0x1014 (Get device property description) (0xd402) request...
0.160654 gp_port_write               (3): Writing 16 = 0x10 bytes to port...
0.160746 gp_port_write               (3): Wrote   16 = 0x10 bytes to port: (hexdump of 16 bytes)
0000  10 00 00 00 01 00 14 10-06 00 00 00 02 d4 00 00  ................

0.160754 ptp_usb_getdata             (2): Reading PTP_OC 0x1014 (Get device property description) data...
0.160760 gp_port_read                (3): Reading 1024 = 0x400 bytes from port...
0.161058 gp_port_read                (3): Read    80 = 0x50 out of 1024 bytes from port: (hexdump of 80 bytes)
0000  50 00 00 00 02 00 14 10-06 00 00 00 02 d4 ff ff  P...............
0010  00 0f 43 00 61 00 6e 00-6f 00 6e 00 20 00 45 00  ..C.a.n.o.n. .E.
0020  4f 00 53 00 20 00 52 00-35 00 6d 00 32 00 00 00  O.S. .R.5.m.2...
0030  0f 43 00 61 00 6e 00 6f-00 6e 00 20 00 45 00 4f  .C.a.n.o.n. .E.O
0040  00 53 00 20 00 52 00 35-00 6d 00 32 00 00 00 00  .S. .R.5.m.2....

0.161067 ptp_usb_getresp             (2): Reading PTP_OC 0x1014 (Get device property description) response...
0.161073 gp_port_read                (3): Reading 1024 = 0x400 bytes from port...
0.161274 gp_port_read                (3): Read    12 = 0xc out of 1024 bytes from port: (hexdump of 12 bytes)
0000  0c 00 00 00 03 00 01 20-06 00 00 00              ....... ....    

0.161306 ptp                         (2): Canon EOS property d407 not found
0.161314 ptp_usb_sendreq             (2): Sending PTP_OC 0x1014 (Get device property description) (0xd407) request...
0.161319 gp_port_write               (3): Writing 16 = 0x10 bytes to port...
0.161408 gp_port_write               (3): Wrote   16 = 0x10 bytes to port: (hexdump of 16 bytes)
0000  10 00 00 00 01 00 14 10-07 00 00 00 07 d4 00 00  ................

0.161416 ptp_usb_getdata             (2): Reading PTP_OC 0x1014 (Get device property description) data...
0.161421 gp_port_read                (3): Reading 1024 = 0x400 bytes from port...
0.161711 gp_port_read                (3): Read    26 = 0x1a out of 1024 bytes from port: (hexdump of 26 bytes)
0000  1a 00 00 00 02 00 14 10-07 00 00 00 07 d4 06 00  ................
0010  00 01 00 00 00 01 00 00-00 00                    ..........      

0.161720 ptp_usb_getresp             (2): Reading PTP_OC 0x1014 (Get device property description) response...
0.161725 gp_port_read                (3): Reading 1024 = 0x400 bytes from port...
0.161923 gp_port_read                (3): Read    12 = 0xc out of 1024 bytes from port: (hexdump of 12 bytes)
0000  0c 00 00 00 03 00 01 20-07 00 00 00              ....... ....    

0.161942 ptp                         (2): Canon EOS property d406 not found
0.161949 ptp_usb_sendreq             (2): Sending PTP_OC 0x1014 (Get device property description) (0xd406) request...
0.161954 gp_port_write               (3): Writing 16 = 0x10 bytes to port...
0.162047 gp_port_write               (3): Wrote   16 = 0x10 bytes to port: (hexdump of 16 bytes)
0000  10 00 00 00 01 00 14 10-08 00 00 00 06 d4 00 00  ................

0.162055 ptp_usb_getdata             (2): Reading PTP_OC 0x1014 (Get device property description) data...
0.162061 gp_port_read                (3): Reading 1024 = 0x400 bytes from port...
0.162382 gp_port_read                (3): Read    92 = 0x5c out of 1024 bytes from port: (hexdump of 92 bytes)
0000  5c 00 00 00 02 00 14 10-08 00 00 00 06 d4 ff ff  \...............
0010  01 12 55 00 6e 00 6b 00-6e 00 6f 00 77 00 6e 00  ..U.n.k.n.o.w.n.
0020  20 00 49 00 6e 00 69 00-74 00 69 00 61 00 74 00   .I.n.i.t.i.a.t.
0030  6f 00 72 00 00 00 12 55-00 6e 00 6b 00 6e 00 6f  o.r....U.n.k.n.o
0040  00 77 00 6e 00 20 00 49-00 6e 00 69 00 74 00 69  .w.n. .I.n.i.t.i
0050  00 61 00 74 00 6f 00 72-00 00 00 00              .a.t.o.r....    

0.162391 ptp_usb_getresp             (2): Reading PTP_OC 0x1014 (Get device property description) response...
0.162397 gp_port_read                (3): Reading 1024 = 0x400 bytes from port...
0.162593 gp_port_read                (3): Read    12 = 0xc out of 1024 bytes from port: (hexdump of 12 bytes)
0000  0c 00 00 00 03 00 01 20-08 00 00 00              ....... ....    

0.162621 ptp                         (2): Canon EOS property d303 not found
0.162629 ptp_usb_sendreq             (2): Sending PTP_OC 0x1014 (Get device property description) (0xd303) request...
0.162634 gp_port_write               (3): Writing 16 = 0x10 bytes to port...
0.162721 gp_port_write               (3): Wrote   16 = 0x10 bytes to port: (hexdump of 16 bytes)
0000  10 00 00 00 01 00 14 10-09 00 00 00 03 d3 00 00  ................

0.162729 ptp_usb_getdata             (2): Reading PTP_OC 0x1014 (Get device property description) data...
0.162734 gp_port_read                (3): Reading 1024 = 0x400 bytes from port...
0.163075 gp_port_read                (3): Read    20 = 0x14 out of 1024 bytes from port: (hexdump of 20 bytes)
0000  14 00 00 00 02 00 14 10-09 00 00 00 03 d3 02 00  ................
0010  00 01 01 00            -                         ....            

0.163084 ptp_usb_getresp             (2): Reading PTP_OC 0x1014 (Get device property description) response...
0.163089 gp_port_read                (3): Reading 1024 = 0x400 bytes from port...
0.163303 gp_port_read                (3): Read    12 = 0xc out of 1024 bytes from port: (hexdump of 12 bytes)
0000  0c 00 00 00 03 00 01 20-09 00 00 00              ....... ....    

0.163320 ptp_usb_sendreq             (2): Sending PTP_OC 0x1014 (Get device property description) (0x5001) request...
0.163326 gp_port_write               (3): Writing 16 = 0x10 bytes to port...
0.163431 gp_port_write               (3): Wrote   16 = 0x10 bytes to port: (hexdump of 16 bytes)
0000  10 00 00 00 01 00 14 10-0a 00 00 00 01 50 00 00  .............P..

0.163450 ptp_usb_getdata             (2): Reading PTP_OC 0x1014 (Get device property description) data...
0.163462 gp_port_read                (3): Reading 1024 = 0x400 bytes from port...
0.165610 gp_port_read                (3): Read    32 = 0x20 out of 1024 bytes from port: (hexdump of 32 bytes)
0000  20 00 00 00 02 00 14 10-0a 00 00 00 01 50 02 00   ............P..
0010  00 1b 1b 02 05 00 64 00-4b 00 32 00 19 00 00 00  ......d.K.2.....

0.165618 ptp_usb_getresp             (2): Reading PTP_OC 0x1014 (Get device property description) response...
0.165624 gp_port_read                (3): Reading 1024 = 0x400 bytes from port...
0.165825 gp_port_read                (3): Read    12 = 0xc out of 1024 bytes from port: (hexdump of 12 bytes)
0000  0c 00 00 00 03 00 01 20-0a 00 00 00              ....... ....    

0.166875 gp_camera_free              (2): Freeing camera...
0.166894 gp_camera_exit              (2): Exiting camera ('USB PTP Class Camera')...
0.166927 ptp_usb_sendreq             (2): Sending PTP_OC 0x9114 (EOS_SetRemoteMode) (0x1) request...
0.166935 gp_port_write               (3): Writing 16 = 0x10 bytes to port...
0.167077 gp_port_write               (3): Wrote   16 = 0x10 bytes to port: (hexdump of 16 bytes)
0000  10 00 00 00 01 00 14 91-0b 00 00 00 01 00 00 00  ................

0.167088 ptp_usb_getresp             (2): Reading PTP_OC 0x9114 (EOS_SetRemoteMode) response...
0.167094 gp_port_read                (3): Reading 1024 = 0x400 bytes from port...
0.167360 gp_port_read                (3): Read    12 = 0xc out of 1024 bytes from port: (hexdump of 12 bytes)
0000  0c 00 00 00 03 00 01 20-0b 00 00 00              ....... ....    

0.167371 ptp_usb_sendreq             (2): Sending PTP_OC 0x1003 (Close session) request...
0.167376 gp_port_write               (3): Writing 12 = 0xc bytes to port...
0.167492 gp_port_write               (3): Wrote   12 = 0xc bytes to port: (hexdump of 12 bytes)
0000  0c 00 00 00 01 00 03 10-0c 00 00 00              ............    

0.167515 ptp_usb_getresp             (2): Reading PTP_OC 0x1003 (Close session) response...
0.167520 gp_port_read                (3): Reading 1024 = 0x400 bytes from port...
0.167951 gp_port_read                (3): Read    12 = 0xc out of 1024 bytes from port: (hexdump of 12 bytes)
0000  0c 00 00 00 03 00 01 20-0c 00 00 00              ....... ....    

0.167978 gp_port_close               (2): Closing port...
0.169070 _close_async_interrupts     (2): canceling transfer 0:0x1852754 (status 0)
0.169342 _close_async_interrupts     (2): canceling transfer 1:0x184669c (status 0)
0.169627 _close_async_interrupts     (2): canceling transfer 2:0x1836d6c (status 0)
0.169976 _close_async_interrupts     (2): canceling transfer 3:0x185661c (status 0)
0.170347 _close_async_interrupts     (2): canceling transfer 4:0x184910c (status 0)
0.170639 _close_async_interrupts     (2): canceling transfer 5:0x18468bc (status 0)
0.170972 _close_async_interrupts     (2): canceling transfer 6:0x1842fe4 (status 0)
0.171351 _close_async_interrupts     (2): canceling transfer 7:0x1836194 (status 0)
0.171640 _close_async_interrupts     (2): canceling transfer 8:0x183567c (status 0)
0.171976 _close_async_interrupts     (2): canceling transfer 9:0x184f0cc (status 0)
0.172358 _cb_irq                     (2): 0x1852754 with status 3
0.172366 _cb_irq                     (2): Transfer 0x1852754 should be in LIBUSB_TRANSFER_COMPLETED, but is 3!
0.172378 _cb_irq                     (2): 0x184669c with status 3
0.172383 _cb_irq                     (2): Transfer 0x184669c should be in LIBUSB_TRANSFER_COMPLETED, but is 3!
0.172391 _cb_irq                     (2): 0x1836d6c with status 3
0.172396 _cb_irq                     (2): Transfer 0x1836d6c should be in LIBUSB_TRANSFER_COMPLETED, but is 3!
0.172403 _cb_irq                     (2): 0x185661c with status 3
0.172408 _cb_irq                     (2): Transfer 0x185661c should be in LIBUSB_TRANSFER_COMPLETED, but is 3!
0.172415 _cb_irq                     (2): 0x184910c with status 3
0.172421 _cb_irq                     (2): Transfer 0x184910c should be in LIBUSB_TRANSFER_COMPLETED, but is 3!
0.172428 _cb_irq                     (2): 0x18468bc with status 3
0.172433 _cb_irq                     (2): Transfer 0x18468bc should be in LIBUSB_TRANSFER_COMPLETED, but is 3!
0.172440 _cb_irq                     (2): 0x1842fe4 with status 3
0.172445 _cb_irq                     (2): Transfer 0x1842fe4 should be in LIBUSB_TRANSFER_COMPLETED, but is 3!
0.172452 _cb_irq                     (2): 0x1836194 with status 3
0.172458 _cb_irq                     (2): Transfer 0x1836194 should be in LIBUSB_TRANSFER_COMPLETED, but is 3!
0.172465 _cb_irq                     (2): 0x183567c with status 3
0.172470 _cb_irq                     (2): Transfer 0x183567c should be in LIBUSB_TRANSFER_COMPLETED, but is 3!
0.172477 _cb_irq                     (2): 0x184f0cc with status 3
0.172482 _cb_irq                     (2): Transfer 0x184f0cc should be in LIBUSB_TRANSFER_COMPLETED, but is 3!
0.172872 gp_filesystem_reset         (2): resetting filesystem
0.172881 gp_filesystem_lru_clear     (2): Clearing fscache LRU list...
0.172886 gp_filesystem_lru_clear     (2): fscache LRU list already empty
0.172891 delete_all_folders          (2): Internally deleting all folders from '/'...
0.172897 lookup_folder               (2): Lookup folder '/'...
0.172901 lookup_folder               (2): Found! / is 0x182e500
0.172907 recurse_delete_folder       (2): Recurse delete folder 0x182e500//
0.172912 delete_all_files            (2): Delete all files in folder 0x182e500//
0.172917 gp_port_free                (2): Freeing port...
0.172921 gp_port_close               (2): Closing port...
0.173160 gp_filesystem_reset         (2): resetting filesystem
0.173168 gp_filesystem_lru_clear     (2): Clearing fscache LRU list...
0.173173 gp_filesystem_lru_clear     (2): fscache LRU list already empty
0.173178 delete_all_folders          (2): Internally deleting all folders from '/'...
0.173182 lookup_folder               (2): Lookup folder '/'...
0.173187 lookup_folder               (2): Found! / is 0x182e500
0.173191 recurse_delete_folder       (2): Recurse delete folder 0x182e500//
0.173196 delete_all_files            (2): Delete all files in folder 0x182e500//
