0.000024 main                        (2): ALWAYS INCLUDE THE FOLLOWING LINES WHEN SENDING DEBUG MESSAGES TO THE MAILING LIST:
0.000110 main                        (2): gphoto2 2.5.28.1
0.000117 main                        (2): gphoto2 has been compiled with the following options:
0.000123 main                        (2):  + gcc (C compiler used)
0.000127 main                        (2):  + popt (mandatory, for handling command-line parameters)
0.000132 main                        (2):  + exif (for displaying EXIF information)
0.000136 main                        (2):  + cdk (for accessing configuration options)
0.000140 main                        (2):  + aa (for displaying live previews)
0.000144 main                        (2):  + jpeg (for displaying live previews in JPEG format)
0.000149 main                        (2):  + readline (for easy navigation in the shell)
0.000155 main                        (2): libgphoto2 2.5.31.1
0.000160 main                        (2): libgphoto2 has been compiled with the following options:
0.000166 main                        (2):  + standard camlib set (ax203 canon digigr8 dimagev directory docupen jl2005a jl2005c kodak_dc240 lumix mars pentax ptp2 quicktake1x0 ricoh_g3 sierra sonix sq905 st2205 topfield tp6801)
0.000171 main                        (2):  + gcc (C compiler used)
0.000175 main                        (2):  + no ltdl (for portable loading of camlibs)
0.000179 main                        (2):  + EXIF (for special handling of EXIF files)
0.000185 main                        (2): libgphoto2_port 0.12.2
0.000190 main                        (2): libgphoto2_port has been compiled with the following options:
0.000194 main                        (2):  + iolibs: disk ptpip serial usb1 usbdiskdirect usbscsi
0.000198 main                        (2):  + gcc (C compiler used)
0.000202 main                        (2):  + no ltdl (for portable loading of iolibs)
0.000206 main                        (2):  + EXIF (for vusb)
0.000210 main                        (2):  + USB (libusb1, for USB cameras)
0.000214 main                        (2):  + serial (for serial cameras)
0.000218 main                        (2):  + no resmgr (serial port access and locking)
0.000222 main                        (2):  + no ttylock (serial port locking)
0.000226 main                        (2):  + no lockdev (serial port locking)
0.000231 main                        (2): CAMLIBS env var not set, using compile-time default instead
0.000235 main                        (2): IOLIBS env var not set, using compile-time default instead
0.000239 main                        (2): invoked with following arguments:
0.000243 main                        (2):   --debug-logfile=reset.log
0.000248 main                        (2):   --debug
0.000251 main                        (2):   --reset
0.000283 load_settings               (2): Creating gphoto config directory ('/root/.gphoto')
0.000353 load_settings               (2): Loading settings from file '/root/.gphoto/settings'.
0.000560 main                        (2): The user has not specified both a model and a port. Try to figure them out.
0.000572 gp_port_init_localedir      (2): localedir has been set to /usr/local/share/locale (compile-time default)
0.000581 gp_port_info_list_load      (2): Using ltdl to load io-drivers from '/usr/local/lib/libgphoto2_port/0.12.2'...
0.000715 foreach_func                (2): Called for filename '/usr/local/lib/libgphoto2_port/0.12.2/disk'.
0.000979 gp_port_library_list        (2): found fstab fstype proc
0.000993 gp_port_library_list        (2): found fstab fstype vfat
0.001005 gp_port_library_list        (2): found fstab fstype ext4
0.001024 gp_port_library_list        (2): found fstab fstype tmpfs
0.001155 gp_port_library_list        (2): found mtab fstype sysfs
0.001166 gp_port_library_list        (2): found mtab fstype proc
0.001174 gp_port_library_list        (2): found mtab fstype devtmpfs
0.001195 gp_port_library_list        (2): found mtab fstype devpts
0.001205 gp_port_library_list        (2): found mtab fstype tmpfs
0.001225 gp_port_library_list        (2): found mtab fstype ext4
0.001255 gp_port_library_list        (2): found mtab fstype securityfs
0.001265 gp_port_library_list        (2): found mtab fstype tmpfs
0.001286 gp_port_library_list        (2): found mtab fstype tmpfs
0.001307 gp_port_library_list        (2): found mtab fstype cgroup2
0.001315 gp_port_library_list        (2): found mtab fstype pstore
0.001343 gp_port_library_list        (2): found mtab fstype bpf
0.001368 gp_port_library_list        (2): found mtab fstype autofs
0.001376 gp_port_library_list        (2): found mtab fstype mqueue
0.001423 gp_port_library_list        (2): found mtab fstype debugfs
0.001450 gp_port_library_list        (2): found mtab fstype tracefs
0.001472 gp_port_library_list        (2): found mtab fstype fusectl
0.001480 gp_port_library_list        (2): found mtab fstype configfs
0.001506 gp_port_library_list        (2): found mtab fstype ramfs
0.001529 gp_port_library_list        (2): found mtab fstype ramfs
0.001551 gp_port_library_list        (2): found mtab fstype ramfs
0.001572 gp_port_library_list        (2): found mtab fstype tmpfs
0.001590 gp_port_library_list        (2): found mtab fstype vfat
0.001601 gp_port_library_list        (2): found mtab fstype ramfs
0.001621 gp_port_library_list        (2): found mtab fstype binfmt_misc
0.001655 gp_port_library_list        (2): found mtab fstype tmpfs
0.001737 foreach_func                (2): Loaded '' ('^disk:') from '/usr/local/lib/libgphoto2_port/0.12.2/disk'.
0.001746 foreach_func                (2): Called for filename '/usr/local/lib/libgphoto2_port/0.12.2/ptpip'.
0.001920 foreach_func                (2): Loaded 'PTP/IP Connection' ('ptpip:') from '/usr/local/lib/libgphoto2_port/0.12.2/ptpip'.
0.001929 foreach_func                (2): Loaded '' ('^ptpip:') from '/usr/local/lib/libgphoto2_port/0.12.2/ptpip'.
0.001935 foreach_func                (2): Loaded 'IP Connection' ('ip:') from '/usr/local/lib/libgphoto2_port/0.12.2/ptpip'.
0.001940 foreach_func                (2): Loaded '' ('^ip:') from '/usr/local/lib/libgphoto2_port/0.12.2/ptpip'.
0.001945 foreach_func                (2): Called for filename '/usr/local/lib/libgphoto2_port/0.12.2/serial'.
0.002277 foreach_func                (2): Loaded 'Serial Port 0' ('serial:/dev/ttyS0') from '/usr/local/lib/libgphoto2_port/0.12.2/serial'.
0.002301 foreach_func                (2): Loaded 'Serial Port Device' ('serial:') from '/usr/local/lib/libgphoto2_port/0.12.2/serial'.
0.002306 foreach_func                (2): Loaded '' ('^serial:') from '/usr/local/lib/libgphoto2_port/0.12.2/serial'.
0.002312 foreach_func                (2): Called for filename '/usr/local/lib/libgphoto2_port/0.12.2/usb1'.
0.010408 foreach_func                (2): Loaded '' ('^usb:') from '/usr/local/lib/libgphoto2_port/0.12.2/usb1'.
0.010453 foreach_func                (2): Loaded 'Universal Serial Bus' ('usb:001,004') from '/usr/local/lib/libgphoto2_port/0.12.2/usb1'.
0.010461 foreach_func                (2): Called for filename '/usr/local/lib/libgphoto2_port/0.12.2/usbdiskdirect'.
0.010817 foreach_func                (2): Called for filename '/usr/local/lib/libgphoto2_port/0.12.2/usbscsi'.
0.011014 gp_port_info_list_count     (2): Counting entries (10 available)...
0.011023 gp_port_info_list_count     (2): 5 regular entries available.
0.011037 gp_port_init_localedir      (2): ignoring late call (localedir value NULL)
0.011048 gp_init_localedir           (2): localedir has been set to /usr/local/share/locale (compile-time default)
0.011066 unlocked_gp_abilities_list_load_dir(2): Using ltdl to load camera libraries from '/usr/local/lib/libgphoto2/2.5.31.1'...
0.011239 foreach_func                (2): Found '/usr/local/lib/libgphoto2/2.5.31.1/ax203'.
0.011251 foreach_func                (2): Found '/usr/local/lib/libgphoto2/2.5.31.1/canon'.
0.011257 foreach_func                (2): Found '/usr/local/lib/libgphoto2/2.5.31.1/digigr8'.
0.011262 foreach_func                (2): Found '/usr/local/lib/libgphoto2/2.5.31.1/dimagev'.
0.011267 foreach_func                (2): Found '/usr/local/lib/libgphoto2/2.5.31.1/directory'.
0.011291 foreach_func                (2): Found '/usr/local/lib/libgphoto2/2.5.31.1/docupen'.
0.011296 foreach_func                (2): Found '/usr/local/lib/libgphoto2/2.5.31.1/jl2005a'.
0.011301 foreach_func                (2): Found '/usr/local/lib/libgphoto2/2.5.31.1/jl2005c'.
0.011306 foreach_func                (2): Found '/usr/local/lib/libgphoto2/2.5.31.1/kodak_dc240'.
0.011311 foreach_func                (2): Found '/usr/local/lib/libgphoto2/2.5.31.1/lumix'.
0.011315 foreach_func                (2): Found '/usr/local/lib/libgphoto2/2.5.31.1/mars'.
0.011320 foreach_func                (2): Found '/usr/local/lib/libgphoto2/2.5.31.1/pentax'.
0.011324 foreach_func                (2): Found '/usr/local/lib/libgphoto2/2.5.31.1/ptp2'.
0.011329 foreach_func                (2): Found '/usr/local/lib/libgphoto2/2.5.31.1/quicktake1x0'.
0.011334 foreach_func                (2): Found '/usr/local/lib/libgphoto2/2.5.31.1/ricoh_g3'.
0.011339 foreach_func                (2): Found '/usr/local/lib/libgphoto2/2.5.31.1/sierra'.
0.011343 foreach_func                (2): Found '/usr/local/lib/libgphoto2/2.5.31.1/sonix'.
0.011348 foreach_func                (2): Found '/usr/local/lib/libgphoto2/2.5.31.1/sq905'.
0.011353 foreach_func                (2): Found '/usr/local/lib/libgphoto2/2.5.31.1/st2205'.
0.011358 foreach_func                (2): Found '/usr/local/lib/libgphoto2/2.5.31.1/topfield'.
0.011362 foreach_func                (2): Found '/usr/local/lib/libgphoto2/2.5.31.1/tp6801'.
0.011373 unlocked_gp_abilities_list_load_dir(2): Found 21 camera drivers.
0.120956 gp_port_info_list_count     (2): Counting entries (10 available)...
0.121034 gp_port_info_list_count     (2): 5 regular entries available.
0.121040 gp_port_new                 (2): Creating new device...
0.121060 gp_port_info_list_get_info  (2): Getting info of entry 0 (10 available)...
0.121488 gp_port_set_settings        (2): Setting settings...
0.121503 gp_port_info_list_get_info  (2): Getting info of entry 1 (10 available)...
0.121704 gp_port_set_settings        (2): Setting settings...
0.121713 gp_port_info_list_get_info  (2): Getting info of entry 2 (10 available)...
0.121894 gp_port_set_timeout         (2): Setting port timeout to 500 milliseconds.
0.121902 gp_port_set_settings        (2): Setting settings...
0.121909 gp_port_info_list_get_info  (2): Getting info of entry 3 (10 available)...
0.122437 gp_port_set_timeout         (2): Setting port timeout to 500 milliseconds.
0.122463 gp_port_set_settings        (2): Setting settings...
0.122471 gp_port_info_list_get_info  (2): Getting info of entry 4 (10 available)...
0.130153 gp_port_set_timeout         (2): Setting port timeout to 5000 milliseconds.
0.130196 gp_port_set_settings        (2): Setting settings...
0.130208 gp_libusb1_update           (2): (old int=0, conf=-1, alt=-1) port usb:001,004, (new int=0, conf=-1, alt=-1) port usb:001,004
0.130214 gp_libusb1_update           (2): lowlevel libusb1 port not yet opened, no need for libusb changes
0.130221 gp_abilities_list_detect_usb(2): Auto-detecting USB cameras...
0.132591 gp_libusb1_find_device_by_class_lib(2): Looking for USB device (class 0x29a, subclass, 0xffffffff, protocol 0xffffffff)...
0.134565 gp_libusb1_find_device_by_class_lib(2): Looking for USB device (class 0x6, subclass, 0x1, protocol 0x1)...
0.134619 gp_libusb1_find_device_by_class_lib(2): Found USB class device (class 0x6, subclass, 0x1, protocol 0x1)
0.134634 gp_libusb1_find_device_by_class_lib(2): inep to look for is 81
0.134644 gp_libusb1_find_device_by_class_lib(2): Detected defaults: config 1, interface 0, altsetting 0, idVendor ID 04a9, idProduct 3314, inep 81, outep 02, intep 83
0.134651 gp_abilities_list_detect_usb(2): Found 'USB PTP Class Camera' (0x6,0x1,0x1)
0.134708 gp_port_free                (2): Freeing port...
0.134716 gp_port_close               (2): Closing port...
0.135225 gp_camera_set_abilities     (2): Setting abilities ('USB PTP Class Camera')...
0.135250 gp_setting_set              (2): Setting key 'model' to value 'USB PTP Class Camera' (gphoto2)
0.135281 save_settings               (2): Saving 3 setting(s) to file "/root/.gphoto/settings"
0.135587 gp_port_info_list_lookup_path(2): Looking for path 'usb:001,004' (10 entries available)...
0.135602 gp_port_info_list_get_info  (2): Getting info of entry 4 (10 available)...
0.135612 gp_camera_set_port_info     (2): Setting port info for port 'Universal Serial Bus' at 'usb:001,004'...
0.143244 gp_port_set_timeout         (2): Setting port timeout to 5000 milliseconds.
0.143286 gp_port_set_settings        (2): Setting settings...
0.143298 gp_libusb1_update           (2): (old int=0, conf=-1, alt=-1) port usb:001,004, (new int=0, conf=-1, alt=-1) port usb:001,004
0.143304 gp_libusb1_update           (2): lowlevel libusb1 port not yet opened, no need for libusb changes
0.143314 gp_setting_set              (2): Setting key 'port' to value 'usb:001,004' (gphoto2)
0.143323 save_settings               (2): Saving 3 setting(s) to file "/root/.gphoto/settings"
0.143647 gp_camera_exit              (2): Exiting camera ('USB PTP Class Camera')...
0.143659 gp_port_close               (2): Closing port...
0.143668 gp_filesystem_reset         (2): resetting filesystem
0.143673 gp_filesystem_lru_clear     (2): Clearing fscache LRU list...
0.143677 gp_filesystem_lru_clear     (2): fscache LRU list already empty
0.143683 delete_all_folders          (2): Internally deleting all folders from '/'...
0.143688 lookup_folder               (2): Lookup folder '/'...
0.143693 lookup_folder               (2): Found! / is 0xfd2500
0.143698 recurse_delete_folder       (2): Recurse delete folder 0xfd2500//
0.143704 delete_all_files            (2): Delete all files in folder 0xfd2500//
0.143711 gp_port_new                 (2): Creating new device...
0.150434 gp_port_set_timeout         (2): Setting port timeout to 5000 milliseconds.
0.150468 gp_port_set_settings        (2): Setting settings...
0.150478 gp_libusb1_update           (2): (old int=0, conf=-1, alt=-1) port usb:001,004, (new int=0, conf=-1, alt=-1) port usb:001,004
0.150483 gp_libusb1_update           (2): lowlevel libusb1 port not yet opened, no need for libusb changes
0.150494 gp_port_open                (2): Opening USB port...
0.150499 gp_libusb1_open             (2): ()
0.150557 gp_libusb1_find_path_lib    (2): Found path usb:001,004
0.150638 gp_libusb1_find_path_lib    (2): Detected defaults: config 1, interface 0, altsetting 0, inep 81, outep 02, intep 83, class 06, subclass 01
0.150689 gp_libusb1_open             (2): claiming interface 0
0.150840 gp_port_reset               (2): Resetting port...
0.151943 _close_async_interrupts     (2): canceling transfer 0:0xff0ebc (status 0)
0.152231 _close_async_interrupts     (2): canceling transfer 1:0xff0f4c (status 0)
0.152486 _close_async_interrupts     (2): canceling transfer 2:0xfdaefc (status 0)
0.152759 _close_async_interrupts     (2): canceling transfer 3:0xfdaf8c (status 0)
0.153143 _close_async_interrupts     (2): canceling transfer 4:0xfd9ab4 (status 0)
0.153413 _close_async_interrupts     (2): canceling transfer 5:0xfd9b44 (status 0)
0.153685 _close_async_interrupts     (2): canceling transfer 6:0xfd8244 (status 0)
0.153968 _close_async_interrupts     (2): canceling transfer 7:0xfd82d4 (status 0)
0.154246 _close_async_interrupts     (2): canceling transfer 8:0xfed44c (status 0)
0.154517 _close_async_interrupts     (2): canceling transfer 9:0xfed4dc (status 0)
0.154802 _cb_irq                     (2): 0xff0ebc with status 3
0.154810 _cb_irq                     (2): Transfer 0xff0ebc should be in LIBUSB_TRANSFER_COMPLETED, but is 3!
0.154822 _cb_irq                     (2): 0xff0f4c with status 3
0.154828 _cb_irq                     (2): Transfer 0xff0f4c should be in LIBUSB_TRANSFER_COMPLETED, but is 3!
0.154835 _cb_irq                     (2): 0xfdaefc with status 3
0.154841 _cb_irq                     (2): Transfer 0xfdaefc should be in LIBUSB_TRANSFER_COMPLETED, but is 3!
0.154848 _cb_irq                     (2): 0xfdaf8c with status 3
0.154853 _cb_irq                     (2): Transfer 0xfdaf8c should be in LIBUSB_TRANSFER_COMPLETED, but is 3!
0.154884 _cb_irq                     (2): 0xfd9ab4 with status 3
0.154890 _cb_irq                     (2): Transfer 0xfd9ab4 should be in LIBUSB_TRANSFER_COMPLETED, but is 3!
0.154898 _cb_irq                     (2): 0xfd9b44 with status 3
0.154903 _cb_irq                     (2): Transfer 0xfd9b44 should be in LIBUSB_TRANSFER_COMPLETED, but is 3!
0.154910 _cb_irq                     (2): 0xfd8244 with status 3
0.154915 _cb_irq                     (2): Transfer 0xfd8244 should be in LIBUSB_TRANSFER_COMPLETED, but is 3!
0.154922 _cb_irq                     (2): 0xfd82d4 with status 3
0.154927 _cb_irq                     (2): Transfer 0xfd82d4 should be in LIBUSB_TRANSFER_COMPLETED, but is 3!
0.154934 _cb_irq                     (2): 0xfed44c with status 3
0.154939 _cb_irq                     (2): Transfer 0xfed44c should be in LIBUSB_TRANSFER_COMPLETED, but is 3!
0.154946 _cb_irq                     (2): 0xfed4dc with status 3
0.154951 _cb_irq                     (2): Transfer 0xfed4dc should be in LIBUSB_TRANSFER_COMPLETED, but is 3!
0.335573 gp_port_close               (2): Closing port...
0.336735 gp_port_free                (2): Freeing port...
0.336743 gp_port_close               (2): Closing port...
0.337467 gp_camera_free              (2): Freeing camera...
0.337483 gp_port_free                (2): Freeing port...
0.337488 gp_port_close               (2): Closing port...
0.337792 gp_filesystem_reset         (2): resetting filesystem
0.337805 gp_filesystem_lru_clear     (2): Clearing fscache LRU list...
0.337810 gp_filesystem_lru_clear     (2): fscache LRU list already empty
0.337816 delete_all_folders          (2): Internally deleting all folders from '/'...
0.337821 lookup_folder               (2): Lookup folder '/'...
0.337826 lookup_folder               (2): Found! / is 0xfd2500
0.337831 recurse_delete_folder       (2): Recurse delete folder 0xfd2500//
0.337837 delete_all_files            (2): Delete all files in folder 0xfd2500//
