0.000025 main                        (2): ALWAYS INCLUDE THE FOLLOWING LINES WHEN SENDING DEBUG MESSAGES TO THE MAILING LIST:
0.000110 main                        (2): gphoto2 2.5.28.1
0.000118 main                        (2): gphoto2 has been compiled with the following options:
0.000123 main                        (2):  + gcc (C compiler used)
0.000128 main                        (2):  + popt (mandatory, for handling command-line parameters)
0.000132 main                        (2):  + exif (for displaying EXIF information)
0.000137 main                        (2):  + cdk (for accessing configuration options)
0.000141 main                        (2):  + aa (for displaying live previews)
0.000145 main                        (2):  + jpeg (for displaying live previews in JPEG format)
0.000149 main                        (2):  + readline (for easy navigation in the shell)
0.000155 main                        (2): libgphoto2 2.5.31.1
0.000160 main                        (2): libgphoto2 has been compiled with the following options:
0.000166 main                        (2):  + standard camlib set (ax203 canon digigr8 dimagev directory docupen jl2005a jl2005c kodak_dc240 lumix mars pentax ptp2 quicktake1x0 ricoh_g3 sierra sonix sq905 st2205 topfield tp6801)
0.000171 main                        (2):  + gcc (C compiler used)
0.000175 main                        (2):  + no ltdl (for portable loading of camlibs)
0.000179 main                        (2):  + EXIF (for special handling of EXIF files)
0.000184 main                        (2): libgphoto2_port 0.12.2
0.000190 main                        (2): libgphoto2_port has been compiled with the following options:
0.000194 main                        (2):  + iolibs: disk ptpip serial usb1 usbdiskdirect usbscsi
0.000198 main                        (2):  + gcc (C compiler used)
0.000202 main                        (2):  + no ltdl (for portable loading of iolibs)
0.000206 main                        (2):  + EXIF (for vusb)
0.000210 main                        (2):  + USB (libusb1, for USB cameras)
0.000214 main                        (2):  + serial (for serial cameras)
0.000218 main                        (2):  + no resmgr (serial port access and locking)
0.000222 main                        (2):  + no ttylock (serial port locking)
0.000226 main                        (2):  + no lockdev (serial port locking)
0.000231 main                        (2): CAMLIBS env var not set, using compile-time default instead
0.000235 main                        (2): IOLIBS env var not set, using compile-time default instead
0.000239 main                        (2): invoked with following arguments:
0.000243 main                        (2):   --debug-logfile=summary_logfile.log
0.000247 main                        (2):   --debug
0.000251 main                        (2):   --summary
0.000329 load_settings               (2): Creating gphoto config directory ('/root/.gphoto')
0.000414 load_settings               (2): Loading settings from file '/root/.gphoto/settings'.
0.000657 main                        (2): The user has not specified both a model and a port. Try to figure them out.
0.000669 gp_port_init_localedir      (2): localedir has been set to /usr/local/share/locale (compile-time default)
0.000678 gp_port_info_list_load      (2): Using ltdl to load io-drivers from '/usr/local/lib/libgphoto2_port/0.12.2'...
0.000816 foreach_func                (2): Called for filename '/usr/local/lib/libgphoto2_port/0.12.2/disk'.
0.001092 gp_port_library_list        (2): found fstab fstype proc
0.001107 gp_port_library_list        (2): found fstab fstype vfat
0.001118 gp_port_library_list        (2): found fstab fstype ext4
0.001137 gp_port_library_list        (2): found fstab fstype tmpfs
0.001274 gp_port_library_list        (2): found mtab fstype sysfs
0.001285 gp_port_library_list        (2): found mtab fstype proc
0.001293 gp_port_library_list        (2): found mtab fstype devtmpfs
0.001315 gp_port_library_list        (2): found mtab fstype devpts
0.001324 gp_port_library_list        (2): found mtab fstype tmpfs
0.001362 gp_port_library_list        (2): found mtab fstype ext4
0.001378 gp_port_library_list        (2): found mtab fstype securityfs
0.001387 gp_port_library_list        (2): found mtab fstype tmpfs
0.001408 gp_port_library_list        (2): found mtab fstype tmpfs
0.001429 gp_port_library_list        (2): found mtab fstype cgroup2
0.001438 gp_port_library_list        (2): found mtab fstype pstore
0.001465 gp_port_library_list        (2): found mtab fstype bpf
0.001490 gp_port_library_list        (2): found mtab fstype autofs
0.001499 gp_port_library_list        (2): found mtab fstype mqueue
0.001544 gp_port_library_list        (2): found mtab fstype debugfs
0.001573 gp_port_library_list        (2): found mtab fstype tracefs
0.001595 gp_port_library_list        (2): found mtab fstype fusectl
0.001603 gp_port_library_list        (2): found mtab fstype configfs
0.001629 gp_port_library_list        (2): found mtab fstype ramfs
0.001651 gp_port_library_list        (2): found mtab fstype ramfs
0.001673 gp_port_library_list        (2): found mtab fstype ramfs
0.001693 gp_port_library_list        (2): found mtab fstype tmpfs
0.001712 gp_port_library_list        (2): found mtab fstype vfat
0.001722 gp_port_library_list        (2): found mtab fstype ramfs
0.001743 gp_port_library_list        (2): found mtab fstype binfmt_misc
0.001778 gp_port_library_list        (2): found mtab fstype tmpfs
0.001858 foreach_func                (2): Loaded '' ('^disk:') from '/usr/local/lib/libgphoto2_port/0.12.2/disk'.
0.001866 foreach_func                (2): Called for filename '/usr/local/lib/libgphoto2_port/0.12.2/ptpip'.
0.002046 foreach_func                (2): Loaded 'PTP/IP Connection' ('ptpip:') from '/usr/local/lib/libgphoto2_port/0.12.2/ptpip'.
0.002056 foreach_func                (2): Loaded '' ('^ptpip:') from '/usr/local/lib/libgphoto2_port/0.12.2/ptpip'.
0.002062 foreach_func                (2): Loaded 'IP Connection' ('ip:') from '/usr/local/lib/libgphoto2_port/0.12.2/ptpip'.
0.002067 foreach_func                (2): Loaded '' ('^ip:') from '/usr/local/lib/libgphoto2_port/0.12.2/ptpip'.
0.002072 foreach_func                (2): Called for filename '/usr/local/lib/libgphoto2_port/0.12.2/serial'.
0.002377 foreach_func                (2): Loaded 'Serial Port 0' ('serial:/dev/ttyS0') from '/usr/local/lib/libgphoto2_port/0.12.2/serial'.
0.002386 foreach_func                (2): Loaded 'Serial Port Device' ('serial:') from '/usr/local/lib/libgphoto2_port/0.12.2/serial'.
0.002391 foreach_func                (2): Loaded '' ('^serial:') from '/usr/local/lib/libgphoto2_port/0.12.2/serial'.
0.002396 foreach_func                (2): Called for filename '/usr/local/lib/libgphoto2_port/0.12.2/usb1'.
0.010290 foreach_func                (2): Loaded '' ('^usb:') from '/usr/local/lib/libgphoto2_port/0.12.2/usb1'.
0.010335 foreach_func                (2): Loaded 'Universal Serial Bus' ('usb:002,010') from '/usr/local/lib/libgphoto2_port/0.12.2/usb1'.
0.010343 foreach_func                (2): Called for filename '/usr/local/lib/libgphoto2_port/0.12.2/usbdiskdirect'.
0.010682 foreach_func                (2): Called for filename '/usr/local/lib/libgphoto2_port/0.12.2/usbscsi'.
0.010878 gp_port_info_list_count     (2): Counting entries (10 available)...
0.010887 gp_port_info_list_count     (2): 5 regular entries available.
0.010901 gp_port_init_localedir      (2): ignoring late call (localedir value NULL)
0.010912 gp_init_localedir           (2): localedir has been set to /usr/local/share/locale (compile-time default)
0.010928 unlocked_gp_abilities_list_load_dir(2): Using ltdl to load camera libraries from '/usr/local/lib/libgphoto2/2.5.31.1'...
0.011092 foreach_func                (2): Found '/usr/local/lib/libgphoto2/2.5.31.1/ax203'.
0.011105 foreach_func                (2): Found '/usr/local/lib/libgphoto2/2.5.31.1/canon'.
0.011111 foreach_func                (2): Found '/usr/local/lib/libgphoto2/2.5.31.1/digigr8'.
0.011116 foreach_func                (2): Found '/usr/local/lib/libgphoto2/2.5.31.1/dimagev'.
0.011121 foreach_func                (2): Found '/usr/local/lib/libgphoto2/2.5.31.1/directory'.
0.011146 foreach_func                (2): Found '/usr/local/lib/libgphoto2/2.5.31.1/docupen'.
0.011151 foreach_func                (2): Found '/usr/local/lib/libgphoto2/2.5.31.1/jl2005a'.
0.011156 foreach_func                (2): Found '/usr/local/lib/libgphoto2/2.5.31.1/jl2005c'.
0.011161 foreach_func                (2): Found '/usr/local/lib/libgphoto2/2.5.31.1/kodak_dc240'.
0.011166 foreach_func                (2): Found '/usr/local/lib/libgphoto2/2.5.31.1/lumix'.
0.011171 foreach_func                (2): Found '/usr/local/lib/libgphoto2/2.5.31.1/mars'.
0.011176 foreach_func                (2): Found '/usr/local/lib/libgphoto2/2.5.31.1/pentax'.
0.011180 foreach_func                (2): Found '/usr/local/lib/libgphoto2/2.5.31.1/ptp2'.
0.011185 foreach_func                (2): Found '/usr/local/lib/libgphoto2/2.5.31.1/quicktake1x0'.
0.011190 foreach_func                (2): Found '/usr/local/lib/libgphoto2/2.5.31.1/ricoh_g3'.
0.011195 foreach_func                (2): Found '/usr/local/lib/libgphoto2/2.5.31.1/sierra'.
0.011200 foreach_func                (2): Found '/usr/local/lib/libgphoto2/2.5.31.1/sonix'.
0.011204 foreach_func                (2): Found '/usr/local/lib/libgphoto2/2.5.31.1/sq905'.
0.011209 foreach_func                (2): Found '/usr/local/lib/libgphoto2/2.5.31.1/st2205'.
0.011214 foreach_func                (2): Found '/usr/local/lib/libgphoto2/2.5.31.1/topfield'.
0.011219 foreach_func                (2): Found '/usr/local/lib/libgphoto2/2.5.31.1/tp6801'.
0.011231 unlocked_gp_abilities_list_load_dir(2): Found 21 camera drivers.
0.122943 gp_port_info_list_count     (2): Counting entries (10 available)...
0.123016 gp_port_info_list_count     (2): 5 regular entries available.
0.123023 gp_port_new                 (2): Creating new device...
0.123042 gp_port_info_list_get_info  (2): Getting info of entry 0 (10 available)...
0.123472 gp_port_set_settings        (2): Setting settings...
0.123487 gp_port_info_list_get_info  (2): Getting info of entry 1 (10 available)...
0.123680 gp_port_set_settings        (2): Setting settings...
0.123688 gp_port_info_list_get_info  (2): Getting info of entry 2 (10 available)...
0.123864 gp_port_set_timeout         (2): Setting port timeout to 500 milliseconds.
0.123872 gp_port_set_settings        (2): Setting settings...
0.123879 gp_port_info_list_get_info  (2): Getting info of entry 3 (10 available)...
0.124033 gp_port_set_timeout         (2): Setting port timeout to 500 milliseconds.
0.124041 gp_port_set_settings        (2): Setting settings...
0.124047 gp_port_info_list_get_info  (2): Getting info of entry 4 (10 available)...
0.131425 gp_port_set_timeout         (2): Setting port timeout to 5000 milliseconds.
0.131471 gp_port_set_settings        (2): Setting settings...
0.131483 gp_libusb1_update           (2): (old int=0, conf=-1, alt=-1) port usb:002,010, (new int=0, conf=-1, alt=-1) port usb:002,010
0.131489 gp_libusb1_update           (2): lowlevel libusb1 port not yet opened, no need for libusb changes
0.131496 gp_abilities_list_detect_usb(2): Auto-detecting USB cameras...
0.133970 gp_libusb1_find_device_by_class_lib(2): Looking for USB device (class 0x29a, subclass, 0xffffffff, protocol 0xffffffff)...
0.135744 gp_libusb1_find_device_by_class_lib(2): Looking for USB device (class 0x6, subclass, 0x1, protocol 0x1)...
0.135771 gp_libusb1_find_device_by_class_lib(2): Found USB class device (class 0x6, subclass, 0x1, protocol 0x1)
0.135786 gp_libusb1_find_device_by_class_lib(2): inep to look for is 81
0.135796 gp_libusb1_find_device_by_class_lib(2): Detected defaults: config 1, interface 0, altsetting 0, idVendor ID 04a9, idProduct 3314, inep 81, outep 02, intep 83
0.135803 gp_abilities_list_detect_usb(2): Found 'USB PTP Class Camera' (0x6,0x1,0x1)
0.135860 gp_port_free                (2): Freeing port...
0.135867 gp_port_close               (2): Closing port...
0.136409 gp_camera_set_abilities     (2): Setting abilities ('USB PTP Class Camera')...
0.136452 gp_setting_set              (2): Setting key 'model' to value 'USB PTP Class Camera' (gphoto2)
0.136484 save_settings               (2): Saving 3 setting(s) to file "/root/.gphoto/settings"
0.136784 gp_port_info_list_lookup_path(2): Looking for path 'usb:002,010' (10 entries available)...
0.136798 gp_port_info_list_get_info  (2): Getting info of entry 4 (10 available)...
0.136808 gp_camera_set_port_info     (2): Setting port info for port 'Universal Serial Bus' at 'usb:002,010'...
0.144114 gp_port_set_timeout         (2): Setting port timeout to 5000 milliseconds.
0.144155 gp_port_set_settings        (2): Setting settings...
0.144168 gp_libusb1_update           (2): (old int=0, conf=-1, alt=-1) port usb:002,010, (new int=0, conf=-1, alt=-1) port usb:002,010
0.144174 gp_libusb1_update           (2): lowlevel libusb1 port not yet opened, no need for libusb changes
0.144184 gp_setting_set              (2): Setting key 'port' to value 'usb:002,010' (gphoto2)
0.144192 save_settings               (2): Saving 3 setting(s) to file "/root/.gphoto/settings"
0.144688 gp_camera_init              (2): Initializing camera...
0.144749 gp_port_set_error [gphoto2-port.c:1191](0): The supplied vendor or product id (0x0,0x0) is not valid.
0.144795 gp_libusb1_find_device_by_class_lib(2): Looking for USB device (class 0x6, subclass, 0x1, protocol 0x1)...
0.144815 gp_libusb1_find_device_by_class_lib(2): Found USB class device (class 0x6, subclass, 0x1, protocol 0x1)
0.144829 gp_libusb1_find_device_by_class_lib(2): inep to look for is 81
0.144838 gp_libusb1_find_device_by_class_lib(2): Detected defaults: config 1, interface 0, altsetting 0, idVendor ID 04a9, idProduct 3314, inep 81, outep 02, intep 83
0.144844 gp_camera_init              (2): Loading '/usr/local/lib/libgphoto2/2.5.31.1/ptp2'...
0.146674 gp_port_open                (2): Opening USB port...
0.146704 gp_libusb1_open             (2): ()
0.146781 gp_libusb1_open             (2): claiming interface 0
0.147092 camera_init                 (2): maxpacketsize 1024
0.147113 gp_port_set_timeout         (2): Setting port timeout to 8000 milliseconds.
0.147139 ptp                         (2): PTP: Opening session
0.147161 ptp_usb_sendreq             (2): Sending PTP_OC 0x1002 (Open session) (0x1) request...
0.147176 gp_port_write               (3): Writing 16 = 0x10 bytes to port...
0.147392 gp_port_write               (3): Wrote   16 = 0x10 bytes to port: (hexdump of 16 bytes)
0000  10 00 00 00 01 00 02 10-00 00 00 00 01 00 00 00  ................

0.147402 ptp_usb_getresp             (2): Reading PTP_OC 0x1002 (Open session) response...
0.147410 gp_port_read                (3): Reading 1024 = 0x400 bytes from port...
0.150733 gp_port_read                (3): Read    12 = 0xc out of 1024 bytes from port: (hexdump of 12 bytes)
0000  0c 00 00 00 03 00 01 20-00 00 00 00              ....... ....    

0.150760 gp_port_set_timeout         (2): Setting port timeout to 20000 milliseconds.
0.150771 ptp_usb_sendreq             (2): Sending PTP_OC 0x1001 (Get device info) request...
0.150776 gp_port_write               (3): Writing 12 = 0xc bytes to port...
0.150864 gp_port_write               (3): Wrote   12 = 0xc bytes to port: (hexdump of 12 bytes)
0000  0c 00 00 00 01 00 01 10-01 00 00 00              ............    

0.150873 ptp_usb_getdata             (2): Reading PTP_OC 0x1001 (Get device info) data...
0.150879 gp_port_read                (3): Reading 1024 = 0x400 bytes from port...
0.151890 gp_port_read                (3): Read    579 = 0x243 out of 1024 bytes from port: (hexdump of 579 bytes)
0000  43 02 00 00 02 00 01 10-01 00 00 00 64 00 06 00  C...........d...
0010  00 00 64 00 00 00 00 9e-00 00 00 02 10 03 10 01  ..d.............
0020  10 04 10 01 91 05 10 02-91 06 10 07 10 08 10 03  ................
0030  91 70 91 09 10 04 91 71-91 0a 10 0f 10 06 91 14  .p.....q........
0040  10 16 10 1b 10 0c 10 0d-10 07 91 72 91 2c 91 74  ...........r.,.t
0050  91 14 91 15 91 16 91 17-91 09 91 7a 91 0a 91 32  ...........z...2
0060  91 33 90 6a 90 6b 90 1a-91 1d 91 1e 91 1f 91 31  .3.j.k.........1
0070  91 33 91 34 91 35 91 3c-91 3e 91 3f 91 40 91 54  .3.4.5.<.>.?.@.T
0080  91 55 91 57 91 58 91 59-91 5a 91 5b 91 60 91 6d  .U.W.X.Y.Z.[.`.m
0090  90 87 90 89 90 7b 91 7c-91 7d 91 08 91 10 91 30  .....{.|.}.....0
00a0  91 3d 91 5c 91 5d 91 1b-91 1c 91 53 91 28 91 29  .=.\.].....S.(.)
00b0  91 2f 90 0c 91 f0 91 27-91 f1 91 e1 91 e3 91 e7  ./.....'........
00c0  91 e8 91 e9 91 ec 91 44-91 45 91 d3 91 d4 91 36  .......D.E.....6
00d0  91 37 91 46 91 66 91 6b-91 6c 91 48 91 49 91 4a  .7.F.f.k.l.H.I.J
00e0  91 0f 91 4b 91 41 91 43-91 0b 10 05 91 39 91 3a  ...K.A.C.....9.:
00f0  91 3b 91 d8 91 d9 91 da-91 db 91 dc 91 dd 91 de  .;..............
0100  91 d5 91 b2 91 86 91 87-91 88 91 80 91 81 91 82  ................
0110  91 83 91 84 91 85 91 89-91 8a 91 38 91 18 91 4d  ...........8...M
0120  91 4f 91 50 91 6f 91 6e-91 77 91 8f 91 90 91 91  .O.P.o.n.w......
0130  91 ae 91 af 91 b9 91 ba-91 5e 91 5f 91 61 91 63  .........^._.a.c
0140  91 62 91 02 94 03 94 04-94 05 94 8c 91 50 90 51  .b...........P.Q
0150  90 5c 90 5d 90 60 90 13-00 00 00 81 c1 03 40 83  .\.].`........@.
0160  c1 84 c1 85 c1 86 c1 87-c1 88 c1 89 c1 8a c1 8b  ................
0170  c1 8d c1 8e c1 8f c1 90-c1 91 c1 a0 c1 a1 c1 09  ................
0180  40 05 00 00 00 02 d4 07-d4 06 d4 03 d3 01 50 05  @.............P.
0190  00 00 00 01 38 08 b1 0b-b1 82 b9 09 b1 0e 00 00  ....8...........
01a0  00 01 30 02 30 06 30 0a-30 08 30 01 38 03 b1 02  ..0.0.0.0.0.8...
01b0  bf 00 38 05 b1 82 b9 0a-b1 0b b1 09 b1 0a 43 00  ..8...........C.
01c0  61 00 6e 00 6f 00 6e 00-2e 00 49 00 6e 00 63 00  a.n.o.n...I.n.c.
01d0  00 00 0f 43 00 61 00 6e-00 6f 00 6e 00 20 00 45  ...C.a.n.o.n. .E
01e0  00 4f 00 53 00 20 00 52-00 35 00 6d 00 32 00 00  .O.S. .R.5.m.2..
01f0  00 08 33 00 2d 00 31 00-2e 00 30 00 2e 00 31 00  ..3.-.1...0...1.
0200  00 00 20 36 00 31 00 64-00 32 00 62 00 39 00 65  .. 6.1.d.2.b.9.e
0210  00 66 00 63 00 62 00 34-00 33 00 61 00 32 00 61  .f.c.b.4.3.a.2.a
0220  00 36 00 39 00 38 00 65-00 34 00 34 00 35 00 39  .6.9.8.e.4.4.5.9
0230  00 39 00 34 00 31 00 37-00 61 00 36 00 39 00 33  .9.4.1.7.a.6.9.3
0240  00 00 00               -                         ...             

0.151931 ptp_usb_getresp             (2): Reading PTP_OC 0x1001 (Get device info) response...
0.151938 gp_port_read                (3): Reading 1024 = 0x400 bytes from port...
0.152086 gp_port_read                (3): Read    12 = 0xc out of 1024 bytes from port: (hexdump of 12 bytes)
0000  0c 00 00 00 03 00 01 20-01 00 00 00              ....... ....    

0.152121 print_debug_deviceinfo      (2): Device info:
0.152127 print_debug_deviceinfo      (2): Manufacturer: Canon.Inc
0.152132 print_debug_deviceinfo      (2):   Model: Canon EOS R5m2
0.152136 print_debug_deviceinfo      (2):   device version: 3-1.0.1
0.152141 print_debug_deviceinfo      (2):   serial number: '61d2b9efcb43a2a698e44599417a693'
0.152146 print_debug_deviceinfo      (2): Vendor extension ID: 0x00000006
0.152150 print_debug_deviceinfo      (2): Vendor extension version: 100
0.152154 print_debug_deviceinfo      (2): Vendor extension description: 
0.152159 print_debug_deviceinfo      (2): Functional Mode: 0x0000
0.152163 print_debug_deviceinfo      (2): PTP Standard Version: 100
0.152167 print_debug_deviceinfo      (2): Supported operations:
0.152172 print_debug_deviceinfo      (2):   0x1002 (Open session)
0.152178 print_debug_deviceinfo      (2):   0x1003 (Close session)
0.152183 print_debug_deviceinfo      (2):   0x1001 (Get device info)
0.152188 print_debug_deviceinfo      (2):   0x1004 (Get storage IDs)
0.152194 print_debug_deviceinfo      (2):   0x9101 (Get secure time challenge)
0.152199 print_debug_deviceinfo      (2):   0x1005 (Get storage info)
0.152204 print_debug_deviceinfo      (2):   0x9102 (Get secure time response)
0.152209 print_debug_deviceinfo      (2):   0x1006 (Get number of objects)
0.152215 print_debug_deviceinfo      (2):   0x1007 (Get object handles)
0.152219 print_debug_deviceinfo      (2):   0x1008 (Get object info)
0.152225 print_debug_deviceinfo      (2):   0x9103 (Set license response)
0.152230 print_debug_deviceinfo      (2):   0x9170 (Open Media Session)
0.152235 print_debug_deviceinfo      (2):   0x1009 (Get object)
0.152250 print_debug_deviceinfo      (2):   0x9104 (Get sync list)
0.152256 print_debug_deviceinfo      (2):   0x9171 (Close Media Session)
0.152262 print_debug_deviceinfo      (2):   0x100a (Get thumbnail)
0.152267 print_debug_deviceinfo      (2):   0x100f (Format storage)
0.152463 print_debug_deviceinfo      (2):   0x9106 (Get meter challenge)
0.152479 print_debug_deviceinfo      (2):   0x1014 (Get device property description)
0.152485 print_debug_deviceinfo      (2):   0x1016 (Set device property value)
0.152490 print_debug_deviceinfo      (2):   0x101b (Get partial object)
0.152495 print_debug_deviceinfo      (2):   0x100c (Send object info)
0.152500 print_debug_deviceinfo      (2):   0x100d (Send object)
0.152505 print_debug_deviceinfo      (2):   0x9107 (Get meter response)
0.152510 print_debug_deviceinfo      (2):   0x9172 (Get Next Data Block)
0.152516 print_debug_deviceinfo      (2):   0x912c (Unknown PTP_OC)
0.152521 print_debug_deviceinfo      (2):   0x9174 (Unknown PTP_OC)
0.152526 print_debug_deviceinfo      (2):   0x9114 (Unknown PTP_OC)
0.152531 print_debug_deviceinfo      (2):   0x9115 (Unknown PTP_OC)
0.152536 print_debug_deviceinfo      (2):   0x9116 (Unknown PTP_OC)
0.152541 print_debug_deviceinfo      (2):   0x9117 (Unknown PTP_OC)
0.152546 print_debug_deviceinfo      (2):   0x9109 (Get license state)
0.152551 print_debug_deviceinfo      (2):   0x917a (Unknown PTP_OC)
0.152557 print_debug_deviceinfo      (2):   0x910a (Send WMDRM-PD Command)
0.152562 print_debug_deviceinfo      (2):   0x9132 (Unknown PTP_OC)
0.152567 print_debug_deviceinfo      (2):   0x9033 (Unknown PTP_OC)
0.152572 print_debug_deviceinfo      (2):   0x906a (Unknown PTP_OC)
0.152577 print_debug_deviceinfo      (2):   0x906b (Unknown PTP_OC)
0.152582 print_debug_deviceinfo      (2):   0x911a (Unknown PTP_OC)
0.152587 print_debug_deviceinfo      (2):   0x911d (Unknown PTP_OC)
0.152592 print_debug_deviceinfo      (2):   0x911e (Unknown PTP_OC)
0.152597 print_debug_deviceinfo      (2):   0x911f (Unknown PTP_OC)
0.152602 print_debug_deviceinfo      (2):   0x9131 (Unknown PTP_OC)
0.152607 print_debug_deviceinfo      (2):   0x9133 (Unknown PTP_OC)
0.152612 print_debug_deviceinfo      (2):   0x9134 (Unknown PTP_OC)
0.152617 print_debug_deviceinfo      (2):   0x9135 (Unknown PTP_OC)
0.152622 print_debug_deviceinfo      (2):   0x913c (Unknown PTP_OC)
0.152627 print_debug_deviceinfo      (2):   0x913e (Unknown PTP_OC)
0.152632 print_debug_deviceinfo      (2):   0x913f (Unknown PTP_OC)
0.152637 print_debug_deviceinfo      (2):   0x9140 (Unknown PTP_OC)
0.152643 print_debug_deviceinfo      (2):   0x9154 (Unknown PTP_OC)
0.152648 print_debug_deviceinfo      (2):   0x9155 (Unknown PTP_OC)
0.152653 print_debug_deviceinfo      (2):   0x9157 (Unknown PTP_OC)
0.152658 print_debug_deviceinfo      (2):   0x9158 (Unknown PTP_OC)
0.152663 print_debug_deviceinfo      (2):   0x9159 (Unknown PTP_OC)
0.152668 print_debug_deviceinfo      (2):   0x915a (Unknown PTP_OC)
0.152673 print_debug_deviceinfo      (2):   0x915b (Unknown PTP_OC)
0.152678 print_debug_deviceinfo      (2):   0x9160 (Unknown PTP_OC)
0.152683 print_debug_deviceinfo      (2):   0x906d (Unknown PTP_OC)
0.152688 print_debug_deviceinfo      (2):   0x9087 (Unknown PTP_OC)
0.152693 print_debug_deviceinfo      (2):   0x9089 (Unknown PTP_OC)
0.152698 print_debug_deviceinfo      (2):   0x917b (Unknown PTP_OC)
0.152703 print_debug_deviceinfo      (2):   0x917c (Unknown PTP_OC)
0.152708 print_debug_deviceinfo      (2):   0x917d (Unknown PTP_OC)
0.152713 print_debug_deviceinfo      (2):   0x9108 (Clean data store)
0.152718 print_debug_deviceinfo      (2):   0x9110 (Unknown PTP_OC)
0.152724 print_debug_deviceinfo      (2):   0x9130 (Unknown PTP_OC)
0.152729 print_debug_deviceinfo      (2):   0x913d (Unknown PTP_OC)
0.152734 print_debug_deviceinfo      (2):   0x915c (Unknown PTP_OC)
0.152739 print_debug_deviceinfo      (2):   0x915d (Unknown PTP_OC)
0.152744 print_debug_deviceinfo      (2):   0x911b (Unknown PTP_OC)
0.152749 print_debug_deviceinfo      (2):   0x911c (Unknown PTP_OC)
0.152763 print_debug_deviceinfo      (2):   0x9153 (Unknown PTP_OC)
0.152768 print_debug_deviceinfo      (2):   0x9128 (Unknown PTP_OC)
0.152773 print_debug_deviceinfo      (2):   0x9129 (Unknown PTP_OC)
0.152778 print_debug_deviceinfo      (2):   0x902f (Unknown PTP_OC)
0.152783 print_debug_deviceinfo      (2):   0x910c (Unknown PTP_OC)
0.152788 print_debug_deviceinfo      (2):   0x91f0 (Unknown PTP_OC)
0.152793 print_debug_deviceinfo      (2):   0x9127 (Unknown PTP_OC)
0.152798 print_debug_deviceinfo      (2):   0x91f1 (Unknown PTP_OC)
0.152803 print_debug_deviceinfo      (2):   0x91e1 (Unknown PTP_OC)
0.152809 print_debug_deviceinfo      (2):   0x91e3 (Unknown PTP_OC)
0.152814 print_debug_deviceinfo      (2):   0x91e7 (Unknown PTP_OC)
0.152819 print_debug_deviceinfo      (2):   0x91e8 (Unknown PTP_OC)
0.152824 print_debug_deviceinfo      (2):   0x91e9 (Unknown PTP_OC)
0.152829 print_debug_deviceinfo      (2):   0x91ec (Unknown PTP_OC)
0.152834 print_debug_deviceinfo      (2):   0x9144 (Unknown PTP_OC)
0.152839 print_debug_deviceinfo      (2):   0x9145 (Unknown PTP_OC)
0.152844 print_debug_deviceinfo      (2):   0x91d3 (Unknown PTP_OC)
0.152849 print_debug_deviceinfo      (2):   0x91d4 (Unknown PTP_OC)
0.152854 print_debug_deviceinfo      (2):   0x9136 (Unknown PTP_OC)
0.152859 print_debug_deviceinfo      (2):   0x9137 (Unknown PTP_OC)
0.152864 print_debug_deviceinfo      (2):   0x9146 (Unknown PTP_OC)
0.152869 print_debug_deviceinfo      (2):   0x9166 (Unknown PTP_OC)
0.152874 print_debug_deviceinfo      (2):   0x916b (Unknown PTP_OC)
0.152879 print_debug_deviceinfo      (2):   0x916c (Unknown PTP_OC)
0.152884 print_debug_deviceinfo      (2):   0x9148 (Unknown PTP_OC)
0.152889 print_debug_deviceinfo      (2):   0x9149 (Unknown PTP_OC)
0.152894 print_debug_deviceinfo      (2):   0x914a (Unknown PTP_OC)
0.152899 print_debug_deviceinfo      (2):   0x910f (Unknown PTP_OC)
0.152904 print_debug_deviceinfo      (2):   0x914b (Unknown PTP_OC)
0.152909 print_debug_deviceinfo      (2):   0x9141 (Unknown PTP_OC)
0.152914 print_debug_deviceinfo      (2):   0x9143 (Unknown PTP_OC)
0.152919 print_debug_deviceinfo      (2):   0x100b (Delete object)
0.152924 print_debug_deviceinfo      (2):   0x9105 (Send meter challenge query)
0.152929 print_debug_deviceinfo      (2):   0x9139 (Unknown PTP_OC)
0.152934 print_debug_deviceinfo      (2):   0x913a (Unknown PTP_OC)
0.152939 print_debug_deviceinfo      (2):   0x913b (Unknown PTP_OC)
0.152945 print_debug_deviceinfo      (2):   0x91d8 (Unknown PTP_OC)
0.152950 print_debug_deviceinfo      (2):   0x91d9 (Unknown PTP_OC)
0.152955 print_debug_deviceinfo      (2):   0x91da (Unknown PTP_OC)
0.152960 print_debug_deviceinfo      (2):   0x91db (Unknown PTP_OC)
0.152965 print_debug_deviceinfo      (2):   0x91dc (Unknown PTP_OC)
0.152970 print_debug_deviceinfo      (2):   0x91dd (Unknown PTP_OC)
0.152975 print_debug_deviceinfo      (2):   0x91de (Unknown PTP_OC)
0.152980 print_debug_deviceinfo      (2):   0x91d5 (Unknown PTP_OC)
0.152985 print_debug_deviceinfo      (2):   0x91b2 (Unknown PTP_OC)
0.152990 print_debug_deviceinfo      (2):   0x9186 (Unknown PTP_OC)
0.152995 print_debug_deviceinfo      (2):   0x9187 (Unknown PTP_OC)
0.153000 print_debug_deviceinfo      (2):   0x9188 (Unknown PTP_OC)
0.153005 print_debug_deviceinfo      (2):   0x9180 (Send Registration Request)
0.153010 print_debug_deviceinfo      (2):   0x9181 (Get Registration Response)
0.153016 print_debug_deviceinfo      (2):   0x9182 (Get Proximity Challenge)
0.153021 print_debug_deviceinfo      (2):   0x9183 (Send Proximity Response)
0.153026 print_debug_deviceinfo      (2):   0x9184 (Send WMDRM-ND License Request)
0.153031 print_debug_deviceinfo      (2):   0x9185 (Get WMDRM-ND License Response)
0.153036 print_debug_deviceinfo      (2):   0x9189 (Unknown PTP_OC)
0.153041 print_debug_deviceinfo      (2):   0x918a (Unknown PTP_OC)
0.153046 print_debug_deviceinfo      (2):   0x9138 (Unknown PTP_OC)
0.153051 print_debug_deviceinfo      (2):   0x9118 (Unknown PTP_OC)
0.153056 print_debug_deviceinfo      (2):   0x914d (Unknown PTP_OC)
0.153069 print_debug_deviceinfo      (2):   0x914f (Unknown PTP_OC)
0.153074 print_debug_deviceinfo      (2):   0x9150 (Unknown PTP_OC)
0.153079 print_debug_deviceinfo      (2):   0x916f (Unknown PTP_OC)
0.153084 print_debug_deviceinfo      (2):   0x916e (Unknown PTP_OC)
0.153089 print_debug_deviceinfo      (2):   0x9177 (Unknown PTP_OC)
0.153094 print_debug_deviceinfo      (2):   0x918f (Unknown PTP_OC)
0.153100 print_debug_deviceinfo      (2):   0x9190 (Unknown PTP_OC)
0.153105 print_debug_deviceinfo      (2):   0x9191 (Unknown PTP_OC)
0.153110 print_debug_deviceinfo      (2):   0x91ae (Unknown PTP_OC)
0.153115 print_debug_deviceinfo      (2):   0x91af (Unknown PTP_OC)
0.153120 print_debug_deviceinfo      (2):   0x91b9 (Unknown PTP_OC)
0.153125 print_debug_deviceinfo      (2):   0x91ba (Unknown PTP_OC)
0.153130 print_debug_deviceinfo      (2):   0x915e (Unknown PTP_OC)
0.153135 print_debug_deviceinfo      (2):   0x915f (Unknown PTP_OC)
0.153140 print_debug_deviceinfo      (2):   0x9161 (Unknown PTP_OC)
0.153145 print_debug_deviceinfo      (2):   0x9163 (Unknown PTP_OC)
0.153150 print_debug_deviceinfo      (2):   0x9162 (Unknown PTP_OC)
0.153155 print_debug_deviceinfo      (2):   0x9402 (Unknown PTP_OC)
0.153160 print_debug_deviceinfo      (2):   0x9403 (Unknown PTP_OC)
0.153165 print_debug_deviceinfo      (2):   0x9404 (Unknown PTP_OC)
0.153170 print_debug_deviceinfo      (2):   0x9405 (Unknown PTP_OC)
0.153175 print_debug_deviceinfo      (2):   0x918c (Unknown PTP_OC)
0.153180 print_debug_deviceinfo      (2):   0x9050 (Unknown PTP_OC)
0.153185 print_debug_deviceinfo      (2):   0x9051 (Unknown PTP_OC)
0.153190 print_debug_deviceinfo      (2):   0x905c (Unknown PTP_OC)
0.153195 print_debug_deviceinfo      (2):   0x905d (Unknown PTP_OC)
0.153200 print_debug_deviceinfo      (2):   0x9060 (Unknown PTP_OC)
0.153204 print_debug_deviceinfo      (2): Events Supported:
0.153210 print_debug_deviceinfo      (2):   0xc181 (Unknown Event)
0.153214 print_debug_deviceinfo      (2):   0x4003 (ObjectRemoved)
0.153219 print_debug_deviceinfo      (2):   0xc183 (Unknown Event)
0.153223 print_debug_deviceinfo      (2):   0xc184 (Unknown Event)
0.153228 print_debug_deviceinfo      (2):   0xc185 (Unknown Event)
0.153232 print_debug_deviceinfo      (2):   0xc186 (Unknown Event)
0.153236 print_debug_deviceinfo      (2):   0xc187 (Unknown Event)
0.153240 print_debug_deviceinfo      (2):   0xc188 (Unknown Event)
0.153245 print_debug_deviceinfo      (2):   0xc189 (Unknown Event)
0.153249 print_debug_deviceinfo      (2):   0xc18a (Unknown Event)
0.153253 print_debug_deviceinfo      (2):   0xc18b (Unknown Event)
0.153258 print_debug_deviceinfo      (2):   0xc18d (Unknown Event)
0.153262 print_debug_deviceinfo      (2):   0xc18e (Unknown Event)
0.153266 print_debug_deviceinfo      (2):   0xc18f (Unknown Event)
0.153270 print_debug_deviceinfo      (2):   0xc190 (Unknown Event)
0.153275 print_debug_deviceinfo      (2):   0xc191 (Unknown Event)
0.153279 print_debug_deviceinfo      (2):   0xc1a0 (Unknown Event)
0.153284 print_debug_deviceinfo      (2):   0xc1a1 (Unknown Event)
0.153288 print_debug_deviceinfo      (2):   0x4009 (RequestObjectTransfer)
0.153292 print_debug_deviceinfo      (2): Device Properties Supported:
0.153302 print_debug_deviceinfo      (2):   0xd402 (Friendly Device Name)
0.153308 print_debug_deviceinfo      (2):   0xd407 (Perceived Device Type)
0.153315 print_debug_deviceinfo      (2):   0xd406 (Session Initiator Info)
0.153322 print_debug_deviceinfo      (2):   0xd303 (Unknown DPC code)
0.153328 print_debug_deviceinfo      (2):   0x5001 (Battery Level)
0.153342 print_debug_deviceinfo      (2): Device info:
0.153347 print_debug_deviceinfo      (2): Manufacturer: Canon.Inc
0.153352 print_debug_deviceinfo      (2):   Model: Canon EOS R5m2
0.153356 print_debug_deviceinfo      (2):   device version: 3-1.0.1
0.153360 print_debug_deviceinfo      (2):   serial number: '61d2b9efcb43a2a698e44599417a693'
0.153365 print_debug_deviceinfo      (2): Vendor extension ID: 0x0000000b
0.153369 print_debug_deviceinfo      (2): Vendor extension version: 100
0.153380 print_debug_deviceinfo      (2): Vendor extension description: 
0.153385 print_debug_deviceinfo      (2): Functional Mode: 0x0000
0.153389 print_debug_deviceinfo      (2): PTP Standard Version: 100
0.153392 print_debug_deviceinfo      (2): Supported operations:
0.153398 print_debug_deviceinfo      (2):   0x1002 (Open session)
0.153403 print_debug_deviceinfo      (2):   0x1003 (Close session)
0.153408 print_debug_deviceinfo      (2):   0x1001 (Get device info)
0.153413 print_debug_deviceinfo      (2):   0x1004 (Get storage IDs)
0.153419 print_debug_deviceinfo      (2):   0x9101 (EOS_GetStorageIDs)
0.153424 print_debug_deviceinfo      (2):   0x1005 (Get storage info)
0.153429 print_debug_deviceinfo      (2):   0x9102 (EOS_GetStorageInfo)
0.153434 print_debug_deviceinfo      (2):   0x1006 (Get number of objects)
0.153439 print_debug_deviceinfo      (2):   0x1007 (Get object handles)
0.153444 print_debug_deviceinfo      (2):   0x1008 (Get object info)
0.153449 print_debug_deviceinfo      (2):   0x9103 (EOS_GetObjectInfo)
0.153454 print_debug_deviceinfo      (2):   0x9170 (EOS_GetObjectInfo64)
0.153459 print_debug_deviceinfo      (2):   0x1009 (Get object)
0.153464 print_debug_deviceinfo      (2):   0x9104 (EOS_GetObject)
0.153469 print_debug_deviceinfo      (2):   0x9171 (EOS_GetObject64)
0.153474 print_debug_deviceinfo      (2):   0x100a (Get thumbnail)
0.153479 print_debug_deviceinfo      (2):   0x100f (Format storage)
0.153484 print_debug_deviceinfo      (2):   0x9106 (EOS_FormatStore)
0.153490 print_debug_deviceinfo      (2):   0x1014 (Get device property description)
0.153495 print_debug_deviceinfo      (2):   0x1016 (Set device property value)
0.153500 print_debug_deviceinfo      (2):   0x101b (Get partial object)
0.153505 print_debug_deviceinfo      (2):   0x100c (Send object info)
0.153510 print_debug_deviceinfo      (2):   0x100d (Send object)
0.153515 print_debug_deviceinfo      (2):   0x9107 (EOS_GetPartialObject)
0.153520 print_debug_deviceinfo      (2):   0x9172 (EOS_GetPartialObject64)
0.153526 print_debug_deviceinfo      (2):   0x912c (EOS_GetPartialObjectEx)
0.153531 print_debug_deviceinfo      (2):   0x9174 (EOS_GetPartialObjectEX64)
0.153536 print_debug_deviceinfo      (2):   0x9114 (EOS_SetRemoteMode)
0.153541 print_debug_deviceinfo      (2):   0x9115 (EOS_SetEventMode)
0.153546 print_debug_deviceinfo      (2):   0x9116 (EOS_GetEvent)
0.153552 print_debug_deviceinfo      (2):   0x9117 (EOS_TransferComplete)
0.153557 print_debug_deviceinfo      (2):   0x9109 (EOS_GetObjectInfoEx)
0.153562 print_debug_deviceinfo      (2):   0x917a (Unknown PTP_OC)
0.153567 print_debug_deviceinfo      (2):   0x910a (EOS_GetThumbEx)
0.153572 print_debug_deviceinfo      (2):   0x9132 (EOS_EndGetPartialObjectEx)
0.153577 print_debug_deviceinfo      (2):   0x9033 (GetMACAddress)
0.153583 print_debug_deviceinfo      (2):   0x906a (SetWebServiceData)
0.153588 print_debug_deviceinfo      (2):   0x906b (DeleteWebServiceData)
0.153593 print_debug_deviceinfo      (2):   0x911a (EOS_PCHDDCapacity)
0.153598 print_debug_deviceinfo      (2):   0x911d (EOS_KeepDeviceOn)
0.153604 print_debug_deviceinfo      (2):   0x911e (EOS_SetNullPacketMode)
0.153609 print_debug_deviceinfo      (2):   0x911f (EOS_UpdateFirmware)
0.153614 print_debug_deviceinfo      (2):   0x9131 (EOS_PopupBuiltinFlash)
0.153619 print_debug_deviceinfo      (2):   0x9133 (EOS_MovieSelectSWOn)
0.153624 print_debug_deviceinfo      (2):   0x9134 (EOS_MovieSelectSWOff)
0.153629 print_debug_deviceinfo      (2):   0x9135 (EOS_GetCTGInfo)
0.153634 print_debug_deviceinfo      (2):   0x913c (EOS_SetCTGInfo)
0.153639 print_debug_deviceinfo      (2):   0x913e (EOS_SetRequestRollingPitchingLevel)
0.153645 print_debug_deviceinfo      (2):   0x913f (EOS_GetCameraSupport)
0.153650 print_debug_deviceinfo      (2):   0x9140 (EOS_SetRating)
0.153655 print_debug_deviceinfo      (2):   0x9154 (EOS_DoAf)
0.153660 print_debug_deviceinfo      (2):   0x9155 (EOS_DriveLens)
0.153666 print_debug_deviceinfo      (2):   0x9157 (EOS_ClickWB)
0.153671 print_debug_deviceinfo      (2):   0x9158 (EOS_Zoom)
0.153683 print_debug_deviceinfo      (2):   0x9159 (EOS_ZoomPosition)
0.153689 print_debug_deviceinfo      (2):   0x915a (EOS_SetLiveAfFrame)
0.153694 print_debug_deviceinfo      (2):   0x915b (EOS_TouchAfPosition)
0.153700 print_debug_deviceinfo      (2):   0x9160 (EOS_AfCancel)
0.153705 print_debug_deviceinfo      (2):   0x906d (GetRootCertificateData)
0.153710 print_debug_deviceinfo      (2):   0x9087 (Unknown PTP_OC)
0.153715 print_debug_deviceinfo      (2):   0x9089 (Unknown PTP_OC)
0.153721 print_debug_deviceinfo      (2):   0x917b (Unknown PTP_OC)
0.153726 print_debug_deviceinfo      (2):   0x917c (Unknown PTP_OC)
0.153731 print_debug_deviceinfo      (2):   0x917d (Unknown PTP_OC)
0.153736 print_debug_deviceinfo      (2):   0x9108 (EOS_GetDeviceInfoEx)
0.153741 print_debug_deviceinfo      (2):   0x9110 (EOS_SetDevicePropValueEx)
0.153747 print_debug_deviceinfo      (2):   0x9130 (EOS_ResetMirrorLockupState)
0.153752 print_debug_deviceinfo      (2):   0x913d (EOS_SetRequestOLCInfoGroup)
0.153757 print_debug_deviceinfo      (2):   0x915c (EOS_SetLvPcFlavoreditMode)
0.153762 print_debug_deviceinfo      (2):   0x915d (EOS_SetLvPcFlavoreditParam)
0.153768 print_debug_deviceinfo      (2):   0x911b (EOS_SetUILock)
0.153773 print_debug_deviceinfo      (2):   0x911c (EOS_ResetUILock)
0.153778 print_debug_deviceinfo      (2):   0x9153 (EOS_GetViewFinderData)
0.153783 print_debug_deviceinfo      (2):   0x9128 (EOS_RemoteReleaseOn)
0.153788 print_debug_deviceinfo      (2):   0x9129 (EOS_RemoteReleaseOff)
0.153794 print_debug_deviceinfo      (2):   0x902f (Unknown PTP_OC)
0.153799 print_debug_deviceinfo      (2):   0x910c (EOS_SetObjectAttributes)
0.153804 print_debug_deviceinfo      (2):   0x91f0 (EOS_TransferCompleteFTP)
0.153809 print_debug_deviceinfo      (2):   0x9127 (EOS_RequestDevicePropValue)
0.153815 print_debug_deviceinfo      (2):   0x91f1 (EOS_CancelTransferFTP)
0.153820 print_debug_deviceinfo      (2):   0x91e1 (Unknown PTP_OC)
0.153825 print_debug_deviceinfo      (2):   0x91e3 (Unknown PTP_OC)
0.153830 print_debug_deviceinfo      (2):   0x91e7 (Unknown PTP_OC)
0.153836 print_debug_deviceinfo      (2):   0x91e8 (EOS_NotifyNetworkError)
0.153841 print_debug_deviceinfo      (2):   0x91e9 (EOS_AdapterTransferProgress)
0.153846 print_debug_deviceinfo      (2):   0x91ec (Unknown PTP_OC)
0.153851 print_debug_deviceinfo      (2):   0x9144 (EOS_GpsLoggingDataMode)
0.153856 print_debug_deviceinfo      (2):   0x9145 (EOS_GetGpsLogCurrentHandle)
0.153862 print_debug_deviceinfo      (2):   0x91d3 (Unknown PTP_OC)
0.153867 print_debug_deviceinfo      (2):   0x91d4 (Unknown PTP_OC)
0.153872 print_debug_deviceinfo      (2):   0x9136 (EOS_GetLensAdjust)
0.153877 print_debug_deviceinfo      (2):   0x9137 (EOS_SetLensAdjust)
0.153883 print_debug_deviceinfo      (2):   0x9146 (EOS_SetImageRecoveryData)
0.153888 print_debug_deviceinfo      (2):   0x9166 (Unknown PTP_OC)
0.153893 print_debug_deviceinfo      (2):   0x916b (EOS_SetImageRecoveryDataEx)
0.153898 print_debug_deviceinfo      (2):   0x916c (EOS_GetImageRecoveryListEx)
0.153904 print_debug_deviceinfo      (2):   0x9148 (EOS_FormatImageRecoveryData)
0.153909 print_debug_deviceinfo      (2):   0x9149 (EOS_GetPresetLensAdjustParam)
0.153914 print_debug_deviceinfo      (2):   0x914a (EOS_GetRawDispImage)
0.153919 print_debug_deviceinfo      (2):   0x910f (EOS_RemoteRelease)
0.153925 print_debug_deviceinfo      (2):   0x914b (EOS_SaveImageRecoveryData)
0.153930 print_debug_deviceinfo      (2):   0x9141 (EOS_RequestInnerDevelopStart)
0.153935 print_debug_deviceinfo      (2):   0x9143 (EOS_RequestInnerDevelopEnd)
0.153940 print_debug_deviceinfo      (2):   0x100b (Delete object)
0.153945 print_debug_deviceinfo      (2):   0x9105 (EOS_DeleteObject)
0.153951 print_debug_deviceinfo      (2):   0x9139 (EOS_CreateHandle)
0.153956 print_debug_deviceinfo      (2):   0x913a (EOS_SendPartialObjectEx)
0.153961 print_debug_deviceinfo      (2):   0x913b (EOS_EndSendPartialObjectEx)
0.153966 print_debug_deviceinfo      (2):   0x91d8 (Unknown PTP_OC)
0.153979 print_debug_deviceinfo      (2):   0x91d9 (Unknown PTP_OC)
0.153985 print_debug_deviceinfo      (2):   0x91da (Unknown PTP_OC)
0.153990 print_debug_deviceinfo      (2):   0x91db (Unknown PTP_OC)
0.153996 print_debug_deviceinfo      (2):   0x91dc (Unknown PTP_OC)
0.154001 print_debug_deviceinfo      (2):   0x91dd (Unknown PTP_OC)
0.154006 print_debug_deviceinfo      (2):   0x91de (Unknown PTP_OC)
0.154011 print_debug_deviceinfo      (2):   0x91d5 (Unknown PTP_OC)
0.154017 print_debug_deviceinfo      (2):   0x91b2 (Unknown PTP_OC)
0.154022 print_debug_deviceinfo      (2):   0x9186 (EOS_GetWFTData)
0.154027 print_debug_deviceinfo      (2):   0x9187 (EOS_SetWFTData)
0.154032 print_debug_deviceinfo      (2):   0x9188 (EOS_ChangeWFTSettingNumber)
0.154038 print_debug_deviceinfo      (2):   0x9180 (Unknown PTP_OC)
0.154043 print_debug_deviceinfo      (2):   0x9181 (Unknown PTP_OC)
0.154048 print_debug_deviceinfo      (2):   0x9182 (EOS_NotifyEstimateNumberofImport)
0.154053 print_debug_deviceinfo      (2):   0x9183 (EOS_NotifyNumberofImported)
0.154059 print_debug_deviceinfo      (2):   0x9184 (EOS_NotifySizeOfPartialDataTransfer)
0.154064 print_debug_deviceinfo      (2):   0x9185 (EOS_NotifyFinish)
0.154069 print_debug_deviceinfo      (2):   0x9189 (EOS_GetPictureStylePCFlavorParam)
0.154075 print_debug_deviceinfo      (2):   0x918a (EOS_SetPictureStylePCFlavorParam)
0.154080 print_debug_deviceinfo      (2):   0x9138 (EOS_ReadyToSendMusic)
0.154085 print_debug_deviceinfo      (2):   0x9118 (EOS_CancelTransfer)
0.154090 print_debug_deviceinfo      (2):   0x914d (EOS_DrivePowerZoom)
0.154095 print_debug_deviceinfo      (2):   0x914f (EOS_GetIptcData)
0.154101 print_debug_deviceinfo      (2):   0x9150 (EOS_SetIptcData)
0.154106 print_debug_deviceinfo      (2):   0x916f (EOS_GetReducedObject)
0.154111 print_debug_deviceinfo      (2):   0x916e (EOS_NotifyAutoTransferStatus)
0.154117 print_debug_deviceinfo      (2):   0x9177 (EOS_NotifySaveComplete)
0.154122 print_debug_deviceinfo      (2):   0x918f (Unknown PTP_OC)
0.154127 print_debug_deviceinfo      (2):   0x9190 (Unknown PTP_OC)
0.154132 print_debug_deviceinfo      (2):   0x9191 (Unknown PTP_OC)
0.154138 print_debug_deviceinfo      (2):   0x91ae (Unknown PTP_OC)
0.154143 print_debug_deviceinfo      (2):   0x91af (Unknown PTP_OC)
0.154148 print_debug_deviceinfo      (2):   0x91b9 (EOS_SetFELock)
0.154153 print_debug_deviceinfo      (2):   0x91ba (EOS_DeleteWFTSettingNumber)
0.154159 print_debug_deviceinfo      (2):   0x915e (EOS_RequestSensorCleaning)
0.154164 print_debug_deviceinfo      (2):   0x915f (Unknown PTP_OC)
0.154169 print_debug_deviceinfo      (2):   0x9161 (Unknown PTP_OC)
0.154175 print_debug_deviceinfo      (2):   0x9163 (Unknown PTP_OC)
0.154180 print_debug_deviceinfo      (2):   0x9162 (Unknown PTP_OC)
0.154185 print_debug_deviceinfo      (2):   0x9402 (Unknown PTP_OC)
0.154190 print_debug_deviceinfo      (2):   0x9403 (Unknown PTP_OC)
0.154196 print_debug_deviceinfo      (2):   0x9404 (Unknown PTP_OC)
0.154201 print_debug_deviceinfo      (2):   0x9405 (Unknown PTP_OC)
0.154206 print_debug_deviceinfo      (2):   0x918c (Unknown PTP_OC)
0.154211 print_debug_deviceinfo      (2):   0x9050 (Unknown PTP_OC)
0.154216 print_debug_deviceinfo      (2):   0x9051 (Unknown PTP_OC)
0.154222 print_debug_deviceinfo      (2):   0x905c (Unknown PTP_OC)
0.154227 print_debug_deviceinfo      (2):   0x905d (Unknown PTP_OC)
0.154232 print_debug_deviceinfo      (2):   0x9060 (Unknown PTP_OC)
0.154236 print_debug_deviceinfo      (2): Events Supported:
0.154241 print_debug_deviceinfo      (2):   0xc181 (Unknown Event)
0.154245 print_debug_deviceinfo      (2):   0x4003 (ObjectRemoved)
0.154249 print_debug_deviceinfo      (2):   0xc183 (Unknown Event)
0.154253 print_debug_deviceinfo      (2):   0xc184 (Unknown Event)
0.154258 print_debug_deviceinfo      (2):   0xc185 (Unknown Event)
0.154262 print_debug_deviceinfo      (2):   0xc186 (Unknown Event)
0.154266 print_debug_deviceinfo      (2):   0xc187 (Unknown Event)
0.154271 print_debug_deviceinfo      (2):   0xc188 (Unknown Event)
0.154282 print_debug_deviceinfo      (2):   0xc189 (Unknown Event)
0.154287 print_debug_deviceinfo      (2):   0xc18a (Unknown Event)
0.154291 print_debug_deviceinfo      (2):   0xc18b (Unknown Event)
0.154296 print_debug_deviceinfo      (2):   0xc18d (Unknown Event)
0.154300 print_debug_deviceinfo      (2):   0xc18e (Unknown Event)
0.154304 print_debug_deviceinfo      (2):   0xc18f (Unknown Event)
0.154308 print_debug_deviceinfo      (2):   0xc190 (Unknown Event)
0.154313 print_debug_deviceinfo      (2):   0xc191 (Unknown Event)
0.154317 print_debug_deviceinfo      (2):   0xc1a0 (Unknown Event)
0.154321 print_debug_deviceinfo      (2):   0xc1a1 (Unknown Event)
0.154325 print_debug_deviceinfo      (2):   0x4009 (RequestObjectTransfer)
0.154329 print_debug_deviceinfo      (2): Device Properties Supported:
0.154339 print_debug_deviceinfo      (2):   0xd402 (Friendly Device Name)
0.154346 print_debug_deviceinfo      (2):   0xd407 (Perceived Device Type)
0.154352 print_debug_deviceinfo      (2):   0xd406 (Session Initiator Info)
0.154358 print_debug_deviceinfo      (2):   0xd303 (Unknown DPC code)
0.154364 print_debug_deviceinfo      (2):   0x5001 (Battery Level)
0.154376 ptp_usb_sendreq             (2): Sending PTP_OC 0x9114 (EOS_SetRemoteMode) (0x1) request...
0.154381 gp_port_write               (3): Writing 16 = 0x10 bytes to port...
0.154479 gp_port_write               (3): Wrote   16 = 0x10 bytes to port: (hexdump of 16 bytes)
0000  10 00 00 00 01 00 14 91-02 00 00 00 01 00 00 00  ................

0.154488 ptp_usb_getresp             (2): Reading PTP_OC 0x9114 (EOS_SetRemoteMode) response...
0.154494 gp_port_read                (3): Reading 1024 = 0x400 bytes from port...
0.158569 gp_port_read                (3): Read    12 = 0xc out of 1024 bytes from port: (hexdump of 12 bytes)
0000  0c 00 00 00 03 00 01 20-02 00 00 00              ....... ....    

0.158586 ptp_usb_sendreq             (2): Sending PTP_OC 0x1004 (Get storage IDs) request...
0.158592 gp_port_write               (3): Writing 12 = 0xc bytes to port...
0.158693 gp_port_write               (3): Wrote   12 = 0xc bytes to port: (hexdump of 12 bytes)
0000  0c 00 00 00 01 00 04 10-03 00 00 00              ............    

0.158701 ptp_usb_getdata             (2): Reading PTP_OC 0x1004 (Get storage IDs) data...
0.158707 gp_port_read                (3): Reading 1024 = 0x400 bytes from port...
0.159913 gp_port_read                (3): Read    24 = 0x18 out of 1024 bytes from port: (hexdump of 24 bytes)
0000  18 00 00 00 02 00 04 10-03 00 00 00 02 00 00 00  ................
0010  00 00 01 00 01 00 02 00-                         ........        

0.159922 ptp_usb_getresp             (2): Reading PTP_OC 0x1004 (Get storage IDs) response...
0.159928 gp_port_read                (3): Reading 1024 = 0x400 bytes from port...
0.160144 gp_port_read                (3): Read    12 = 0xc out of 1024 bytes from port: (hexdump of 12 bytes)
0000  0c 00 00 00 03 00 01 20-03 00 00 00              ....... ....    

0.160153 ptp                         (2): (storage=0xffffffff, handle=0xffffffff)
0.160161 ptp_usb_sendreq             (2): Sending PTP_OC 0x1004 (Get storage IDs) request...
0.160166 gp_port_write               (3): Writing 12 = 0xc bytes to port...
0.160436 gp_port_write               (3): Wrote   12 = 0xc bytes to port: (hexdump of 12 bytes)
0000  0c 00 00 00 01 00 04 10-04 00 00 00              ............    

0.160451 ptp_usb_getdata             (2): Reading PTP_OC 0x1004 (Get storage IDs) data...
0.160457 gp_port_read                (3): Reading 1024 = 0x400 bytes from port...
0.161059 gp_port_read                (3): Read    24 = 0x18 out of 1024 bytes from port: (hexdump of 24 bytes)
0000  18 00 00 00 02 00 04 10-04 00 00 00 02 00 00 00  ................
0010  00 00 01 00 01 00 02 00-                         ........        

0.161068 ptp_usb_getresp             (2): Reading PTP_OC 0x1004 (Get storage IDs) response...
0.161074 gp_port_read                (3): Reading 1024 = 0x400 bytes from port...
0.161276 gp_port_read                (3): Read    12 = 0xc out of 1024 bytes from port: (hexdump of 12 bytes)
0000  0c 00 00 00 03 00 01 20-04 00 00 00              ....... ....    

0.161295 ptp                         (2): reading directory, storage 0x00010000 skipped (invalid)
0.161302 ptp                         (2): reading handle 00020001 directory of 0xffffffff
0.161310 ptp_usb_sendreq             (2): Sending PTP_OC 0x9109 (EOS_GetObjectInfoEx) (0x20001,0xffffffff,0x100000) request...
0.161315 gp_port_write               (3): Writing 24 = 0x18 bytes to port...
0.161415 gp_port_write               (3): Wrote   24 = 0x18 bytes to port: (hexdump of 24 bytes)
0000  18 00 00 00 01 00 09 91-05 00 00 00 01 00 02 00  ................
0010  ff ff ff ff 00 00 10 00-                         ........        

0.161424 ptp_usb_getdata             (2): Reading PTP_OC 0x9109 (EOS_GetObjectInfoEx) data...
0.161429 gp_port_read                (3): Reading 1024 = 0x400 bytes from port...
0.161732 gp_port_read                (3): Read    12 = 0xc out of 1024 bytes from port: (hexdump of 12 bytes)
0000  0c 00 00 00 02 00 09 91-05 00 00 00              ............    

0.161741 ptp_usb_getresp             (2): Reading PTP_OC 0x9109 (EOS_GetObjectInfoEx) response...
0.161746 gp_port_read                (3): Reading 1024 = 0x400 bytes from port...
0.161788 gp_port_read                (3): Read    12 = 0xc out of 1024 bytes from port: (hexdump of 12 bytes)
0000  0c 00 00 00 03 00 02 20-05 00 00 00              ....... ....    

0.161800 ptp_usb_getresp [usb.c:512] (0): PTP_OC 0x9109 receiving resp failed: PTP General Error (0x2002)
0.161814 gp_context_error            (0): error 0x2002
0.161865 ptp                         (2): Listing ... 
0.161874 ptp_usb_sendreq             (2): Sending PTP_OC 0x1007 (Get object handles) (0xffffffff,0x0,0xffffffff) request...
0.161879 gp_port_write               (3): Writing 24 = 0x18 bytes to port...
0.161967 gp_port_write               (3): Wrote   24 = 0x18 bytes to port: (hexdump of 24 bytes)
0000  18 00 00 00 01 00 07 10-06 00 00 00 ff ff ff ff  ................
0010  00 00 00 00 ff ff ff ff-                         ........        

0.161976 ptp_usb_getdata             (2): Reading PTP_OC 0x1007 (Get object handles) data...
0.161981 gp_port_read                (3): Reading 1024 = 0x400 bytes from port...
0.162247 gp_port_read                (3): Read    12 = 0xc out of 1024 bytes from port: (hexdump of 12 bytes)
0000  0c 00 00 00 03 00 02 20-06 00 00 00              ....... ....    

0.162256 ptp_usb_getresp             (2): Reading PTP_OC 0x1007 (Get object handles) response...
0.162261 ptp_usb_getpacket           (2): Returning previously buffered response packet.
0.162268 ptp_usb_getresp [usb.c:512] (0): PTP_OC 0x1007 receiving resp failed: PTP General Error (0x2002)
0.162274 ptp                         (2): (storage=0x00020001, handle=0xffffffff)
0.162279 ptp                         (2): reading handle 00020001 directory of 0x00000000
0.162287 ptp_usb_sendreq             (2): Sending PTP_OC 0x9109 (EOS_GetObjectInfoEx) (0x20001,0xffffffff,0x100000) request...
0.162291 gp_port_write               (3): Writing 24 = 0x18 bytes to port...
0.162382 gp_port_write               (3): Wrote   24 = 0x18 bytes to port: (hexdump of 24 bytes)
0000  18 00 00 00 01 00 09 91-07 00 00 00 01 00 02 00  ................
0010  ff ff ff ff 00 00 10 00-                         ........        

0.162391 ptp_usb_getdata             (2): Reading PTP_OC 0x9109 (EOS_GetObjectInfoEx) data...
0.162396 gp_port_read                (3): Reading 1024 = 0x400 bytes from port...
0.162732 gp_port_read                (3): Read    12 = 0xc out of 1024 bytes from port: (hexdump of 12 bytes)
0000  0c 00 00 00 02 00 09 91-07 00 00 00              ............    

0.162740 ptp_usb_getresp             (2): Reading PTP_OC 0x9109 (EOS_GetObjectInfoEx) response...
0.162745 gp_port_read                (3): Reading 1024 = 0x400 bytes from port...
0.162787 gp_port_read                (3): Read    12 = 0xc out of 1024 bytes from port: (hexdump of 12 bytes)
0000  0c 00 00 00 03 00 02 20-07 00 00 00              ....... ....    

0.162804 ptp_usb_getresp [usb.c:512] (0): PTP_OC 0x9109 receiving resp failed: PTP General Error (0x2002)
0.162810 gp_context_error            (0): error 0x2002
0.162822 ptp                         (2): Listing ... 
0.162829 ptp_usb_sendreq             (2): Sending PTP_OC 0x1007 (Get object handles) (0x20001,0x0,0xffffffff) request...
0.162834 gp_port_write               (3): Writing 24 = 0x18 bytes to port...
0.162929 gp_port_write               (3): Wrote   24 = 0x18 bytes to port: (hexdump of 24 bytes)
0000  18 00 00 00 01 00 07 10-08 00 00 00 01 00 02 00  ................
0010  00 00 00 00 ff ff ff ff-                         ........        

0.162937 ptp_usb_getdata             (2): Reading PTP_OC 0x1007 (Get object handles) data...
0.162942 gp_port_read                (3): Reading 1024 = 0x400 bytes from port...
0.163212 gp_port_read                (3): Read    12 = 0xc out of 1024 bytes from port: (hexdump of 12 bytes)
0000  0c 00 00 00 03 00 02 20-08 00 00 00              ....... ....    

0.163220 ptp_usb_getresp             (2): Reading PTP_OC 0x1007 (Get object handles) response...
0.163225 ptp_usb_getpacket           (2): Returning previously buffered response packet.
0.163231 ptp_usb_getresp [usb.c:512] (0): PTP_OC 0x1007 receiving resp failed: PTP General Error (0x2002)
0.163277 ptp_usb_sendreq             (2): Sending PTP_OC 0x1005 (Get storage info) (0x20001) request...
0.163283 gp_port_write               (3): Writing 16 = 0x10 bytes to port...
0.163370 gp_port_write               (3): Wrote   16 = 0x10 bytes to port: (hexdump of 16 bytes)
0000  10 00 00 00 01 00 05 10-09 00 00 00 01 00 02 00  ................

0.163379 ptp_usb_getdata             (2): Reading PTP_OC 0x1005 (Get storage info) data...
0.163384 gp_port_read                (3): Reading 1024 = 0x400 bytes from port...
0.164027 gp_port_read                (3): Read    48 = 0x30 out of 1024 bytes from port: (hexdump of 48 bytes)
0000  30 00 00 00 02 00 05 10-09 00 00 00 04 00 03 00  0...............
0010  00 00 00 00 80 d8 01 00-00 00 00 c0 8b 91 01 00  ................
0020  00 00 ff ff ff ff 03 53-00 44 00 00 00 00 00 00  .......S.D......

0.164036 ptp_usb_getresp             (2): Reading PTP_OC 0x1005 (Get storage info) response...
0.164041 gp_port_read                (3): Reading 1024 = 0x400 bytes from port...
0.164253 gp_port_read                (3): Read    12 = 0xc out of 1024 bytes from port: (hexdump of 12 bytes)
0000  0c 00 00 00 03 00 01 20-09 00 00 00              ....... ....    

0.164286 ptp_usb_sendreq             (2): Sending PTP_OC 0x1001 (Get device info) request...
0.164297 gp_port_write               (3): Writing 12 = 0xc bytes to port...
0.164384 gp_port_write               (3): Wrote   12 = 0xc bytes to port: (hexdump of 12 bytes)
0000  0c 00 00 00 01 00 01 10-0a 00 00 00              ............    

0.164393 ptp_usb_getdata             (2): Reading PTP_OC 0x1001 (Get device info) data...
0.164398 gp_port_read                (3): Reading 1024 = 0x400 bytes from port...
0.165502 gp_port_read                (3): Read    579 = 0x243 out of 1024 bytes from port: (hexdump of 579 bytes)
0000  43 02 00 00 02 00 01 10-0a 00 00 00 64 00 06 00  C...........d...
0010  00 00 64 00 00 00 00 9e-00 00 00 02 10 03 10 01  ..d.............
0020  10 04 10 01 91 05 10 02-91 06 10 07 10 08 10 03  ................
0030  91 70 91 09 10 04 91 71-91 0a 10 0f 10 06 91 14  .p.....q........
0040  10 16 10 1b 10 0c 10 0d-10 07 91 72 91 2c 91 74  ...........r.,.t
0050  91 14 91 15 91 16 91 17-91 09 91 7a 91 0a 91 32  ...........z...2
0060  91 33 90 6a 90 6b 90 1a-91 1d 91 1e 91 1f 91 31  .3.j.k.........1
0070  91 33 91 34 91 35 91 3c-91 3e 91 3f 91 40 91 54  .3.4.5.<.>.?.@.T
0080  91 55 91 57 91 58 91 59-91 5a 91 5b 91 60 91 6d  .U.W.X.Y.Z.[.`.m
0090  90 87 90 89 90 7b 91 7c-91 7d 91 08 91 10 91 30  .....{.|.}.....0
00a0  91 3d 91 5c 91 5d 91 1b-91 1c 91 53 91 28 91 29  .=.\.].....S.(.)
00b0  91 2f 90 0c 91 f0 91 27-91 f1 91 e1 91 e3 91 e7  ./.....'........
00c0  91 e8 91 e9 91 ec 91 44-91 45 91 d3 91 d4 91 36  .......D.E.....6
00d0  91 37 91 46 91 66 91 6b-91 6c 91 48 91 49 91 4a  .7.F.f.k.l.H.I.J
00e0  91 0f 91 4b 91 41 91 43-91 0b 10 05 91 39 91 3a  ...K.A.C.....9.:
00f0  91 3b 91 d8 91 d9 91 da-91 db 91 dc 91 dd 91 de  .;..............
0100  91 d5 91 b2 91 86 91 87-91 88 91 80 91 81 91 82  ................
0110  91 83 91 84 91 85 91 89-91 8a 91 38 91 18 91 4d  ...........8...M
0120  91 4f 91 50 91 6f 91 6e-91 77 91 8f 91 90 91 91  .O.P.o.n.w......
0130  91 ae 91 af 91 b9 91 ba-91 5e 91 5f 91 61 91 63  .........^._.a.c
0140  91 62 91 02 94 03 94 04-94 05 94 8c 91 50 90 51  .b...........P.Q
0150  90 5c 90 5d 90 60 90 13-00 00 00 81 c1 03 40 83  .\.].`........@.
0160  c1 84 c1 85 c1 86 c1 87-c1 88 c1 89 c1 8a c1 8b  ................
0170  c1 8d c1 8e c1 8f c1 90-c1 91 c1 a0 c1 a1 c1 09  ................
0180  40 05 00 00 00 02 d4 07-d4 06 d4 03 d3 01 50 05  @.............P.
0190  00 00 00 01 38 08 b1 0b-b1 82 b9 09 b1 0e 00 00  ....8...........
01a0  00 01 30 02 30 06 30 0a-30 08 30 01 38 03 b1 02  ..0.0.0.0.0.8...
01b0  bf 00 38 05 b1 82 b9 0a-b1 0b b1 09 b1 0a 43 00  ..8...........C.
01c0  61 00 6e 00 6f 00 6e 00-2e 00 49 00 6e 00 63 00  a.n.o.n...I.n.c.
01d0  00 00 0f 43 00 61 00 6e-00 6f 00 6e 00 20 00 45  ...C.a.n.o.n. .E
01e0  00 4f 00 53 00 20 00 52-00 35 00 6d 00 32 00 00  .O.S. .R.5.m.2..
01f0  00 08 33 00 2d 00 31 00-2e 00 30 00 2e 00 31 00  ..3.-.1...0...1.
0200  00 00 20 36 00 31 00 64-00 32 00 62 00 39 00 65  .. 6.1.d.2.b.9.e
0210  00 66 00 63 00 62 00 34-00 33 00 61 00 32 00 61  .f.c.b.4.3.a.2.a
0220  00 36 00 39 00 38 00 65-00 34 00 34 00 35 00 39  .6.9.8.e.4.4.5.9
0230  00 39 00 34 00 31 00 37-00 61 00 36 00 39 00 33  .9.4.1.7.a.6.9.3
0240  00 00 00               -                         ...             

0.165524 ptp_usb_getresp             (2): Reading PTP_OC 0x1001 (Get device info) response...
0.165530 gp_port_read                (3): Reading 1024 = 0x400 bytes from port...
0.165816 gp_port_read                (3): Read    12 = 0xc out of 1024 bytes from port: (hexdump of 12 bytes)
0000  0c 00 00 00 03 00 01 20-0a 00 00 00              ....... ....    

0.165846 ptp                         (2): Canon EOS property d402 not found
0.165854 ptp_usb_sendreq             (2): Sending PTP_OC 0x1014 (Get device property description) (0xd402) request...
0.165859 gp_port_write               (3): Writing 16 = 0x10 bytes to port...
0.165944 gp_port_write               (3): Wrote   16 = 0x10 bytes to port: (hexdump of 16 bytes)
0000  10 00 00 00 01 00 14 10-0b 00 00 00 02 d4 00 00  ................

0.165952 ptp_usb_getdata             (2): Reading PTP_OC 0x1014 (Get device property description) data...
0.165957 gp_port_read                (3): Reading 1024 = 0x400 bytes from port...
0.166309 gp_port_read                (3): Read    80 = 0x50 out of 1024 bytes from port: (hexdump of 80 bytes)
0000  50 00 00 00 02 00 14 10-0b 00 00 00 02 d4 ff ff  P...............
0010  00 0f 43 00 61 00 6e 00-6f 00 6e 00 20 00 45 00  ..C.a.n.o.n. .E.
0020  4f 00 53 00 20 00 52 00-35 00 6d 00 32 00 00 00  O.S. .R.5.m.2...
0030  0f 43 00 61 00 6e 00 6f-00 6e 00 20 00 45 00 4f  .C.a.n.o.n. .E.O
0040  00 53 00 20 00 52 00 35-00 6d 00 32 00 00 00 00  .S. .R.5.m.2....

0.166318 ptp_usb_getresp             (2): Reading PTP_OC 0x1014 (Get device property description) response...
0.166324 gp_port_read                (3): Reading 1024 = 0x400 bytes from port...
0.166523 gp_port_read                (3): Read    12 = 0xc out of 1024 bytes from port: (hexdump of 12 bytes)
0000  0c 00 00 00 03 00 01 20-0b 00 00 00              ....... ....    

0.166556 ptp                         (2): Canon EOS property d407 not found
0.166563 ptp_usb_sendreq             (2): Sending PTP_OC 0x1014 (Get device property description) (0xd407) request...
0.166569 gp_port_write               (3): Writing 16 = 0x10 bytes to port...
0.166655 gp_port_write               (3): Wrote   16 = 0x10 bytes to port: (hexdump of 16 bytes)
0000  10 00 00 00 01 00 14 10-0c 00 00 00 07 d4 00 00  ................

0.166663 ptp_usb_getdata             (2): Reading PTP_OC 0x1014 (Get device property description) data...
0.166676 gp_port_read                (3): Reading 1024 = 0x400 bytes from port...
0.166963 gp_port_read                (3): Read    26 = 0x1a out of 1024 bytes from port: (hexdump of 26 bytes)
0000  1a 00 00 00 02 00 14 10-0c 00 00 00 07 d4 06 00  ................
0010  00 01 00 00 00 01 00 00-00 00                    ..........      

0.166972 ptp_usb_getresp             (2): Reading PTP_OC 0x1014 (Get device property description) response...
0.166977 gp_port_read                (3): Reading 1024 = 0x400 bytes from port...
0.167172 gp_port_read                (3): Read    12 = 0xc out of 1024 bytes from port: (hexdump of 12 bytes)
0000  0c 00 00 00 03 00 01 20-0c 00 00 00              ....... ....    

0.167190 ptp                         (2): Canon EOS property d406 not found
0.167197 ptp_usb_sendreq             (2): Sending PTP_OC 0x1014 (Get device property description) (0xd406) request...
0.167202 gp_port_write               (3): Writing 16 = 0x10 bytes to port...
0.167297 gp_port_write               (3): Wrote   16 = 0x10 bytes to port: (hexdump of 16 bytes)
0000  10 00 00 00 01 00 14 10-0d 00 00 00 06 d4 00 00  ................

0.167305 ptp_usb_getdata             (2): Reading PTP_OC 0x1014 (Get device property description) data...
0.167310 gp_port_read                (3): Reading 1024 = 0x400 bytes from port...
0.167611 gp_port_read                (3): Read    92 = 0x5c out of 1024 bytes from port: (hexdump of 92 bytes)
0000  5c 00 00 00 02 00 14 10-0d 00 00 00 06 d4 ff ff  \...............
0010  01 12 55 00 6e 00 6b 00-6e 00 6f 00 77 00 6e 00  ..U.n.k.n.o.w.n.
0020  20 00 49 00 6e 00 69 00-74 00 69 00 61 00 74 00   .I.n.i.t.i.a.t.
0030  6f 00 72 00 00 00 12 55-00 6e 00 6b 00 6e 00 6f  o.r....U.n.k.n.o
0040  00 77 00 6e 00 20 00 49-00 6e 00 69 00 74 00 69  .w.n. .I.n.i.t.i
0050  00 61 00 74 00 6f 00 72-00 00 00 00              .a.t.o.r....    

0.167620 ptp_usb_getresp             (2): Reading PTP_OC 0x1014 (Get device property description) response...
0.167625 gp_port_read                (3): Reading 1024 = 0x400 bytes from port...
0.167824 gp_port_read                (3): Read    12 = 0xc out of 1024 bytes from port: (hexdump of 12 bytes)
0000  0c 00 00 00 03 00 01 20-0d 00 00 00              ....... ....    

0.167843 ptp                         (2): Canon EOS property d303 not found
0.167851 ptp_usb_sendreq             (2): Sending PTP_OC 0x1014 (Get device property description) (0xd303) request...
0.167856 gp_port_write               (3): Writing 16 = 0x10 bytes to port...
0.167948 gp_port_write               (3): Wrote   16 = 0x10 bytes to port: (hexdump of 16 bytes)
0000  10 00 00 00 01 00 14 10-0e 00 00 00 03 d3 00 00  ................

0.167956 ptp_usb_getdata             (2): Reading PTP_OC 0x1014 (Get device property description) data...
0.167961 gp_port_read                (3): Reading 1024 = 0x400 bytes from port...
0.168251 gp_port_read                (3): Read    20 = 0x14 out of 1024 bytes from port: (hexdump of 20 bytes)
0000  14 00 00 00 02 00 14 10-0e 00 00 00 03 d3 02 00  ................
0010  00 01 01 00            -                         ....            

0.168260 ptp_usb_getresp             (2): Reading PTP_OC 0x1014 (Get device property description) response...
0.168265 gp_port_read                (3): Reading 1024 = 0x400 bytes from port...
0.168464 gp_port_read                (3): Read    12 = 0xc out of 1024 bytes from port: (hexdump of 12 bytes)
0000  0c 00 00 00 03 00 01 20-0e 00 00 00              ....... ....    

0.168488 ptp_usb_sendreq             (2): Sending PTP_OC 0x1014 (Get device property description) (0x5001) request...
0.168494 gp_port_write               (3): Writing 16 = 0x10 bytes to port...
0.168592 gp_port_write               (3): Wrote   16 = 0x10 bytes to port: (hexdump of 16 bytes)
0000  10 00 00 00 01 00 14 10-0f 00 00 00 01 50 00 00  .............P..

0.168600 ptp_usb_getdata             (2): Reading PTP_OC 0x1014 (Get device property description) data...
0.168605 gp_port_read                (3): Reading 1024 = 0x400 bytes from port...
0.170721 gp_port_read                (3): Read    32 = 0x20 out of 1024 bytes from port: (hexdump of 32 bytes)
0000  20 00 00 00 02 00 14 10-0f 00 00 00 01 50 02 00   ............P..
0010  00 5f 5f 02 05 00 64 00-4b 00 32 00 19 00 00 00  .__...d.K.2.....

0.170730 ptp_usb_getresp             (2): Reading PTP_OC 0x1014 (Get device property description) response...
0.170735 gp_port_read                (3): Reading 1024 = 0x400 bytes from port...
0.171591 gp_port_read                (3): Read    12 = 0xc out of 1024 bytes from port: (hexdump of 12 bytes)
0000  0c 00 00 00 03 00 01 20-0f 00 00 00              ....... ....    

0.172427 gp_camera_free              (2): Freeing camera...
0.172458 gp_camera_exit              (2): Exiting camera ('USB PTP Class Camera')...
0.172492 ptp_usb_sendreq             (2): Sending PTP_OC 0x9114 (EOS_SetRemoteMode) (0x1) request...
0.172498 gp_port_write               (3): Writing 16 = 0x10 bytes to port...
0.172624 gp_port_write               (3): Wrote   16 = 0x10 bytes to port: (hexdump of 16 bytes)
0000  10 00 00 00 01 00 14 91-10 00 00 00 01 00 00 00  ................

0.172634 ptp_usb_getresp             (2): Reading PTP_OC 0x9114 (EOS_SetRemoteMode) response...
0.172640 gp_port_read                (3): Reading 1024 = 0x400 bytes from port...
0.173141 gp_port_read                (3): Read    12 = 0xc out of 1024 bytes from port: (hexdump of 12 bytes)
0000  0c 00 00 00 03 00 01 20-10 00 00 00              ....... ....    

0.173151 ptp_usb_sendreq             (2): Sending PTP_OC 0x1003 (Close session) request...
0.173156 gp_port_write               (3): Writing 12 = 0xc bytes to port...
0.173264 gp_port_write               (3): Wrote   12 = 0xc bytes to port: (hexdump of 12 bytes)
0000  0c 00 00 00 01 00 03 10-11 00 00 00              ............    

0.173272 ptp_usb_getresp             (2): Reading PTP_OC 0x1003 (Close session) response...
0.173277 gp_port_read                (3): Reading 1024 = 0x400 bytes from port...
0.173714 gp_port_read                (3): Read    12 = 0xc out of 1024 bytes from port: (hexdump of 12 bytes)
0000  0c 00 00 00 03 00 01 20-11 00 00 00              ....... ....    

0.173734 gp_port_close               (2): Closing port...
0.174810 _close_async_interrupts     (2): canceling transfer 0:0x57e1c4 (status 0)
0.175082 _close_async_interrupts     (2): canceling transfer 1:0x57d474 (status 0)
0.175363 _close_async_interrupts     (2): canceling transfer 2:0x58c1e4 (status 0)
0.175735 _close_async_interrupts     (2): canceling transfer 3:0x58d484 (status 0)
0.176111 _close_async_interrupts     (2): canceling transfer 4:0x5941c4 (status 0)
0.176405 _close_async_interrupts     (2): canceling transfer 5:0x592e64 (status 0)
0.176735 _close_async_interrupts     (2): canceling transfer 6:0x58beac (status 0)
0.177111 _close_async_interrupts     (2): canceling transfer 7:0x58cebc (status 0)
0.177398 _close_async_interrupts     (2): canceling transfer 8:0x596f6c (status 0)
0.177735 _close_async_interrupts     (2): canceling transfer 9:0x5946a4 (status 0)
0.178117 _cb_irq                     (2): 0x57e1c4 with status 3
0.178125 _cb_irq                     (2): Transfer 0x57e1c4 should be in LIBUSB_TRANSFER_COMPLETED, but is 3!
0.178137 _cb_irq                     (2): 0x57d474 with status 3
0.178143 _cb_irq                     (2): Transfer 0x57d474 should be in LIBUSB_TRANSFER_COMPLETED, but is 3!
0.178151 _cb_irq                     (2): 0x58c1e4 with status 3
0.178156 _cb_irq                     (2): Transfer 0x58c1e4 should be in LIBUSB_TRANSFER_COMPLETED, but is 3!
0.178164 _cb_irq                     (2): 0x58d484 with status 3
0.178169 _cb_irq                     (2): Transfer 0x58d484 should be in LIBUSB_TRANSFER_COMPLETED, but is 3!
0.178176 _cb_irq                     (2): 0x5941c4 with status 3
0.178181 _cb_irq                     (2): Transfer 0x5941c4 should be in LIBUSB_TRANSFER_COMPLETED, but is 3!
0.178188 _cb_irq                     (2): 0x592e64 with status 3
0.178194 _cb_irq                     (2): Transfer 0x592e64 should be in LIBUSB_TRANSFER_COMPLETED, but is 3!
0.178220 _cb_irq                     (2): 0x58beac with status 3
0.178225 _cb_irq                     (2): Transfer 0x58beac should be in LIBUSB_TRANSFER_COMPLETED, but is 3!
0.178233 _cb_irq                     (2): 0x58cebc with status 3
0.178238 _cb_irq                     (2): Transfer 0x58cebc should be in LIBUSB_TRANSFER_COMPLETED, but is 3!
0.178245 _cb_irq                     (2): 0x596f6c with status 3
0.178250 _cb_irq                     (2): Transfer 0x596f6c should be in LIBUSB_TRANSFER_COMPLETED, but is 3!
0.178257 _cb_irq                     (2): 0x5946a4 with status 3
0.178262 _cb_irq                     (2): Transfer 0x5946a4 should be in LIBUSB_TRANSFER_COMPLETED, but is 3!
0.178622 gp_filesystem_reset         (2): resetting filesystem
0.178630 gp_filesystem_lru_clear     (2): Clearing fscache LRU list...
0.178635 gp_filesystem_lru_clear     (2): fscache LRU list already empty
0.178641 delete_all_folders          (2): Internally deleting all folders from '/'...
0.178646 lookup_folder               (2): Lookup folder '/'...
0.178651 lookup_folder               (2): Found! / is 0x576500
0.178656 recurse_delete_folder       (2): Recurse delete folder 0x576500//
0.178661 delete_all_files            (2): Delete all files in folder 0x576500//
0.178666 gp_port_free                (2): Freeing port...
0.178670 gp_port_close               (2): Closing port...
0.178902 gp_filesystem_reset         (2): resetting filesystem
0.178911 gp_filesystem_lru_clear     (2): Clearing fscache LRU list...
0.178916 gp_filesystem_lru_clear     (2): fscache LRU list already empty
0.178920 delete_all_folders          (2): Internally deleting all folders from '/'...
0.178925 lookup_folder               (2): Lookup folder '/'...
0.178929 lookup_folder               (2): Found! / is 0x576500
0.178934 recurse_delete_folder       (2): Recurse delete folder 0x576500//
0.178939 delete_all_files            (2): Delete all files in folder 0x576500//
