0.000029 main                        (2): ALWAYS INCLUDE THE FOLLOWING LINES WHEN SENDING DEBUG MESSAGES TO THE MAILING LIST:
0.000111 main                        (2): gphoto2 2.5.28.1
0.000118 main                        (2): gphoto2 has been compiled with the following options:
0.000124 main                        (2):  + gcc (C compiler used)
0.000128 main                        (2):  + popt (mandatory, for handling command-line parameters)
0.000133 main                        (2):  + exif (for displaying EXIF information)
0.000137 main                        (2):  + cdk (for accessing configuration options)
0.000141 main                        (2):  + aa (for displaying live previews)
0.000145 main                        (2):  + jpeg (for displaying live previews in JPEG format)
0.000149 main                        (2):  + readline (for easy navigation in the shell)
0.000155 main                        (2): libgphoto2 2.5.31.1
0.000160 main                        (2): libgphoto2 has been compiled with the following options:
0.000167 main                        (2):  + standard camlib set (ax203 canon digigr8 dimagev directory docupen jl2005a jl2005c kodak_dc240 lumix mars pentax ptp2 quicktake1x0 ricoh_g3 sierra sonix sq905 st2205 topfield tp6801)
0.000171 main                        (2):  + gcc (C compiler used)
0.000175 main                        (2):  + no ltdl (for portable loading of camlibs)
0.000217 main                        (2):  + EXIF (for special handling of EXIF files)
0.000230 main                        (2): libgphoto2_port 0.12.2
0.000236 main                        (2): libgphoto2_port has been compiled with the following options:
0.000241 main                        (2):  + iolibs: disk ptpip serial usb1 usbdiskdirect usbscsi
0.000245 main                        (2):  + gcc (C compiler used)
0.000249 main                        (2):  + no ltdl (for portable loading of iolibs)
0.000253 main                        (2):  + EXIF (for vusb)
0.000257 main                        (2):  + USB (libusb1, for USB cameras)
0.000261 main                        (2):  + serial (for serial cameras)
0.000265 main                        (2):  + no resmgr (serial port access and locking)
0.000269 main                        (2):  + no ttylock (serial port locking)
0.000273 main                        (2):  + no lockdev (serial port locking)
0.000278 main                        (2): CAMLIBS env var not set, using compile-time default instead
0.000282 main                        (2): IOLIBS env var not set, using compile-time default instead
0.000286 main                        (2): invoked with following arguments:
0.000290 main                        (2):   --debug-logfile=reset.log
0.000294 main                        (2):   --debug
0.000298 main                        (2):   --reset
0.000331 load_settings               (2): Creating gphoto config directory ('/root/.gphoto')
0.000405 load_settings               (2): Loading settings from file '/root/.gphoto/settings'.
0.000615 main                        (2): The user has not specified both a model and a port. Try to figure them out.
0.000628 gp_port_init_localedir      (2): localedir has been set to /usr/local/share/locale (compile-time default)
0.000637 gp_port_info_list_load      (2): Using ltdl to load io-drivers from '/usr/local/lib/libgphoto2_port/0.12.2'...
0.000778 foreach_func                (2): Called for filename '/usr/local/lib/libgphoto2_port/0.12.2/disk'.
0.001049 gp_port_library_list        (2): found fstab fstype proc
0.001063 gp_port_library_list        (2): found fstab fstype vfat
0.001075 gp_port_library_list        (2): found fstab fstype ext4
0.001094 gp_port_library_list        (2): found fstab fstype tmpfs
0.001227 gp_port_library_list        (2): found mtab fstype sysfs
0.001238 gp_port_library_list        (2): found mtab fstype proc
0.001246 gp_port_library_list        (2): found mtab fstype devtmpfs
0.001268 gp_port_library_list        (2): found mtab fstype devpts
0.001277 gp_port_library_list        (2): found mtab fstype tmpfs
0.001297 gp_port_library_list        (2): found mtab fstype ext4
0.001327 gp_port_library_list        (2): found mtab fstype securityfs
0.001336 gp_port_library_list        (2): found mtab fstype tmpfs
0.001356 gp_port_library_list        (2): found mtab fstype tmpfs
0.001377 gp_port_library_list        (2): found mtab fstype cgroup2
0.001386 gp_port_library_list        (2): found mtab fstype pstore
0.001414 gp_port_library_list        (2): found mtab fstype bpf
0.001438 gp_port_library_list        (2): found mtab fstype autofs
0.001447 gp_port_library_list        (2): found mtab fstype mqueue
0.001493 gp_port_library_list        (2): found mtab fstype debugfs
0.001520 gp_port_library_list        (2): found mtab fstype tracefs
0.001541 gp_port_library_list        (2): found mtab fstype fusectl
0.001549 gp_port_library_list        (2): found mtab fstype configfs
0.001575 gp_port_library_list        (2): found mtab fstype ramfs
0.001598 gp_port_library_list        (2): found mtab fstype ramfs
0.001620 gp_port_library_list        (2): found mtab fstype ramfs
0.001641 gp_port_library_list        (2): found mtab fstype tmpfs
0.001660 gp_port_library_list        (2): found mtab fstype vfat
0.001670 gp_port_library_list        (2): found mtab fstype ramfs
0.001691 gp_port_library_list        (2): found mtab fstype binfmt_misc
0.001724 gp_port_library_list        (2): found mtab fstype tmpfs
0.001805 foreach_func                (2): Loaded '' ('^disk:') from '/usr/local/lib/libgphoto2_port/0.12.2/disk'.
0.001814 foreach_func                (2): Called for filename '/usr/local/lib/libgphoto2_port/0.12.2/ptpip'.
0.001991 foreach_func                (2): Loaded 'PTP/IP Connection' ('ptpip:') from '/usr/local/lib/libgphoto2_port/0.12.2/ptpip'.
0.002000 foreach_func                (2): Loaded '' ('^ptpip:') from '/usr/local/lib/libgphoto2_port/0.12.2/ptpip'.
0.002006 foreach_func                (2): Loaded 'IP Connection' ('ip:') from '/usr/local/lib/libgphoto2_port/0.12.2/ptpip'.
0.002011 foreach_func                (2): Loaded '' ('^ip:') from '/usr/local/lib/libgphoto2_port/0.12.2/ptpip'.
0.002017 foreach_func                (2): Called for filename '/usr/local/lib/libgphoto2_port/0.12.2/serial'.
0.002316 foreach_func                (2): Loaded 'Serial Port 0' ('serial:/dev/ttyS0') from '/usr/local/lib/libgphoto2_port/0.12.2/serial'.
0.002325 foreach_func                (2): Loaded 'Serial Port Device' ('serial:') from '/usr/local/lib/libgphoto2_port/0.12.2/serial'.
0.002330 foreach_func                (2): Loaded '' ('^serial:') from '/usr/local/lib/libgphoto2_port/0.12.2/serial'.
0.002335 foreach_func                (2): Called for filename '/usr/local/lib/libgphoto2_port/0.12.2/usb1'.
0.010570 foreach_func                (2): Loaded '' ('^usb:') from '/usr/local/lib/libgphoto2_port/0.12.2/usb1'.
0.010613 foreach_func                (2): Loaded 'Universal Serial Bus' ('usb:001,004') from '/usr/local/lib/libgphoto2_port/0.12.2/usb1'.
0.010621 foreach_func                (2): Called for filename '/usr/local/lib/libgphoto2_port/0.12.2/usbdiskdirect'.
0.010971 foreach_func                (2): Called for filename '/usr/local/lib/libgphoto2_port/0.12.2/usbscsi'.
0.011171 gp_port_info_list_count     (2): Counting entries (10 available)...
0.011179 gp_port_info_list_count     (2): 5 regular entries available.
0.011193 gp_port_init_localedir      (2): ignoring late call (localedir value NULL)
0.011205 gp_init_localedir           (2): localedir has been set to /usr/local/share/locale (compile-time default)
0.011223 unlocked_gp_abilities_list_load_dir(2): Using ltdl to load camera libraries from '/usr/local/lib/libgphoto2/2.5.31.1'...
0.011395 foreach_func                (2): Found '/usr/local/lib/libgphoto2/2.5.31.1/ax203'.
0.011408 foreach_func                (2): Found '/usr/local/lib/libgphoto2/2.5.31.1/canon'.
0.011414 foreach_func                (2): Found '/usr/local/lib/libgphoto2/2.5.31.1/digigr8'.
0.011419 foreach_func                (2): Found '/usr/local/lib/libgphoto2/2.5.31.1/dimagev'.
0.011424 foreach_func                (2): Found '/usr/local/lib/libgphoto2/2.5.31.1/directory'.
0.011447 foreach_func                (2): Found '/usr/local/lib/libgphoto2/2.5.31.1/docupen'.
0.011452 foreach_func                (2): Found '/usr/local/lib/libgphoto2/2.5.31.1/jl2005a'.
0.011456 foreach_func                (2): Found '/usr/local/lib/libgphoto2/2.5.31.1/jl2005c'.
0.011461 foreach_func                (2): Found '/usr/local/lib/libgphoto2/2.5.31.1/kodak_dc240'.
0.011466 foreach_func                (2): Found '/usr/local/lib/libgphoto2/2.5.31.1/lumix'.
0.011471 foreach_func                (2): Found '/usr/local/lib/libgphoto2/2.5.31.1/mars'.
0.011476 foreach_func                (2): Found '/usr/local/lib/libgphoto2/2.5.31.1/pentax'.
0.011480 foreach_func                (2): Found '/usr/local/lib/libgphoto2/2.5.31.1/ptp2'.
0.011485 foreach_func                (2): Found '/usr/local/lib/libgphoto2/2.5.31.1/quicktake1x0'.
0.011490 foreach_func                (2): Found '/usr/local/lib/libgphoto2/2.5.31.1/ricoh_g3'.
0.011494 foreach_func                (2): Found '/usr/local/lib/libgphoto2/2.5.31.1/sierra'.
0.011499 foreach_func                (2): Found '/usr/local/lib/libgphoto2/2.5.31.1/sonix'.
0.011504 foreach_func                (2): Found '/usr/local/lib/libgphoto2/2.5.31.1/sq905'.
0.011508 foreach_func                (2): Found '/usr/local/lib/libgphoto2/2.5.31.1/st2205'.
0.011513 foreach_func                (2): Found '/usr/local/lib/libgphoto2/2.5.31.1/topfield'.
0.011517 foreach_func                (2): Found '/usr/local/lib/libgphoto2/2.5.31.1/tp6801'.
0.011529 unlocked_gp_abilities_list_load_dir(2): Found 21 camera drivers.
0.121592 gp_port_info_list_count     (2): Counting entries (10 available)...
0.121662 gp_port_info_list_count     (2): 5 regular entries available.
0.121668 gp_port_new                 (2): Creating new device...
0.121687 gp_port_info_list_get_info  (2): Getting info of entry 0 (10 available)...
0.122091 gp_port_set_settings        (2): Setting settings...
0.122107 gp_port_info_list_get_info  (2): Getting info of entry 1 (10 available)...
0.122297 gp_port_set_settings        (2): Setting settings...
0.122305 gp_port_info_list_get_info  (2): Getting info of entry 2 (10 available)...
0.122484 gp_port_set_timeout         (2): Setting port timeout to 500 milliseconds.
0.122492 gp_port_set_settings        (2): Setting settings...
0.122499 gp_port_info_list_get_info  (2): Getting info of entry 3 (10 available)...
0.122653 gp_port_set_timeout         (2): Setting port timeout to 500 milliseconds.
0.122660 gp_port_set_settings        (2): Setting settings...
0.122666 gp_port_info_list_get_info  (2): Getting info of entry 4 (10 available)...
0.130532 gp_port_set_timeout         (2): Setting port timeout to 5000 milliseconds.
0.130574 gp_port_set_settings        (2): Setting settings...
0.130587 gp_libusb1_update           (2): (old int=0, conf=-1, alt=-1) port usb:001,004, (new int=0, conf=-1, alt=-1) port usb:001,004
0.130593 gp_libusb1_update           (2): lowlevel libusb1 port not yet opened, no need for libusb changes
0.130600 gp_abilities_list_detect_usb(2): Auto-detecting USB cameras...
0.133062 gp_libusb1_find_device_by_class_lib(2): Looking for USB device (class 0x29a, subclass, 0xffffffff, protocol 0xffffffff)...
0.134904 gp_libusb1_find_device_by_class_lib(2): Looking for USB device (class 0x6, subclass, 0x1, protocol 0x1)...
0.134932 gp_libusb1_find_device_by_class_lib(2): Found USB class device (class 0x6, subclass, 0x1, protocol 0x1)
0.134947 gp_libusb1_find_device_by_class_lib(2): inep to look for is 81
0.134956 gp_libusb1_find_device_by_class_lib(2): Detected defaults: config 1, interface 0, altsetting 0, idVendor ID 04a9, idProduct 3314, inep 81, outep 02, intep 83
0.134964 gp_abilities_list_detect_usb(2): Found 'USB PTP Class Camera' (0x6,0x1,0x1)
0.135021 gp_port_free                (2): Freeing port...
0.135028 gp_port_close               (2): Closing port...
0.135551 gp_camera_set_abilities     (2): Setting abilities ('USB PTP Class Camera')...
0.135578 gp_setting_set              (2): Setting key 'model' to value 'USB PTP Class Camera' (gphoto2)
0.135610 save_settings               (2): Saving 3 setting(s) to file "/root/.gphoto/settings"
0.135918 gp_port_info_list_lookup_path(2): Looking for path 'usb:001,004' (10 entries available)...
0.135933 gp_port_info_list_get_info  (2): Getting info of entry 4 (10 available)...
0.135944 gp_camera_set_port_info     (2): Setting port info for port 'Universal Serial Bus' at 'usb:001,004'...
0.143830 gp_port_set_timeout         (2): Setting port timeout to 5000 milliseconds.
0.143871 gp_port_set_settings        (2): Setting settings...
0.143883 gp_libusb1_update           (2): (old int=0, conf=-1, alt=-1) port usb:001,004, (new int=0, conf=-1, alt=-1) port usb:001,004
0.143889 gp_libusb1_update           (2): lowlevel libusb1 port not yet opened, no need for libusb changes
0.143899 gp_setting_set              (2): Setting key 'port' to value 'usb:001,004' (gphoto2)
0.143908 save_settings               (2): Saving 3 setting(s) to file "/root/.gphoto/settings"
0.144257 gp_camera_exit              (2): Exiting camera ('USB PTP Class Camera')...
0.144274 gp_port_close               (2): Closing port...
0.144283 gp_filesystem_reset         (2): resetting filesystem
0.144288 gp_filesystem_lru_clear     (2): Clearing fscache LRU list...
0.144292 gp_filesystem_lru_clear     (2): fscache LRU list already empty
0.144298 delete_all_folders          (2): Internally deleting all folders from '/'...
0.144303 lookup_folder               (2): Lookup folder '/'...
0.144309 lookup_folder               (2): Found! / is 0x1ea500
0.144314 recurse_delete_folder       (2): Recurse delete folder 0x1ea500//
0.144319 delete_all_files            (2): Delete all files in folder 0x1ea500//
0.144326 gp_port_new                 (2): Creating new device...
0.150860 gp_port_set_timeout         (2): Setting port timeout to 5000 milliseconds.
0.150888 gp_port_set_settings        (2): Setting settings...
0.150898 gp_libusb1_update           (2): (old int=0, conf=-1, alt=-1) port usb:001,004, (new int=0, conf=-1, alt=-1) port usb:001,004
0.150903 gp_libusb1_update           (2): lowlevel libusb1 port not yet opened, no need for libusb changes
0.150914 gp_port_open                (2): Opening USB port...
0.150919 gp_libusb1_open             (2): ()
0.150973 gp_libusb1_find_path_lib    (2): Found path usb:001,004
0.151056 gp_libusb1_find_path_lib    (2): Detected defaults: config 1, interface 0, altsetting 0, inep 81, outep 02, intep 83, class 06, subclass 01
0.151106 gp_libusb1_open             (2): claiming interface 0
0.151276 gp_port_reset               (2): Resetting port...
0.152375 _close_async_interrupts     (2): canceling transfer 0:0x208ebc (status 0)
0.152615 _close_async_interrupts     (2): canceling transfer 1:0x208f4c (status 0)
0.152820 _close_async_interrupts     (2): canceling transfer 2:0x1f2efc (status 0)
0.153088 _close_async_interrupts     (2): canceling transfer 3:0x1f2f8c (status 0)
0.153310 _close_async_interrupts     (2): canceling transfer 4:0x1f1ab4 (status 0)
0.153532 _close_async_interrupts     (2): canceling transfer 5:0x1f1b44 (status 0)
0.153760 _close_async_interrupts     (2): canceling transfer 6:0x1f0244 (status 0)
0.154088 _close_async_interrupts     (2): canceling transfer 7:0x1f02d4 (status 0)
0.154310 _close_async_interrupts     (2): canceling transfer 8:0x20544c (status 0)
0.154533 _close_async_interrupts     (2): canceling transfer 9:0x2054dc (status 0)
0.154763 _cb_irq                     (2): 0x208ebc with status 3
0.154770 _cb_irq                     (2): Transfer 0x208ebc should be in LIBUSB_TRANSFER_COMPLETED, but is 3!
0.154782 _cb_irq                     (2): 0x208f4c with status 3
0.154788 _cb_irq                     (2): Transfer 0x208f4c should be in LIBUSB_TRANSFER_COMPLETED, but is 3!
0.154796 _cb_irq                     (2): 0x1f2efc with status 3
0.154801 _cb_irq                     (2): Transfer 0x1f2efc should be in LIBUSB_TRANSFER_COMPLETED, but is 3!
0.154808 _cb_irq                     (2): 0x1f2f8c with status 3
0.154813 _cb_irq                     (2): Transfer 0x1f2f8c should be in LIBUSB_TRANSFER_COMPLETED, but is 3!
0.154842 _cb_irq                     (2): 0x1f1ab4 with status 3
0.154848 _cb_irq                     (2): Transfer 0x1f1ab4 should be in LIBUSB_TRANSFER_COMPLETED, but is 3!
0.154855 _cb_irq                     (2): 0x1f1b44 with status 3
0.154860 _cb_irq                     (2): Transfer 0x1f1b44 should be in LIBUSB_TRANSFER_COMPLETED, but is 3!
0.154867 _cb_irq                     (2): 0x1f0244 with status 3
0.154872 _cb_irq                     (2): Transfer 0x1f0244 should be in LIBUSB_TRANSFER_COMPLETED, but is 3!
0.154878 _cb_irq                     (2): 0x1f02d4 with status 3
0.154883 _cb_irq                     (2): Transfer 0x1f02d4 should be in LIBUSB_TRANSFER_COMPLETED, but is 3!
0.154890 _cb_irq                     (2): 0x20544c with status 3
0.154895 _cb_irq                     (2): Transfer 0x20544c should be in LIBUSB_TRANSFER_COMPLETED, but is 3!
0.154902 _cb_irq                     (2): 0x2054dc with status 3
0.154907 _cb_irq                     (2): Transfer 0x2054dc should be in LIBUSB_TRANSFER_COMPLETED, but is 3!
0.333699 gp_port_close               (2): Closing port...
0.334857 gp_port_free                (2): Freeing port...
0.334865 gp_port_close               (2): Closing port...
0.335568 gp_camera_free              (2): Freeing camera...
0.335580 gp_port_free                (2): Freeing port...
0.335585 gp_port_close               (2): Closing port...
0.335860 gp_filesystem_reset         (2): resetting filesystem
0.335871 gp_filesystem_lru_clear     (2): Clearing fscache LRU list...
0.335877 gp_filesystem_lru_clear     (2): fscache LRU list already empty
0.335882 delete_all_folders          (2): Internally deleting all folders from '/'...
0.335888 lookup_folder               (2): Lookup folder '/'...
0.335893 lookup_folder               (2): Found! / is 0x1ea500
0.335898 recurse_delete_folder       (2): Recurse delete folder 0x1ea500//
0.335903 delete_all_files            (2): Delete all files in folder 0x1ea500//
